{"C:\\Users\\educa\\Desktop\\andela\\backend-my-brand\\src\\controllers\\authentication.ts":{"path":"C:\\Users\\educa\\Desktop\\andela\\backend-my-brand\\src\\controllers\\authentication.ts","statementMap":{"0":{"start":{"line":11,"column":21},"end":{"line":66,"column":1}},"1":{"start":{"line":13,"column":4},"end":{"line":65,"column":5}},"2":{"start":{"line":14,"column":32},"end":{"line":14,"column":40}},"3":{"start":{"line":16,"column":8},"end":{"line":18,"column":9}},"4":{"start":{"line":17,"column":12},"end":{"line":17,"column":92}},"5":{"start":{"line":19,"column":23},"end":{"line":19,"column":64}},"6":{"start":{"line":20,"column":8},"end":{"line":20,"column":28}},"7":{"start":{"line":21,"column":8},"end":{"line":21,"column":34}},"8":{"start":{"line":23,"column":21},"end":{"line":23,"column":104}},"9":{"start":{"line":24,"column":8},"end":{"line":26,"column":9}},"10":{"start":{"line":25,"column":12},"end":{"line":25,"column":88}},"11":{"start":{"line":28,"column":29},"end":{"line":28,"column":79}},"12":{"start":{"line":29,"column":27},"end":{"line":29,"column":55}},"13":{"start":{"line":30,"column":31},"end":{"line":30,"column":92}},"14":{"start":{"line":32,"column":8},"end":{"line":36,"column":11}},"15":{"start":{"line":33,"column":12},"end":{"line":35,"column":15}},"16":{"start":{"line":38,"column":22},"end":{"line":42,"column":12}},"17":{"start":{"line":43,"column":10},"end":{"line":45,"column":11}},"18":{"start":{"line":44,"column":12},"end":{"line":44,"column":65}},"19":{"start":{"line":46,"column":10},"end":{"line":46,"column":44}},"20":{"start":{"line":52,"column":21},"end":{"line":52,"column":29}},"21":{"start":{"line":53,"column":8},"end":{"line":53,"column":84}},"22":{"start":{"line":55,"column":8},"end":{"line":55,"column":26}},"23":{"start":{"line":57,"column":25},"end":{"line":57,"column":52}},"24":{"start":{"line":59,"column":8},"end":{"line":59,"column":112}},"25":{"start":{"line":60,"column":8},"end":{"line":60,"column":180}},"26":{"start":{"line":63,"column":8},"end":{"line":63,"column":36}},"27":{"start":{"line":64,"column":8},"end":{"line":64,"column":97}},"28":{"start":{"line":68,"column":24},"end":{"line":105,"column":1}},"29":{"start":{"line":69,"column":4},"end":{"line":104,"column":5}},"30":{"start":{"line":70,"column":50},"end":{"line":70,"column":58}},"31":{"start":{"line":71,"column":8},"end":{"line":73,"column":9}},"32":{"start":{"line":72,"column":12},"end":{"line":72,"column":25}},"33":{"start":{"line":74,"column":23},"end":{"line":74,"column":92}},"34":{"start":{"line":75,"column":8},"end":{"line":75,"column":27}},"35":{"start":{"line":76,"column":8},"end":{"line":76,"column":28}},"36":{"start":{"line":77,"column":8},"end":{"line":77,"column":34}},"37":{"start":{"line":78,"column":8},"end":{"line":78,"column":26}},"38":{"start":{"line":79,"column":8},"end":{"line":79,"column":26}},"39":{"start":{"line":80,"column":8},"end":{"line":80,"column":28}},"40":{"start":{"line":81,"column":8},"end":{"line":81,"column":47}},"41":{"start":{"line":82,"column":8},"end":{"line":84,"column":9}},"42":{"start":{"line":83,"column":12},"end":{"line":83,"column":77}},"43":{"start":{"line":86,"column":29},"end":{"line":86,"column":56}},"44":{"start":{"line":88,"column":8},"end":{"line":90,"column":9}},"45":{"start":{"line":89,"column":12},"end":{"line":89,"column":73}},"46":{"start":{"line":92,"column":21},"end":{"line":92,"column":29}},"47":{"start":{"line":93,"column":21},"end":{"line":97,"column":10}},"48":{"start":{"line":99,"column":8},"end":{"line":99,"column":85}},"49":{"start":{"line":101,"column":8},"end":{"line":101,"column":48}},"50":{"start":{"line":101,"column":32},"end":{"line":101,"column":48}},"51":{"start":{"line":102,"column":8},"end":{"line":102,"column":91}},"52":{"start":{"line":108,"column":34},"end":{"line":133,"column":1}},"53":{"start":{"line":109,"column":4},"end":{"line":132,"column":5}},"54":{"start":{"line":110,"column":21},"end":{"line":110,"column":31}},"55":{"start":{"line":111,"column":43},"end":{"line":111,"column":51}},"56":{"start":{"line":112,"column":25},"end":{"line":112,"column":53}},"57":{"start":{"line":114,"column":8},"end":{"line":116,"column":9}},"58":{"start":{"line":115,"column":12},"end":{"line":115,"column":71}},"59":{"start":{"line":117,"column":21},"end":{"line":117,"column":98}},"60":{"start":{"line":118,"column":31},"end":{"line":118,"column":95}},"61":{"start":{"line":120,"column":8},"end":{"line":124,"column":11}},"62":{"start":{"line":121,"column":12},"end":{"line":123,"column":15}},"63":{"start":{"line":125,"column":31},"end":{"line":125,"column":62}},"64":{"start":{"line":126,"column":8},"end":{"line":126,"column":54}},"65":{"start":{"line":127,"column":8},"end":{"line":127,"column":26}},"66":{"start":{"line":128,"column":8},"end":{"line":128,"column":93}},"67":{"start":{"line":130,"column":8},"end":{"line":130,"column":26}},"68":{"start":{"line":131,"column":8},"end":{"line":131,"column":60}}},"fnMap":{"0":{"name":"(anonymous_0)","decl":{"start":{"line":11,"column":21},"end":{"line":11,"column":22}},"loc":{"start":{"line":11,"column":74},"end":{"line":66,"column":1}},"line":11},"1":{"name":"(anonymous_1)","decl":{"start":{"line":68,"column":24},"end":{"line":68,"column":25}},"loc":{"start":{"line":68,"column":78},"end":{"line":105,"column":1}},"line":68},"2":{"name":"(anonymous_2)","decl":{"start":{"line":108,"column":34},"end":{"line":108,"column":35}},"loc":{"start":{"line":108,"column":85},"end":{"line":133,"column":1}},"line":108}},"branchMap":{"0":{"loc":{"start":{"line":16,"column":8},"end":{"line":18,"column":9}},"type":"if","locations":[{"start":{"line":16,"column":8},"end":{"line":18,"column":9}},{"start":{"line":16,"column":8},"end":{"line":18,"column":9}}],"line":16},"1":{"loc":{"start":{"line":16,"column":11},"end":{"line":16,"column":30}},"type":"binary-expr","locations":[{"start":{"line":16,"column":11},"end":{"line":16,"column":17}},{"start":{"line":16,"column":21},"end":{"line":16,"column":30}}],"line":16},"2":{"loc":{"start":{"line":24,"column":8},"end":{"line":26,"column":9}},"type":"if","locations":[{"start":{"line":24,"column":8},"end":{"line":26,"column":9}},{"start":{"line":24,"column":8},"end":{"line":26,"column":9}}],"line":24},"3":{"loc":{"start":{"line":32,"column":8},"end":{"line":36,"column":11}},"type":"if","locations":[{"start":{"line":32,"column":8},"end":{"line":36,"column":11}},{"start":{"line":32,"column":8},"end":{"line":36,"column":11}}],"line":32},"4":{"loc":{"start":{"line":43,"column":10},"end":{"line":45,"column":11}},"type":"if","locations":[{"start":{"line":43,"column":10},"end":{"line":45,"column":11}},{"start":{"line":43,"column":10},"end":{"line":45,"column":11}}],"line":43},"5":{"loc":{"start":{"line":59,"column":74},"end":{"line":59,"column":98}},"type":"binary-expr","locations":[{"start":{"line":59,"column":74},"end":{"line":59,"column":85}},{"start":{"line":59,"column":88},"end":{"line":59,"column":98}}],"line":59},"6":{"loc":{"start":{"line":71,"column":8},"end":{"line":73,"column":9}},"type":"if","locations":[{"start":{"line":71,"column":8},"end":{"line":73,"column":9}},{"start":{"line":71,"column":8},"end":{"line":73,"column":9}}],"line":71},"7":{"loc":{"start":{"line":71,"column":11},"end":{"line":71,"column":64}},"type":"binary-expr","locations":[{"start":{"line":71,"column":11},"end":{"line":71,"column":21}},{"start":{"line":71,"column":25},"end":{"line":71,"column":45}},{"start":{"line":71,"column":49},"end":{"line":71,"column":64}}],"line":71},"8":{"loc":{"start":{"line":82,"column":8},"end":{"line":84,"column":9}},"type":"if","locations":[{"start":{"line":82,"column":8},"end":{"line":84,"column":9}},{"start":{"line":82,"column":8},"end":{"line":84,"column":9}}],"line":82},"9":{"loc":{"start":{"line":82,"column":11},"end":{"line":82,"column":71}},"type":"binary-expr","locations":[{"start":{"line":82,"column":11},"end":{"line":82,"column":17}},{"start":{"line":82,"column":21},"end":{"line":82,"column":30}},{"start":{"line":82,"column":34},"end":{"line":82,"column":39}},{"start":{"line":82,"column":43},"end":{"line":82,"column":48}},{"start":{"line":82,"column":52},"end":{"line":82,"column":58}},{"start":{"line":82,"column":62},"end":{"line":82,"column":71}}],"line":82},"10":{"loc":{"start":{"line":88,"column":8},"end":{"line":90,"column":9}},"type":"if","locations":[{"start":{"line":88,"column":8},"end":{"line":90,"column":9}},{"start":{"line":88,"column":8},"end":{"line":90,"column":9}}],"line":88},"11":{"loc":{"start":{"line":101,"column":8},"end":{"line":101,"column":48}},"type":"if","locations":[{"start":{"line":101,"column":8},"end":{"line":101,"column":48}},{"start":{"line":101,"column":8},"end":{"line":101,"column":48}}],"line":101},"12":{"loc":{"start":{"line":114,"column":8},"end":{"line":116,"column":9}},"type":"if","locations":[{"start":{"line":114,"column":8},"end":{"line":116,"column":9}},{"start":{"line":114,"column":8},"end":{"line":116,"column":9}}],"line":114},"13":{"loc":{"start":{"line":114,"column":11},"end":{"line":114,"column":39}},"type":"binary-expr","locations":[{"start":{"line":114,"column":11},"end":{"line":114,"column":23}},{"start":{"line":114,"column":27},"end":{"line":114,"column":39}}],"line":114},"14":{"loc":{"start":{"line":120,"column":8},"end":{"line":124,"column":11}},"type":"if","locations":[{"start":{"line":120,"column":8},"end":{"line":124,"column":11}},{"start":{"line":120,"column":8},"end":{"line":124,"column":11}}],"line":120}},"s":{"0":0,"1":0,"2":0,"3":0,"4":0,"5":0,"6":0,"7":0,"8":0,"9":0,"10":0,"11":0,"12":0,"13":0,"14":0,"15":0,"16":0,"17":0,"18":0,"19":0,"20":0,"21":0,"22":0,"23":0,"24":0,"25":0,"26":0,"27":0,"28":0,"29":0,"30":0,"31":0,"32":0,"33":0,"34":0,"35":0,"36":0,"37":0,"38":0,"39":0,"40":0,"41":0,"42":0,"43":0,"44":0,"45":0,"46":0,"47":0,"48":0,"49":0,"50":0,"51":0,"52":0,"53":0,"54":0,"55":0,"56":0,"57":0,"58":0,"59":0,"60":0,"61":0,"62":0,"63":0,"64":0,"65":0,"66":0,"67":0,"68":0},"f":{"0":0,"1":0,"2":0},"b":{"0":[0,0],"1":[0,0],"2":[0,0],"3":[0,0],"4":[0,0],"5":[0,0],"6":[0,0],"7":[0,0,0],"8":[0,0],"9":[0,0,0,0,0,0],"10":[0,0],"11":[0,0],"12":[0,0],"13":[0,0],"14":[0,0]},"all":true},"C:\\Users\\educa\\Desktop\\andela\\backend-my-brand\\src\\controllers\\blogs.ts":{"path":"C:\\Users\\educa\\Desktop\\andela\\backend-my-brand\\src\\controllers\\blogs.ts","statementMap":{"0":{"start":{"line":26,"column":26},"end":{"line":97,"column":1}},"1":{"start":{"line":27,"column":2},"end":{"line":96,"column":3}},"2":{"start":{"line":28,"column":17},"end":{"line":28,"column":25}},"3":{"start":{"line":29,"column":4},"end":{"line":29,"column":35}},"4":{"start":{"line":30,"column":59},"end":{"line":30,"column":67}},"5":{"start":{"line":31,"column":19},"end":{"line":31,"column":59}},"6":{"start":{"line":32,"column":4},"end":{"line":34,"column":5}},"7":{"start":{"line":33,"column":8},"end":{"line":33,"column":75}},"8":{"start":{"line":35,"column":4},"end":{"line":35,"column":34}},"9":{"start":{"line":36,"column":4},"end":{"line":36,"column":25}},"10":{"start":{"line":37,"column":4},"end":{"line":37,"column":28}},"11":{"start":{"line":38,"column":4},"end":{"line":38,"column":30}},"12":{"start":{"line":39,"column":4},"end":{"line":39,"column":30}},"13":{"start":{"line":40,"column":4},"end":{"line":40,"column":34}},"14":{"start":{"line":41,"column":25},"end":{"line":41,"column":52}},"15":{"start":{"line":43,"column":4},"end":{"line":45,"column":5}},"16":{"start":{"line":44,"column":8},"end":{"line":44,"column":86}},"17":{"start":{"line":47,"column":36},"end":{"line":47,"column":65}},"18":{"start":{"line":48,"column":4},"end":{"line":50,"column":5}},"19":{"start":{"line":49,"column":6},"end":{"line":49,"column":69}},"20":{"start":{"line":51,"column":37},"end":{"line":51,"column":39}},"21":{"start":{"line":53,"column":4},"end":{"line":86,"column":5}},"22":{"start":{"line":54,"column":36},"end":{"line":56,"column":19}},"23":{"start":{"line":58,"column":27},"end":{"line":84,"column":7}},"24":{"start":{"line":64,"column":10},"end":{"line":67,"column":11}},"25":{"start":{"line":65,"column":12},"end":{"line":65,"column":59}},"26":{"start":{"line":66,"column":12},"end":{"line":66,"column":40}},"27":{"start":{"line":68,"column":10},"end":{"line":71,"column":11}},"28":{"start":{"line":69,"column":12},"end":{"line":69,"column":74}},"29":{"start":{"line":70,"column":12},"end":{"line":70,"column":80}},"30":{"start":{"line":72,"column":10},"end":{"line":72,"column":49}},"31":{"start":{"line":74,"column":10},"end":{"line":82,"column":11}},"32":{"start":{"line":76,"column":12},"end":{"line":76,"column":48}},"33":{"start":{"line":77,"column":30},"end":{"line":79,"column":14}},"34":{"start":{"line":78,"column":16},"end":{"line":78,"column":92}},"35":{"start":{"line":85,"column":6},"end":{"line":85,"column":38}},"36":{"start":{"line":88,"column":4},"end":{"line":92,"column":5}},"37":{"start":{"line":89,"column":6},"end":{"line":89,"column":24}},"38":{"start":{"line":90,"column":6},"end":{"line":90,"column":32}},"39":{"start":{"line":91,"column":6},"end":{"line":91,"column":46}},"40":{"start":{"line":93,"column":4},"end":{"line":93,"column":80}},"41":{"start":{"line":95,"column":4},"end":{"line":95,"column":63}},"42":{"start":{"line":99,"column":29},"end":{"line":155,"column":5}},"43":{"start":{"line":101,"column":4},"end":{"line":154,"column":9}},"44":{"start":{"line":103,"column":27},"end":{"line":103,"column":35}},"45":{"start":{"line":104,"column":37},"end":{"line":104,"column":66}},"46":{"start":{"line":105,"column":20},"end":{"line":105,"column":33}},"47":{"start":{"line":107,"column":8},"end":{"line":109,"column":10}},"48":{"start":{"line":111,"column":8},"end":{"line":146,"column":9}},"49":{"start":{"line":112,"column":28},"end":{"line":134,"column":16}},"50":{"start":{"line":117,"column":16},"end":{"line":121,"column":17}},"51":{"start":{"line":118,"column":18},"end":{"line":118,"column":65}},"52":{"start":{"line":119,"column":18},"end":{"line":119,"column":38}},"53":{"start":{"line":122,"column":16},"end":{"line":125,"column":17}},"54":{"start":{"line":123,"column":18},"end":{"line":123,"column":80}},"55":{"start":{"line":124,"column":18},"end":{"line":124,"column":86}},"56":{"start":{"line":126,"column":16},"end":{"line":126,"column":52}},"57":{"start":{"line":128,"column":16},"end":{"line":133,"column":17}},"58":{"start":{"line":130,"column":18},"end":{"line":130,"column":59}},"59":{"start":{"line":131,"column":18},"end":{"line":131,"column":69}},"60":{"start":{"line":135,"column":14},"end":{"line":135,"column":42}},"61":{"start":{"line":137,"column":12},"end":{"line":140,"column":13}},"62":{"start":{"line":138,"column":16},"end":{"line":138,"column":46}},"63":{"start":{"line":139,"column":16},"end":{"line":139,"column":118}},"64":{"start":{"line":143,"column":12},"end":{"line":143,"column":28}},"65":{"start":{"line":144,"column":12},"end":{"line":144,"column":39}},"66":{"start":{"line":145,"column":12},"end":{"line":145,"column":102}},"67":{"start":{"line":150,"column":12},"end":{"line":150,"column":51}},"68":{"start":{"line":151,"column":12},"end":{"line":153,"column":16}},"69":{"start":{"line":157,"column":23},"end":{"line":194,"column":1}},"70":{"start":{"line":159,"column":4},"end":{"line":193,"column":5}},"71":{"start":{"line":160,"column":93},"end":{"line":160,"column":101}},"72":{"start":{"line":161,"column":24},"end":{"line":161,"column":52}},"73":{"start":{"line":163,"column":8},"end":{"line":165,"column":9}},"74":{"start":{"line":164,"column":12},"end":{"line":164,"column":39}},"75":{"start":{"line":167,"column":29},"end":{"line":167,"column":56}},"76":{"start":{"line":169,"column":8},"end":{"line":171,"column":9}},"77":{"start":{"line":170,"column":12},"end":{"line":170,"column":90}},"78":{"start":{"line":173,"column":8},"end":{"line":176,"column":14}},"79":{"start":{"line":174,"column":12},"end":{"line":174,"column":52}},"80":{"start":{"line":175,"column":12},"end":{"line":175,"column":66}},"81":{"start":{"line":187,"column":21},"end":{"line":187,"column":113}},"82":{"start":{"line":188,"column":8},"end":{"line":188,"column":66}},"83":{"start":{"line":191,"column":8},"end":{"line":191,"column":36}},"84":{"start":{"line":192,"column":8},"end":{"line":192,"column":67}},"85":{"start":{"line":197,"column":27},"end":{"line":207,"column":1}},"86":{"start":{"line":198,"column":4},"end":{"line":206,"column":5}},"87":{"start":{"line":200,"column":21},"end":{"line":200,"column":36}},"88":{"start":{"line":201,"column":8},"end":{"line":201,"column":42}},"89":{"start":{"line":204,"column":8},"end":{"line":204,"column":26}},"90":{"start":{"line":205,"column":8},"end":{"line":205,"column":72}},"91":{"start":{"line":209,"column":30},"end":{"line":222,"column":1}},"92":{"start":{"line":210,"column":4},"end":{"line":221,"column":5}},"93":{"start":{"line":211,"column":21},"end":{"line":211,"column":31}},"94":{"start":{"line":212,"column":20},"end":{"line":212,"column":41}},"95":{"start":{"line":213,"column":10},"end":{"line":215,"column":9}},"96":{"start":{"line":214,"column":12},"end":{"line":214,"column":69}},"97":{"start":{"line":216,"column":8},"end":{"line":216,"column":86}},"98":{"start":{"line":219,"column":8},"end":{"line":219,"column":26}},"99":{"start":{"line":220,"column":8},"end":{"line":220,"column":63}},"100":{"start":{"line":224,"column":26},"end":{"line":240,"column":1}},"101":{"start":{"line":225,"column":4},"end":{"line":239,"column":5}},"102":{"start":{"line":227,"column":21},"end":{"line":227,"column":31}},"103":{"start":{"line":228,"column":20},"end":{"line":228,"column":41}},"104":{"start":{"line":229,"column":8},"end":{"line":231,"column":9}},"105":{"start":{"line":230,"column":12},"end":{"line":230,"column":69}},"106":{"start":{"line":232,"column":28},"end":{"line":232,"column":52}},"107":{"start":{"line":234,"column":8},"end":{"line":234,"column":87}},"108":{"start":{"line":236,"column":8},"end":{"line":236,"column":26}},"109":{"start":{"line":237,"column":8},"end":{"line":237,"column":67}},"110":{"start":{"line":243,"column":26},"end":{"line":279,"column":1}},"111":{"start":{"line":245,"column":4},"end":{"line":278,"column":5}},"112":{"start":{"line":246,"column":21},"end":{"line":246,"column":31}},"113":{"start":{"line":247,"column":28},"end":{"line":247,"column":49}},"114":{"start":{"line":248,"column":8},"end":{"line":250,"column":9}},"115":{"start":{"line":249,"column":12},"end":{"line":249,"column":69}},"116":{"start":{"line":251,"column":71},"end":{"line":251,"column":79}},"117":{"start":{"line":253,"column":8},"end":{"line":255,"column":9}},"118":{"start":{"line":254,"column":12},"end":{"line":254,"column":61}},"119":{"start":{"line":257,"column":19},"end":{"line":257,"column":40}},"120":{"start":{"line":259,"column":8},"end":{"line":261,"column":9}},"121":{"start":{"line":260,"column":12},"end":{"line":260,"column":68}},"122":{"start":{"line":263,"column":8},"end":{"line":263,"column":29}},"123":{"start":{"line":264,"column":8},"end":{"line":264,"column":27}},"124":{"start":{"line":265,"column":8},"end":{"line":265,"column":33}},"125":{"start":{"line":266,"column":8},"end":{"line":266,"column":31}},"126":{"start":{"line":267,"column":8},"end":{"line":267,"column":37}},"127":{"start":{"line":268,"column":8},"end":{"line":268,"column":32}},"128":{"start":{"line":270,"column":28},"end":{"line":270,"column":45}},"129":{"start":{"line":273,"column":8},"end":{"line":273,"column":75}},"130":{"start":{"line":276,"column":8},"end":{"line":276,"column":26}},"131":{"start":{"line":277,"column":8},"end":{"line":277,"column":67}},"132":{"start":{"line":283,"column":24},"end":{"line":357,"column":1}},"133":{"start":{"line":284,"column":2},"end":{"line":356,"column":3}},"134":{"start":{"line":285,"column":17},"end":{"line":285,"column":25}},"135":{"start":{"line":286,"column":16},"end":{"line":286,"column":26}},"136":{"start":{"line":288,"column":59},"end":{"line":288,"column":67}},"137":{"start":{"line":289,"column":4},"end":{"line":291,"column":5}},"138":{"start":{"line":290,"column":8},"end":{"line":290,"column":75}},"139":{"start":{"line":293,"column":25},"end":{"line":293,"column":46}},"140":{"start":{"line":295,"column":4},"end":{"line":297,"column":5}},"141":{"start":{"line":296,"column":8},"end":{"line":296,"column":65}},"142":{"start":{"line":299,"column":4},"end":{"line":351,"column":5}},"143":{"start":{"line":300,"column":42},"end":{"line":300,"column":71}},"144":{"start":{"line":301,"column":4},"end":{"line":303,"column":5}},"145":{"start":{"line":302,"column":6},"end":{"line":302,"column":69}},"146":{"start":{"line":305,"column":37},"end":{"line":305,"column":39}},"147":{"start":{"line":307,"column":4},"end":{"line":350,"column":5}},"148":{"start":{"line":308,"column":36},"end":{"line":310,"column":19}},"149":{"start":{"line":312,"column":27},"end":{"line":348,"column":7}},"150":{"start":{"line":318,"column":10},"end":{"line":321,"column":11}},"151":{"start":{"line":319,"column":12},"end":{"line":319,"column":59}},"152":{"start":{"line":320,"column":12},"end":{"line":320,"column":40}},"153":{"start":{"line":322,"column":10},"end":{"line":325,"column":11}},"154":{"start":{"line":323,"column":12},"end":{"line":323,"column":74}},"155":{"start":{"line":324,"column":12},"end":{"line":324,"column":80}},"156":{"start":{"line":326,"column":10},"end":{"line":326,"column":49}},"157":{"start":{"line":328,"column":10},"end":{"line":346,"column":11}},"158":{"start":{"line":330,"column":12},"end":{"line":330,"column":56}},"159":{"start":{"line":332,"column":12},"end":{"line":337,"column":74}},"160":{"start":{"line":340,"column":32},"end":{"line":340,"column":51}},"161":{"start":{"line":345,"column":12},"end":{"line":345,"column":92}},"162":{"start":{"line":349,"column":6},"end":{"line":349,"column":38}},"163":{"start":{"line":354,"column":4},"end":{"line":354,"column":68}},"164":{"start":{"line":355,"column":4},"end":{"line":355,"column":16}}},"fnMap":{"0":{"name":"(anonymous_0)","decl":{"start":{"line":26,"column":26},"end":{"line":26,"column":27}},"loc":{"start":{"line":26,"column":85},"end":{"line":97,"column":1}},"line":26},"1":{"name":"(anonymous_1)","decl":{"start":{"line":63,"column":8},"end":{"line":63,"column":9}},"loc":{"start":{"line":63,"column":92},"end":{"line":83,"column":9}},"line":63},"2":{"name":"(anonymous_2)","decl":{"start":{"line":77,"column":121},"end":{"line":77,"column":122}},"loc":{"start":{"line":77,"column":131},"end":{"line":79,"column":13}},"line":77},"3":{"name":"(anonymous_3)","decl":{"start":{"line":99,"column":29},"end":{"line":99,"column":30}},"loc":{"start":{"line":99,"column":81},"end":{"line":155,"column":5}},"line":99},"4":{"name":"(anonymous_4)","decl":{"start":{"line":107,"column":109},"end":{"line":107,"column":110}},"loc":{"start":{"line":107,"column":113},"end":{"line":109,"column":9}},"line":107},"5":{"name":"(anonymous_5)","decl":{"start":{"line":116,"column":14},"end":{"line":116,"column":15}},"loc":{"start":{"line":116,"column":98},"end":{"line":134,"column":15}},"line":116},"6":{"name":"(anonymous_6)","decl":{"start":{"line":157,"column":23},"end":{"line":157,"column":24}},"loc":{"start":{"line":157,"column":75},"end":{"line":194,"column":1}},"line":157},"7":{"name":"(anonymous_7)","decl":{"start":{"line":173,"column":49},"end":{"line":173,"column":50}},"loc":{"start":{"line":173,"column":57},"end":{"line":176,"column":13}},"line":173},"8":{"name":"(anonymous_8)","decl":{"start":{"line":197,"column":27},"end":{"line":197,"column":28}},"loc":{"start":{"line":197,"column":78},"end":{"line":207,"column":1}},"line":197},"9":{"name":"(anonymous_9)","decl":{"start":{"line":209,"column":30},"end":{"line":209,"column":31}},"loc":{"start":{"line":209,"column":81},"end":{"line":222,"column":1}},"line":209},"10":{"name":"(anonymous_10)","decl":{"start":{"line":224,"column":26},"end":{"line":224,"column":27}},"loc":{"start":{"line":224,"column":77},"end":{"line":240,"column":1}},"line":224},"11":{"name":"(anonymous_11)","decl":{"start":{"line":243,"column":26},"end":{"line":243,"column":27}},"loc":{"start":{"line":243,"column":77},"end":{"line":279,"column":1}},"line":243},"12":{"name":"(anonymous_12)","decl":{"start":{"line":283,"column":24},"end":{"line":283,"column":25}},"loc":{"start":{"line":283,"column":83},"end":{"line":357,"column":1}},"line":283},"13":{"name":"(anonymous_13)","decl":{"start":{"line":317,"column":8},"end":{"line":317,"column":9}},"loc":{"start":{"line":317,"column":92},"end":{"line":347,"column":9}},"line":317}},"branchMap":{"0":{"loc":{"start":{"line":32,"column":4},"end":{"line":34,"column":5}},"type":"if","locations":[{"start":{"line":32,"column":4},"end":{"line":34,"column":5}},{"start":{"line":32,"column":4},"end":{"line":34,"column":5}}],"line":32},"1":{"loc":{"start":{"line":32,"column":7},"end":{"line":32,"column":63}},"type":"binary-expr","locations":[{"start":{"line":32,"column":7},"end":{"line":32,"column":13}},{"start":{"line":32,"column":17},"end":{"line":32,"column":25}},{"start":{"line":32,"column":29},"end":{"line":32,"column":38}},{"start":{"line":32,"column":42},"end":{"line":32,"column":51}},{"start":{"line":32,"column":55},"end":{"line":32,"column":63}}],"line":32},"2":{"loc":{"start":{"line":43,"column":4},"end":{"line":45,"column":5}},"type":"if","locations":[{"start":{"line":43,"column":4},"end":{"line":45,"column":5}},{"start":{"line":43,"column":4},"end":{"line":45,"column":5}}],"line":43},"3":{"loc":{"start":{"line":48,"column":4},"end":{"line":50,"column":5}},"type":"if","locations":[{"start":{"line":48,"column":4},"end":{"line":50,"column":5}},{"start":{"line":48,"column":4},"end":{"line":50,"column":5}}],"line":48},"4":{"loc":{"start":{"line":48,"column":8},"end":{"line":48,"column":50}},"type":"binary-expr","locations":[{"start":{"line":48,"column":8},"end":{"line":48,"column":14}},{"start":{"line":48,"column":18},"end":{"line":48,"column":35}},{"start":{"line":48,"column":39},"end":{"line":48,"column":50}}],"line":48},"5":{"loc":{"start":{"line":64,"column":10},"end":{"line":67,"column":11}},"type":"if","locations":[{"start":{"line":64,"column":10},"end":{"line":67,"column":11}},{"start":{"line":64,"column":10},"end":{"line":67,"column":11}}],"line":64},"6":{"loc":{"start":{"line":68,"column":10},"end":{"line":71,"column":11}},"type":"if","locations":[{"start":{"line":68,"column":10},"end":{"line":71,"column":11}},{"start":{"line":68,"column":10},"end":{"line":71,"column":11}}],"line":68},"7":{"loc":{"start":{"line":74,"column":10},"end":{"line":82,"column":11}},"type":"if","locations":[{"start":{"line":74,"column":10},"end":{"line":82,"column":11}},{"start":{"line":74,"column":10},"end":{"line":82,"column":11}}],"line":74},"8":{"loc":{"start":{"line":88,"column":4},"end":{"line":92,"column":5}},"type":"if","locations":[{"start":{"line":88,"column":4},"end":{"line":92,"column":5}},{"start":{"line":88,"column":4},"end":{"line":92,"column":5}}],"line":88},"9":{"loc":{"start":{"line":117,"column":16},"end":{"line":121,"column":17}},"type":"if","locations":[{"start":{"line":117,"column":16},"end":{"line":121,"column":17}},{"start":{"line":117,"column":16},"end":{"line":121,"column":17}}],"line":117},"10":{"loc":{"start":{"line":122,"column":16},"end":{"line":125,"column":17}},"type":"if","locations":[{"start":{"line":122,"column":16},"end":{"line":125,"column":17}},{"start":{"line":122,"column":16},"end":{"line":125,"column":17}}],"line":122},"11":{"loc":{"start":{"line":128,"column":16},"end":{"line":133,"column":17}},"type":"if","locations":[{"start":{"line":128,"column":16},"end":{"line":133,"column":17}},{"start":{"line":128,"column":16},"end":{"line":133,"column":17}}],"line":128},"12":{"loc":{"start":{"line":137,"column":12},"end":{"line":140,"column":13}},"type":"if","locations":[{"start":{"line":137,"column":12},"end":{"line":140,"column":13}},{"start":{"line":137,"column":12},"end":{"line":140,"column":13}}],"line":137},"13":{"loc":{"start":{"line":139,"column":74},"end":{"line":139,"column":100}},"type":"binary-expr","locations":[{"start":{"line":139,"column":74},"end":{"line":139,"column":88}},{"start":{"line":139,"column":92},"end":{"line":139,"column":100}}],"line":139},"14":{"loc":{"start":{"line":163,"column":8},"end":{"line":165,"column":9}},"type":"if","locations":[{"start":{"line":163,"column":8},"end":{"line":165,"column":9}},{"start":{"line":163,"column":8},"end":{"line":165,"column":9}}],"line":163},"15":{"loc":{"start":{"line":163,"column":11},"end":{"line":163,"column":78}},"type":"binary-expr","locations":[{"start":{"line":163,"column":11},"end":{"line":163,"column":18}},{"start":{"line":163,"column":22},"end":{"line":163,"column":28}},{"start":{"line":163,"column":32},"end":{"line":163,"column":40}},{"start":{"line":163,"column":44},"end":{"line":163,"column":53}},{"start":{"line":163,"column":57},"end":{"line":163,"column":66}},{"start":{"line":163,"column":70},"end":{"line":163,"column":78}}],"line":163},"16":{"loc":{"start":{"line":169,"column":8},"end":{"line":171,"column":9}},"type":"if","locations":[{"start":{"line":169,"column":8},"end":{"line":171,"column":9}},{"start":{"line":169,"column":8},"end":{"line":171,"column":9}}],"line":169},"17":{"loc":{"start":{"line":213,"column":10},"end":{"line":215,"column":9}},"type":"if","locations":[{"start":{"line":213,"column":10},"end":{"line":215,"column":9}},{"start":{"line":213,"column":10},"end":{"line":215,"column":9}}],"line":213},"18":{"loc":{"start":{"line":229,"column":8},"end":{"line":231,"column":9}},"type":"if","locations":[{"start":{"line":229,"column":8},"end":{"line":231,"column":9}},{"start":{"line":229,"column":8},"end":{"line":231,"column":9}}],"line":229},"19":{"loc":{"start":{"line":248,"column":8},"end":{"line":250,"column":9}},"type":"if","locations":[{"start":{"line":248,"column":8},"end":{"line":250,"column":9}},{"start":{"line":248,"column":8},"end":{"line":250,"column":9}}],"line":248},"20":{"loc":{"start":{"line":253,"column":8},"end":{"line":255,"column":9}},"type":"if","locations":[{"start":{"line":253,"column":8},"end":{"line":255,"column":9}},{"start":{"line":253,"column":8},"end":{"line":255,"column":9}}],"line":253},"21":{"loc":{"start":{"line":253,"column":11},"end":{"line":253,"column":78}},"type":"binary-expr","locations":[{"start":{"line":253,"column":11},"end":{"line":253,"column":18}},{"start":{"line":253,"column":22},"end":{"line":253,"column":28}},{"start":{"line":253,"column":32},"end":{"line":253,"column":40}},{"start":{"line":253,"column":44},"end":{"line":253,"column":53}},{"start":{"line":253,"column":57},"end":{"line":253,"column":66}},{"start":{"line":253,"column":70},"end":{"line":253,"column":78}}],"line":253},"22":{"loc":{"start":{"line":259,"column":8},"end":{"line":261,"column":9}},"type":"if","locations":[{"start":{"line":259,"column":8},"end":{"line":261,"column":9}},{"start":{"line":259,"column":8},"end":{"line":261,"column":9}}],"line":259},"23":{"loc":{"start":{"line":289,"column":4},"end":{"line":291,"column":5}},"type":"if","locations":[{"start":{"line":289,"column":4},"end":{"line":291,"column":5}},{"start":{"line":289,"column":4},"end":{"line":291,"column":5}}],"line":289},"24":{"loc":{"start":{"line":289,"column":7},"end":{"line":289,"column":63}},"type":"binary-expr","locations":[{"start":{"line":289,"column":7},"end":{"line":289,"column":13}},{"start":{"line":289,"column":17},"end":{"line":289,"column":25}},{"start":{"line":289,"column":29},"end":{"line":289,"column":38}},{"start":{"line":289,"column":42},"end":{"line":289,"column":51}},{"start":{"line":289,"column":55},"end":{"line":289,"column":63}}],"line":289},"25":{"loc":{"start":{"line":295,"column":4},"end":{"line":297,"column":5}},"type":"if","locations":[{"start":{"line":295,"column":4},"end":{"line":297,"column":5}},{"start":{"line":295,"column":4},"end":{"line":297,"column":5}}],"line":295},"26":{"loc":{"start":{"line":299,"column":4},"end":{"line":351,"column":5}},"type":"if","locations":[{"start":{"line":299,"column":4},"end":{"line":351,"column":5}},{"start":{"line":299,"column":4},"end":{"line":351,"column":5}}],"line":299},"27":{"loc":{"start":{"line":301,"column":4},"end":{"line":303,"column":5}},"type":"if","locations":[{"start":{"line":301,"column":4},"end":{"line":303,"column":5}},{"start":{"line":301,"column":4},"end":{"line":303,"column":5}}],"line":301},"28":{"loc":{"start":{"line":301,"column":8},"end":{"line":301,"column":50}},"type":"binary-expr","locations":[{"start":{"line":301,"column":8},"end":{"line":301,"column":14}},{"start":{"line":301,"column":18},"end":{"line":301,"column":35}},{"start":{"line":301,"column":39},"end":{"line":301,"column":50}}],"line":301},"29":{"loc":{"start":{"line":318,"column":10},"end":{"line":321,"column":11}},"type":"if","locations":[{"start":{"line":318,"column":10},"end":{"line":321,"column":11}},{"start":{"line":318,"column":10},"end":{"line":321,"column":11}}],"line":318},"30":{"loc":{"start":{"line":322,"column":10},"end":{"line":325,"column":11}},"type":"if","locations":[{"start":{"line":322,"column":10},"end":{"line":325,"column":11}},{"start":{"line":322,"column":10},"end":{"line":325,"column":11}}],"line":322},"31":{"loc":{"start":{"line":328,"column":10},"end":{"line":346,"column":11}},"type":"if","locations":[{"start":{"line":328,"column":10},"end":{"line":346,"column":11}},{"start":{"line":328,"column":10},"end":{"line":346,"column":11}}],"line":328},"32":{"loc":{"start":{"line":330,"column":30},"end":{"line":330,"column":55}},"type":"binary-expr","locations":[{"start":{"line":330,"column":30},"end":{"line":330,"column":47}},{"start":{"line":330,"column":51},"end":{"line":330,"column":55}}],"line":330},"33":{"loc":{"start":{"line":332,"column":33},"end":{"line":332,"column":73}},"type":"binary-expr","locations":[{"start":{"line":332,"column":33},"end":{"line":332,"column":50}},{"start":{"line":332,"column":54},"end":{"line":332,"column":73}}],"line":332},"34":{"loc":{"start":{"line":333,"column":34},"end":{"line":333,"column":61}},"type":"binary-expr","locations":[{"start":{"line":333,"column":34},"end":{"line":333,"column":39}},{"start":{"line":333,"column":43},"end":{"line":333,"column":61}}],"line":333},"35":{"loc":{"start":{"line":334,"column":35},"end":{"line":334,"column":68}},"type":"binary-expr","locations":[{"start":{"line":334,"column":35},"end":{"line":334,"column":43}},{"start":{"line":334,"column":47},"end":{"line":334,"column":68}}],"line":334},"36":{"loc":{"start":{"line":335,"column":37},"end":{"line":335,"column":70}},"type":"binary-expr","locations":[{"start":{"line":335,"column":37},"end":{"line":335,"column":45}},{"start":{"line":335,"column":49},"end":{"line":335,"column":70}}],"line":335},"37":{"loc":{"start":{"line":336,"column":35},"end":{"line":336,"column":66}},"type":"binary-expr","locations":[{"start":{"line":336,"column":35},"end":{"line":336,"column":42}},{"start":{"line":336,"column":46},"end":{"line":336,"column":66}}],"line":336},"38":{"loc":{"start":{"line":337,"column":37},"end":{"line":337,"column":74}},"type":"binary-expr","locations":[{"start":{"line":337,"column":37},"end":{"line":337,"column":47}},{"start":{"line":337,"column":51},"end":{"line":337,"column":74}}],"line":337}},"s":{"0":0,"1":0,"2":0,"3":0,"4":0,"5":0,"6":0,"7":0,"8":0,"9":0,"10":0,"11":0,"12":0,"13":0,"14":0,"15":0,"16":0,"17":0,"18":0,"19":0,"20":0,"21":0,"22":0,"23":0,"24":0,"25":0,"26":0,"27":0,"28":0,"29":0,"30":0,"31":0,"32":0,"33":0,"34":0,"35":0,"36":0,"37":0,"38":0,"39":0,"40":0,"41":0,"42":0,"43":0,"44":0,"45":0,"46":0,"47":0,"48":0,"49":0,"50":0,"51":0,"52":0,"53":0,"54":0,"55":0,"56":0,"57":0,"58":0,"59":0,"60":0,"61":0,"62":0,"63":0,"64":0,"65":0,"66":0,"67":0,"68":0,"69":0,"70":0,"71":0,"72":0,"73":0,"74":0,"75":0,"76":0,"77":0,"78":0,"79":0,"80":0,"81":0,"82":0,"83":0,"84":0,"85":0,"86":0,"87":0,"88":0,"89":0,"90":0,"91":0,"92":0,"93":0,"94":0,"95":0,"96":0,"97":0,"98":0,"99":0,"100":0,"101":0,"102":0,"103":0,"104":0,"105":0,"106":0,"107":0,"108":0,"109":0,"110":0,"111":0,"112":0,"113":0,"114":0,"115":0,"116":0,"117":0,"118":0,"119":0,"120":0,"121":0,"122":0,"123":0,"124":0,"125":0,"126":0,"127":0,"128":0,"129":0,"130":0,"131":0,"132":0,"133":0,"134":0,"135":0,"136":0,"137":0,"138":0,"139":0,"140":0,"141":0,"142":0,"143":0,"144":0,"145":0,"146":0,"147":0,"148":0,"149":0,"150":0,"151":0,"152":0,"153":0,"154":0,"155":0,"156":0,"157":0,"158":0,"159":0,"160":0,"161":0,"162":0,"163":0,"164":0},"f":{"0":0,"1":0,"2":0,"3":0,"4":0,"5":0,"6":0,"7":0,"8":0,"9":0,"10":0,"11":0,"12":0,"13":0},"b":{"0":[0,0],"1":[0,0,0,0,0],"2":[0,0],"3":[0,0],"4":[0,0,0],"5":[0,0],"6":[0,0],"7":[0,0],"8":[0,0],"9":[0,0],"10":[0,0],"11":[0,0],"12":[0,0],"13":[0,0],"14":[0,0],"15":[0,0,0,0,0,0],"16":[0,0],"17":[0,0],"18":[0,0],"19":[0,0],"20":[0,0],"21":[0,0,0,0,0,0],"22":[0,0],"23":[0,0],"24":[0,0,0,0,0],"25":[0,0],"26":[0,0],"27":[0,0],"28":[0,0,0],"29":[0,0],"30":[0,0],"31":[0,0],"32":[0,0],"33":[0,0],"34":[0,0],"35":[0,0],"36":[0,0],"37":[0,0],"38":[0,0]},"all":true},"C:\\Users\\educa\\Desktop\\andela\\backend-my-brand\\src\\controllers\\comments.ts":{"path":"C:\\Users\\educa\\Desktop\\andela\\backend-my-brand\\src\\controllers\\comments.ts","statementMap":{"0":{"start":{"line":6,"column":26},"end":{"line":38,"column":1}},"1":{"start":{"line":7,"column":4},"end":{"line":37,"column":5}},"2":{"start":{"line":8,"column":35},"end":{"line":8,"column":43}},"3":{"start":{"line":9,"column":25},"end":{"line":9,"column":53}},"4":{"start":{"line":10,"column":27},"end":{"line":10,"column":51}},"5":{"start":{"line":12,"column":8},"end":{"line":14,"column":9}},"6":{"start":{"line":13,"column":12},"end":{"line":13,"column":67}},"7":{"start":{"line":15,"column":8},"end":{"line":17,"column":9}},"8":{"start":{"line":16,"column":12},"end":{"line":16,"column":78}},"9":{"start":{"line":18,"column":8},"end":{"line":23,"column":9}},"10":{"start":{"line":19,"column":31},"end":{"line":19,"column":60}},"11":{"start":{"line":20,"column":12},"end":{"line":22,"column":13}},"12":{"start":{"line":21,"column":16},"end":{"line":21,"column":71}},"13":{"start":{"line":24,"column":8},"end":{"line":29,"column":9}},"14":{"start":{"line":25,"column":31},"end":{"line":25,"column":56}},"15":{"start":{"line":26,"column":12},"end":{"line":28,"column":13}},"16":{"start":{"line":27,"column":16},"end":{"line":27,"column":71}},"17":{"start":{"line":31,"column":27},"end":{"line":31,"column":84}},"18":{"start":{"line":33,"column":8},"end":{"line":33,"column":73}},"19":{"start":{"line":35,"column":8},"end":{"line":35,"column":36}},"20":{"start":{"line":36,"column":8},"end":{"line":36,"column":85}},"21":{"start":{"line":41,"column":30},"end":{"line":50,"column":1}},"22":{"start":{"line":42,"column":4},"end":{"line":49,"column":5}},"23":{"start":{"line":43,"column":24},"end":{"line":43,"column":42}},"24":{"start":{"line":44,"column":8},"end":{"line":44,"column":45}},"25":{"start":{"line":47,"column":8},"end":{"line":47,"column":26}},"26":{"start":{"line":48,"column":8},"end":{"line":48,"column":34}},"27":{"start":{"line":52,"column":35},"end":{"line":66,"column":1}},"28":{"start":{"line":53,"column":4},"end":{"line":65,"column":5}},"29":{"start":{"line":54,"column":21},"end":{"line":54,"column":31}},"30":{"start":{"line":55,"column":31},"end":{"line":55,"column":33}},"31":{"start":{"line":56,"column":24},"end":{"line":56,"column":52}},"32":{"start":{"line":57,"column":8},"end":{"line":59,"column":10}},"33":{"start":{"line":60,"column":8},"end":{"line":60,"column":131}},"34":{"start":{"line":63,"column":8},"end":{"line":63,"column":26}},"35":{"start":{"line":64,"column":8},"end":{"line":64,"column":63}},"36":{"start":{"line":68,"column":35},"end":{"line":78,"column":1}},"37":{"start":{"line":69,"column":4},"end":{"line":77,"column":5}},"38":{"start":{"line":70,"column":21},"end":{"line":70,"column":31}},"39":{"start":{"line":71,"column":23},"end":{"line":71,"column":51}},"40":{"start":{"line":72,"column":8},"end":{"line":72,"column":92}},"41":{"start":{"line":75,"column":8},"end":{"line":75,"column":26}},"42":{"start":{"line":76,"column":8},"end":{"line":76,"column":63}},"43":{"start":{"line":80,"column":33},"end":{"line":90,"column":1}},"44":{"start":{"line":81,"column":4},"end":{"line":89,"column":5}},"45":{"start":{"line":82,"column":21},"end":{"line":82,"column":31}},"46":{"start":{"line":83,"column":23},"end":{"line":83,"column":47}},"47":{"start":{"line":84,"column":8},"end":{"line":84,"column":92}},"48":{"start":{"line":87,"column":8},"end":{"line":87,"column":26}},"49":{"start":{"line":88,"column":8},"end":{"line":88,"column":63}},"50":{"start":{"line":92,"column":29},"end":{"line":103,"column":1}},"51":{"start":{"line":93,"column":4},"end":{"line":102,"column":5}},"52":{"start":{"line":95,"column":21},"end":{"line":95,"column":31}},"53":{"start":{"line":96,"column":31},"end":{"line":96,"column":58}},"54":{"start":{"line":98,"column":8},"end":{"line":98,"column":51}},"55":{"start":{"line":100,"column":8},"end":{"line":100,"column":26}},"56":{"start":{"line":101,"column":8},"end":{"line":101,"column":35}},"57":{"start":{"line":106,"column":29},"end":{"line":125,"column":1}},"58":{"start":{"line":107,"column":4},"end":{"line":124,"column":5}},"59":{"start":{"line":108,"column":21},"end":{"line":108,"column":31}},"60":{"start":{"line":109,"column":26},"end":{"line":109,"column":34}},"61":{"start":{"line":111,"column":8},"end":{"line":113,"column":9}},"62":{"start":{"line":112,"column":12},"end":{"line":112,"column":38}},"63":{"start":{"line":115,"column":24},"end":{"line":115,"column":48}},"64":{"start":{"line":117,"column":8},"end":{"line":117,"column":34}},"65":{"start":{"line":118,"column":8},"end":{"line":118,"column":29}},"66":{"start":{"line":120,"column":8},"end":{"line":120,"column":35}},"67":{"start":{"line":122,"column":8},"end":{"line":122,"column":26}},"68":{"start":{"line":123,"column":8},"end":{"line":123,"column":35}}},"fnMap":{"0":{"name":"(anonymous_0)","decl":{"start":{"line":6,"column":26},"end":{"line":6,"column":27}},"loc":{"start":{"line":6,"column":80},"end":{"line":38,"column":1}},"line":6},"1":{"name":"(anonymous_1)","decl":{"start":{"line":41,"column":30},"end":{"line":41,"column":31}},"loc":{"start":{"line":41,"column":81},"end":{"line":50,"column":1}},"line":41},"2":{"name":"(anonymous_2)","decl":{"start":{"line":52,"column":35},"end":{"line":52,"column":36}},"loc":{"start":{"line":52,"column":86},"end":{"line":66,"column":1}},"line":52},"3":{"name":"(anonymous_3)","decl":{"start":{"line":57,"column":21},"end":{"line":57,"column":22}},"loc":{"start":{"line":57,"column":40},"end":{"line":59,"column":9}},"line":57},"4":{"name":"(anonymous_4)","decl":{"start":{"line":68,"column":35},"end":{"line":68,"column":36}},"loc":{"start":{"line":68,"column":86},"end":{"line":78,"column":1}},"line":68},"5":{"name":"(anonymous_5)","decl":{"start":{"line":80,"column":33},"end":{"line":80,"column":34}},"loc":{"start":{"line":80,"column":84},"end":{"line":90,"column":1}},"line":80},"6":{"name":"(anonymous_6)","decl":{"start":{"line":92,"column":29},"end":{"line":92,"column":30}},"loc":{"start":{"line":92,"column":80},"end":{"line":103,"column":1}},"line":92},"7":{"name":"(anonymous_7)","decl":{"start":{"line":106,"column":29},"end":{"line":106,"column":30}},"loc":{"start":{"line":106,"column":80},"end":{"line":125,"column":1}},"line":106}},"branchMap":{"0":{"loc":{"start":{"line":12,"column":8},"end":{"line":14,"column":9}},"type":"if","locations":[{"start":{"line":12,"column":8},"end":{"line":14,"column":9}},{"start":{"line":12,"column":8},"end":{"line":14,"column":9}}],"line":12},"1":{"loc":{"start":{"line":15,"column":8},"end":{"line":17,"column":9}},"type":"if","locations":[{"start":{"line":15,"column":8},"end":{"line":17,"column":9}},{"start":{"line":15,"column":8},"end":{"line":17,"column":9}}],"line":15},"2":{"loc":{"start":{"line":15,"column":12},"end":{"line":15,"column":31}},"type":"binary-expr","locations":[{"start":{"line":15,"column":12},"end":{"line":15,"column":19}},{"start":{"line":15,"column":23},"end":{"line":15,"column":31}}],"line":15},"3":{"loc":{"start":{"line":18,"column":8},"end":{"line":23,"column":9}},"type":"if","locations":[{"start":{"line":18,"column":8},"end":{"line":23,"column":9}},{"start":{"line":18,"column":8},"end":{"line":23,"column":9}}],"line":18},"4":{"loc":{"start":{"line":20,"column":12},"end":{"line":22,"column":13}},"type":"if","locations":[{"start":{"line":20,"column":12},"end":{"line":22,"column":13}},{"start":{"line":20,"column":12},"end":{"line":22,"column":13}}],"line":20},"5":{"loc":{"start":{"line":24,"column":8},"end":{"line":29,"column":9}},"type":"if","locations":[{"start":{"line":24,"column":8},"end":{"line":29,"column":9}},{"start":{"line":24,"column":8},"end":{"line":29,"column":9}}],"line":24},"6":{"loc":{"start":{"line":26,"column":12},"end":{"line":28,"column":13}},"type":"if","locations":[{"start":{"line":26,"column":12},"end":{"line":28,"column":13}},{"start":{"line":26,"column":12},"end":{"line":28,"column":13}}],"line":26},"7":{"loc":{"start":{"line":111,"column":8},"end":{"line":113,"column":9}},"type":"if","locations":[{"start":{"line":111,"column":8},"end":{"line":113,"column":9}},{"start":{"line":111,"column":8},"end":{"line":113,"column":9}}],"line":111}},"s":{"0":0,"1":0,"2":0,"3":0,"4":0,"5":0,"6":0,"7":0,"8":0,"9":0,"10":0,"11":0,"12":0,"13":0,"14":0,"15":0,"16":0,"17":0,"18":0,"19":0,"20":0,"21":0,"22":0,"23":0,"24":0,"25":0,"26":0,"27":0,"28":0,"29":0,"30":0,"31":0,"32":0,"33":0,"34":0,"35":0,"36":0,"37":0,"38":0,"39":0,"40":0,"41":0,"42":0,"43":0,"44":0,"45":0,"46":0,"47":0,"48":0,"49":0,"50":0,"51":0,"52":0,"53":0,"54":0,"55":0,"56":0,"57":0,"58":0,"59":0,"60":0,"61":0,"62":0,"63":0,"64":0,"65":0,"66":0,"67":0,"68":0},"f":{"0":0,"1":0,"2":0,"3":0,"4":0,"5":0,"6":0,"7":0},"b":{"0":[0,0],"1":[0,0],"2":[0,0],"3":[0,0],"4":[0,0],"5":[0,0],"6":[0,0],"7":[0,0]},"all":true},"C:\\Users\\educa\\Desktop\\andela\\backend-my-brand\\src\\controllers\\likes.ts":{"path":"C:\\Users\\educa\\Desktop\\andela\\backend-my-brand\\src\\controllers\\likes.ts","statementMap":{"0":{"start":{"line":6,"column":23},"end":{"line":44,"column":1}},"1":{"start":{"line":7,"column":4},"end":{"line":43,"column":5}},"2":{"start":{"line":8,"column":8},"end":{"line":8,"column":38}},"3":{"start":{"line":9,"column":42},"end":{"line":9,"column":50}},"4":{"start":{"line":11,"column":8},"end":{"line":13,"column":9}},"5":{"start":{"line":12,"column":12},"end":{"line":12,"column":75}},"6":{"start":{"line":14,"column":8},"end":{"line":19,"column":9}},"7":{"start":{"line":15,"column":31},"end":{"line":15,"column":56}},"8":{"start":{"line":16,"column":12},"end":{"line":18,"column":13}},"9":{"start":{"line":17,"column":16},"end":{"line":17,"column":71}},"10":{"start":{"line":20,"column":8},"end":{"line":25,"column":9}},"11":{"start":{"line":21,"column":31},"end":{"line":21,"column":56}},"12":{"start":{"line":22,"column":12},"end":{"line":24,"column":13}},"13":{"start":{"line":23,"column":16},"end":{"line":23,"column":71}},"14":{"start":{"line":27,"column":30},"end":{"line":27,"column":59}},"15":{"start":{"line":29,"column":35},"end":{"line":29,"column":88}},"16":{"start":{"line":29,"column":67},"end":{"line":29,"column":87}},"17":{"start":{"line":30,"column":12},"end":{"line":35,"column":13}},"18":{"start":{"line":31,"column":25},"end":{"line":31,"column":77}},"19":{"start":{"line":31,"column":54},"end":{"line":31,"column":62}},"20":{"start":{"line":33,"column":35},"end":{"line":33,"column":59}},"21":{"start":{"line":34,"column":16},"end":{"line":34,"column":100}},"22":{"start":{"line":37,"column":24},"end":{"line":37,"column":67}},"23":{"start":{"line":39,"column":8},"end":{"line":39,"column":75}},"24":{"start":{"line":41,"column":8},"end":{"line":41,"column":36}},"25":{"start":{"line":42,"column":8},"end":{"line":42,"column":68}},"26":{"start":{"line":47,"column":27},"end":{"line":56,"column":1}},"27":{"start":{"line":48,"column":4},"end":{"line":55,"column":5}},"28":{"start":{"line":49,"column":21},"end":{"line":49,"column":36}},"29":{"start":{"line":50,"column":8},"end":{"line":50,"column":42}},"30":{"start":{"line":53,"column":8},"end":{"line":53,"column":26}},"31":{"start":{"line":54,"column":8},"end":{"line":54,"column":34}},"32":{"start":{"line":58,"column":32},"end":{"line":68,"column":1}},"33":{"start":{"line":59,"column":4},"end":{"line":67,"column":5}},"34":{"start":{"line":60,"column":21},"end":{"line":60,"column":31}},"35":{"start":{"line":61,"column":20},"end":{"line":61,"column":45}},"36":{"start":{"line":62,"column":8},"end":{"line":62,"column":83}},"37":{"start":{"line":65,"column":8},"end":{"line":65,"column":26}},"38":{"start":{"line":66,"column":8},"end":{"line":66,"column":60}},"39":{"start":{"line":70,"column":32},"end":{"line":80,"column":1}},"40":{"start":{"line":71,"column":4},"end":{"line":79,"column":5}},"41":{"start":{"line":72,"column":21},"end":{"line":72,"column":31}},"42":{"start":{"line":73,"column":20},"end":{"line":73,"column":45}},"43":{"start":{"line":74,"column":8},"end":{"line":74,"column":83}},"44":{"start":{"line":77,"column":8},"end":{"line":77,"column":26}},"45":{"start":{"line":78,"column":8},"end":{"line":78,"column":60}},"46":{"start":{"line":82,"column":30},"end":{"line":92,"column":1}},"47":{"start":{"line":83,"column":4},"end":{"line":91,"column":5}},"48":{"start":{"line":84,"column":21},"end":{"line":84,"column":31}},"49":{"start":{"line":85,"column":20},"end":{"line":85,"column":41}},"50":{"start":{"line":86,"column":8},"end":{"line":86,"column":83}},"51":{"start":{"line":89,"column":8},"end":{"line":89,"column":26}},"52":{"start":{"line":90,"column":8},"end":{"line":90,"column":60}},"53":{"start":{"line":94,"column":26},"end":{"line":105,"column":1}},"54":{"start":{"line":95,"column":4},"end":{"line":104,"column":5}},"55":{"start":{"line":97,"column":21},"end":{"line":97,"column":31}},"56":{"start":{"line":98,"column":28},"end":{"line":98,"column":52}},"57":{"start":{"line":100,"column":8},"end":{"line":100,"column":48}},"58":{"start":{"line":102,"column":8},"end":{"line":102,"column":26}},"59":{"start":{"line":103,"column":8},"end":{"line":103,"column":35}},"60":{"start":{"line":108,"column":26},"end":{"line":127,"column":1}},"61":{"start":{"line":109,"column":4},"end":{"line":126,"column":5}},"62":{"start":{"line":110,"column":21},"end":{"line":110,"column":31}},"63":{"start":{"line":111,"column":26},"end":{"line":111,"column":34}},"64":{"start":{"line":113,"column":8},"end":{"line":115,"column":9}},"65":{"start":{"line":114,"column":12},"end":{"line":114,"column":38}},"66":{"start":{"line":117,"column":21},"end":{"line":117,"column":42}},"67":{"start":{"line":119,"column":8},"end":{"line":119,"column":31}},"68":{"start":{"line":120,"column":8},"end":{"line":120,"column":26}},"69":{"start":{"line":122,"column":8},"end":{"line":122,"column":35}},"70":{"start":{"line":124,"column":8},"end":{"line":124,"column":26}},"71":{"start":{"line":125,"column":8},"end":{"line":125,"column":35}}},"fnMap":{"0":{"name":"(anonymous_0)","decl":{"start":{"line":6,"column":23},"end":{"line":6,"column":24}},"loc":{"start":{"line":6,"column":77},"end":{"line":44,"column":1}},"line":6},"1":{"name":"(anonymous_1)","decl":{"start":{"line":29,"column":58},"end":{"line":29,"column":59}},"loc":{"start":{"line":29,"column":67},"end":{"line":29,"column":87}},"line":29},"2":{"name":"(anonymous_2)","decl":{"start":{"line":31,"column":45},"end":{"line":31,"column":46}},"loc":{"start":{"line":31,"column":54},"end":{"line":31,"column":62}},"line":31},"3":{"name":"(anonymous_3)","decl":{"start":{"line":47,"column":27},"end":{"line":47,"column":28}},"loc":{"start":{"line":47,"column":78},"end":{"line":56,"column":1}},"line":47},"4":{"name":"(anonymous_4)","decl":{"start":{"line":58,"column":32},"end":{"line":58,"column":33}},"loc":{"start":{"line":58,"column":83},"end":{"line":68,"column":1}},"line":58},"5":{"name":"(anonymous_5)","decl":{"start":{"line":70,"column":32},"end":{"line":70,"column":33}},"loc":{"start":{"line":70,"column":83},"end":{"line":80,"column":1}},"line":70},"6":{"name":"(anonymous_6)","decl":{"start":{"line":82,"column":30},"end":{"line":82,"column":31}},"loc":{"start":{"line":82,"column":81},"end":{"line":92,"column":1}},"line":82},"7":{"name":"(anonymous_7)","decl":{"start":{"line":94,"column":26},"end":{"line":94,"column":27}},"loc":{"start":{"line":94,"column":77},"end":{"line":105,"column":1}},"line":94},"8":{"name":"(anonymous_8)","decl":{"start":{"line":108,"column":26},"end":{"line":108,"column":27}},"loc":{"start":{"line":108,"column":77},"end":{"line":127,"column":1}},"line":108}},"branchMap":{"0":{"loc":{"start":{"line":11,"column":8},"end":{"line":13,"column":9}},"type":"if","locations":[{"start":{"line":11,"column":8},"end":{"line":13,"column":9}},{"start":{"line":11,"column":8},"end":{"line":13,"column":9}}],"line":11},"1":{"loc":{"start":{"line":11,"column":11},"end":{"line":11,"column":48}},"type":"binary-expr","locations":[{"start":{"line":11,"column":11},"end":{"line":11,"column":18}},{"start":{"line":11,"column":22},"end":{"line":11,"column":29}},{"start":{"line":11,"column":33},"end":{"line":11,"column":48}}],"line":11},"2":{"loc":{"start":{"line":14,"column":8},"end":{"line":19,"column":9}},"type":"if","locations":[{"start":{"line":14,"column":8},"end":{"line":19,"column":9}},{"start":{"line":14,"column":8},"end":{"line":19,"column":9}}],"line":14},"3":{"loc":{"start":{"line":16,"column":12},"end":{"line":18,"column":13}},"type":"if","locations":[{"start":{"line":16,"column":12},"end":{"line":18,"column":13}},{"start":{"line":16,"column":12},"end":{"line":18,"column":13}}],"line":16},"4":{"loc":{"start":{"line":20,"column":8},"end":{"line":25,"column":9}},"type":"if","locations":[{"start":{"line":20,"column":8},"end":{"line":25,"column":9}},{"start":{"line":20,"column":8},"end":{"line":25,"column":9}}],"line":20},"5":{"loc":{"start":{"line":22,"column":12},"end":{"line":24,"column":13}},"type":"if","locations":[{"start":{"line":22,"column":12},"end":{"line":24,"column":13}},{"start":{"line":22,"column":12},"end":{"line":24,"column":13}}],"line":22},"6":{"loc":{"start":{"line":30,"column":12},"end":{"line":35,"column":13}},"type":"if","locations":[{"start":{"line":30,"column":12},"end":{"line":35,"column":13}},{"start":{"line":30,"column":12},"end":{"line":35,"column":13}}],"line":30},"7":{"loc":{"start":{"line":113,"column":8},"end":{"line":115,"column":9}},"type":"if","locations":[{"start":{"line":113,"column":8},"end":{"line":115,"column":9}},{"start":{"line":113,"column":8},"end":{"line":115,"column":9}}],"line":113}},"s":{"0":0,"1":0,"2":0,"3":0,"4":0,"5":0,"6":0,"7":0,"8":0,"9":0,"10":0,"11":0,"12":0,"13":0,"14":0,"15":0,"16":0,"17":0,"18":0,"19":0,"20":0,"21":0,"22":0,"23":0,"24":0,"25":0,"26":0,"27":0,"28":0,"29":0,"30":0,"31":0,"32":0,"33":0,"34":0,"35":0,"36":0,"37":0,"38":0,"39":0,"40":0,"41":0,"42":0,"43":0,"44":0,"45":0,"46":0,"47":0,"48":0,"49":0,"50":0,"51":0,"52":0,"53":0,"54":0,"55":0,"56":0,"57":0,"58":0,"59":0,"60":0,"61":0,"62":0,"63":0,"64":0,"65":0,"66":0,"67":0,"68":0,"69":0,"70":0,"71":0},"f":{"0":0,"1":0,"2":0,"3":0,"4":0,"5":0,"6":0,"7":0,"8":0},"b":{"0":[0,0],"1":[0,0,0],"2":[0,0],"3":[0,0],"4":[0,0],"5":[0,0],"6":[0,0],"7":[0,0]},"all":true},"C:\\Users\\educa\\Desktop\\andela\\backend-my-brand\\src\\controllers\\messages.ts":{"path":"C:\\Users\\educa\\Desktop\\andela\\backend-my-brand\\src\\controllers\\messages.ts","statementMap":{"0":{"start":{"line":4,"column":26},"end":{"line":21,"column":1}},"1":{"start":{"line":5,"column":4},"end":{"line":20,"column":5}},"2":{"start":{"line":6,"column":46},"end":{"line":6,"column":54}},"3":{"start":{"line":8,"column":8},"end":{"line":10,"column":9}},"4":{"start":{"line":9,"column":12},"end":{"line":9,"column":78}},"5":{"start":{"line":12,"column":32},"end":{"line":12,"column":62}},"6":{"start":{"line":14,"column":27},"end":{"line":14,"column":77}},"7":{"start":{"line":16,"column":8},"end":{"line":16,"column":73}},"8":{"start":{"line":18,"column":8},"end":{"line":18,"column":36}},"9":{"start":{"line":19,"column":8},"end":{"line":19,"column":35}},"10":{"start":{"line":24,"column":30},"end":{"line":33,"column":1}},"11":{"start":{"line":25,"column":4},"end":{"line":32,"column":5}},"12":{"start":{"line":26,"column":24},"end":{"line":26,"column":42}},"13":{"start":{"line":27,"column":8},"end":{"line":27,"column":45}},"14":{"start":{"line":30,"column":8},"end":{"line":30,"column":26}},"15":{"start":{"line":31,"column":8},"end":{"line":31,"column":34}},"16":{"start":{"line":35,"column":33},"end":{"line":45,"column":1}},"17":{"start":{"line":36,"column":4},"end":{"line":44,"column":5}},"18":{"start":{"line":37,"column":21},"end":{"line":37,"column":31}},"19":{"start":{"line":38,"column":23},"end":{"line":38,"column":47}},"20":{"start":{"line":39,"column":8},"end":{"line":39,"column":92}},"21":{"start":{"line":42,"column":8},"end":{"line":42,"column":26}},"22":{"start":{"line":43,"column":8},"end":{"line":43,"column":63}},"23":{"start":{"line":47,"column":29},"end":{"line":58,"column":1}},"24":{"start":{"line":48,"column":4},"end":{"line":57,"column":5}},"25":{"start":{"line":50,"column":21},"end":{"line":50,"column":31}},"26":{"start":{"line":51,"column":31},"end":{"line":51,"column":58}},"27":{"start":{"line":53,"column":8},"end":{"line":53,"column":51}},"28":{"start":{"line":55,"column":8},"end":{"line":55,"column":26}},"29":{"start":{"line":56,"column":8},"end":{"line":56,"column":35}},"30":{"start":{"line":61,"column":29},"end":{"line":81,"column":1}},"31":{"start":{"line":62,"column":4},"end":{"line":80,"column":5}},"32":{"start":{"line":63,"column":21},"end":{"line":63,"column":31}},"33":{"start":{"line":64,"column":32},"end":{"line":64,"column":40}},"34":{"start":{"line":66,"column":8},"end":{"line":68,"column":9}},"35":{"start":{"line":67,"column":12},"end":{"line":67,"column":38}},"36":{"start":{"line":70,"column":24},"end":{"line":70,"column":48}},"37":{"start":{"line":72,"column":8},"end":{"line":72,"column":30}},"38":{"start":{"line":73,"column":8},"end":{"line":73,"column":34}},"39":{"start":{"line":74,"column":8},"end":{"line":74,"column":29}},"40":{"start":{"line":76,"column":8},"end":{"line":76,"column":35}},"41":{"start":{"line":78,"column":8},"end":{"line":78,"column":26}},"42":{"start":{"line":79,"column":8},"end":{"line":79,"column":35}}},"fnMap":{"0":{"name":"(anonymous_0)","decl":{"start":{"line":4,"column":26},"end":{"line":4,"column":27}},"loc":{"start":{"line":4,"column":80},"end":{"line":21,"column":1}},"line":4},"1":{"name":"(anonymous_1)","decl":{"start":{"line":24,"column":30},"end":{"line":24,"column":31}},"loc":{"start":{"line":24,"column":81},"end":{"line":33,"column":1}},"line":24},"2":{"name":"(anonymous_2)","decl":{"start":{"line":35,"column":33},"end":{"line":35,"column":34}},"loc":{"start":{"line":35,"column":84},"end":{"line":45,"column":1}},"line":35},"3":{"name":"(anonymous_3)","decl":{"start":{"line":47,"column":29},"end":{"line":47,"column":30}},"loc":{"start":{"line":47,"column":80},"end":{"line":58,"column":1}},"line":47},"4":{"name":"(anonymous_4)","decl":{"start":{"line":61,"column":29},"end":{"line":61,"column":30}},"loc":{"start":{"line":61,"column":80},"end":{"line":81,"column":1}},"line":61}},"branchMap":{"0":{"loc":{"start":{"line":8,"column":8},"end":{"line":10,"column":9}},"type":"if","locations":[{"start":{"line":8,"column":8},"end":{"line":10,"column":9}},{"start":{"line":8,"column":8},"end":{"line":10,"column":9}}],"line":8},"1":{"loc":{"start":{"line":8,"column":11},"end":{"line":8,"column":51}},"type":"binary-expr","locations":[{"start":{"line":8,"column":11},"end":{"line":8,"column":17}},{"start":{"line":8,"column":21},"end":{"line":8,"column":29}},{"start":{"line":8,"column":33},"end":{"line":8,"column":41}},{"start":{"line":8,"column":45},"end":{"line":8,"column":51}}],"line":8},"2":{"loc":{"start":{"line":66,"column":8},"end":{"line":68,"column":9}},"type":"if","locations":[{"start":{"line":66,"column":8},"end":{"line":68,"column":9}},{"start":{"line":66,"column":8},"end":{"line":68,"column":9}}],"line":66},"3":{"loc":{"start":{"line":66,"column":11},"end":{"line":66,"column":29}},"type":"binary-expr","locations":[{"start":{"line":66,"column":11},"end":{"line":66,"column":17}},{"start":{"line":66,"column":21},"end":{"line":66,"column":29}}],"line":66}},"s":{"0":0,"1":0,"2":0,"3":0,"4":0,"5":0,"6":0,"7":0,"8":0,"9":0,"10":0,"11":0,"12":0,"13":0,"14":0,"15":0,"16":0,"17":0,"18":0,"19":0,"20":0,"21":0,"22":0,"23":0,"24":0,"25":0,"26":0,"27":0,"28":0,"29":0,"30":0,"31":0,"32":0,"33":0,"34":0,"35":0,"36":0,"37":0,"38":0,"39":0,"40":0,"41":0,"42":0},"f":{"0":0,"1":0,"2":0,"3":0,"4":0},"b":{"0":[0,0],"1":[0,0,0,0],"2":[0,0],"3":[0,0]},"all":true},"C:\\Users\\educa\\Desktop\\andela\\backend-my-brand\\src\\controllers\\projects.ts":{"path":"C:\\Users\\educa\\Desktop\\andela\\backend-my-brand\\src\\controllers\\projects.ts","statementMap":{"0":{"start":{"line":4,"column":26},"end":{"line":25,"column":1}},"1":{"start":{"line":5,"column":4},"end":{"line":24,"column":5}},"2":{"start":{"line":6,"column":102},"end":{"line":6,"column":110}},"3":{"start":{"line":8,"column":8},"end":{"line":10,"column":9}},"4":{"start":{"line":9,"column":12},"end":{"line":9,"column":67}},"5":{"start":{"line":12,"column":32},"end":{"line":12,"column":60}},"6":{"start":{"line":14,"column":8},"end":{"line":16,"column":9}},"7":{"start":{"line":15,"column":12},"end":{"line":15,"column":76}},"8":{"start":{"line":18,"column":24},"end":{"line":18,"column":130}},"9":{"start":{"line":20,"column":8},"end":{"line":20,"column":69}},"10":{"start":{"line":22,"column":8},"end":{"line":22,"column":36}},"11":{"start":{"line":23,"column":8},"end":{"line":23,"column":63}},"12":{"start":{"line":28,"column":30},"end":{"line":37,"column":1}},"13":{"start":{"line":29,"column":4},"end":{"line":36,"column":5}},"14":{"start":{"line":30,"column":24},"end":{"line":30,"column":42}},"15":{"start":{"line":31,"column":8},"end":{"line":31,"column":94}},"16":{"start":{"line":34,"column":8},"end":{"line":34,"column":26}},"17":{"start":{"line":35,"column":8},"end":{"line":35,"column":63}},"18":{"start":{"line":38,"column":33},"end":{"line":48,"column":1}},"19":{"start":{"line":39,"column":4},"end":{"line":47,"column":5}},"20":{"start":{"line":40,"column":21},"end":{"line":40,"column":31}},"21":{"start":{"line":41,"column":23},"end":{"line":41,"column":47}},"22":{"start":{"line":42,"column":8},"end":{"line":42,"column":93}},"23":{"start":{"line":45,"column":8},"end":{"line":45,"column":26}},"24":{"start":{"line":46,"column":8},"end":{"line":46,"column":63}},"25":{"start":{"line":50,"column":29},"end":{"line":61,"column":1}},"26":{"start":{"line":51,"column":4},"end":{"line":60,"column":5}},"27":{"start":{"line":53,"column":21},"end":{"line":53,"column":31}},"28":{"start":{"line":54,"column":31},"end":{"line":54,"column":58}},"29":{"start":{"line":56,"column":8},"end":{"line":56,"column":85}},"30":{"start":{"line":58,"column":8},"end":{"line":58,"column":26}},"31":{"start":{"line":59,"column":8},"end":{"line":59,"column":63}},"32":{"start":{"line":64,"column":29},"end":{"line":96,"column":1}},"33":{"start":{"line":65,"column":4},"end":{"line":95,"column":5}},"34":{"start":{"line":66,"column":21},"end":{"line":66,"column":31}},"35":{"start":{"line":67,"column":102},"end":{"line":67,"column":110}},"36":{"start":{"line":69,"column":8},"end":{"line":71,"column":9}},"37":{"start":{"line":70,"column":12},"end":{"line":70,"column":67}},"38":{"start":{"line":73,"column":22},"end":{"line":73,"column":46}},"39":{"start":{"line":75,"column":8},"end":{"line":77,"column":9}},"40":{"start":{"line":76,"column":12},"end":{"line":76,"column":67}},"41":{"start":{"line":79,"column":8},"end":{"line":79,"column":32}},"42":{"start":{"line":80,"column":8},"end":{"line":80,"column":28}},"43":{"start":{"line":81,"column":8},"end":{"line":81,"column":36}},"44":{"start":{"line":82,"column":8},"end":{"line":82,"column":52}},"45":{"start":{"line":83,"column":8},"end":{"line":83,"column":36}},"46":{"start":{"line":84,"column":8},"end":{"line":84,"column":36}},"47":{"start":{"line":85,"column":8},"end":{"line":85,"column":32}},"48":{"start":{"line":86,"column":8},"end":{"line":86,"column":44}},"49":{"start":{"line":88,"column":31},"end":{"line":88,"column":51}},"50":{"start":{"line":90,"column":8},"end":{"line":90,"column":78}},"51":{"start":{"line":93,"column":8},"end":{"line":93,"column":26}},"52":{"start":{"line":94,"column":8},"end":{"line":94,"column":63}}},"fnMap":{"0":{"name":"(anonymous_0)","decl":{"start":{"line":4,"column":26},"end":{"line":4,"column":27}},"loc":{"start":{"line":4,"column":80},"end":{"line":25,"column":1}},"line":4},"1":{"name":"(anonymous_1)","decl":{"start":{"line":28,"column":30},"end":{"line":28,"column":31}},"loc":{"start":{"line":28,"column":81},"end":{"line":37,"column":1}},"line":28},"2":{"name":"(anonymous_2)","decl":{"start":{"line":38,"column":33},"end":{"line":38,"column":34}},"loc":{"start":{"line":38,"column":84},"end":{"line":48,"column":1}},"line":38},"3":{"name":"(anonymous_3)","decl":{"start":{"line":50,"column":29},"end":{"line":50,"column":30}},"loc":{"start":{"line":50,"column":80},"end":{"line":61,"column":1}},"line":50},"4":{"name":"(anonymous_4)","decl":{"start":{"line":64,"column":29},"end":{"line":64,"column":30}},"loc":{"start":{"line":64,"column":80},"end":{"line":96,"column":1}},"line":64}},"branchMap":{"0":{"loc":{"start":{"line":8,"column":8},"end":{"line":10,"column":9}},"type":"if","locations":[{"start":{"line":8,"column":8},"end":{"line":10,"column":9}},{"start":{"line":8,"column":8},"end":{"line":10,"column":9}}],"line":8},"1":{"loc":{"start":{"line":8,"column":11},"end":{"line":8,"column":85}},"type":"binary-expr","locations":[{"start":{"line":8,"column":11},"end":{"line":8,"column":18}},{"start":{"line":8,"column":22},"end":{"line":8,"column":27}},{"start":{"line":8,"column":31},"end":{"line":8,"column":40}},{"start":{"line":8,"column":44},"end":{"line":8,"column":61}},{"start":{"line":8,"column":65},"end":{"line":8,"column":74}},{"start":{"line":8,"column":78},"end":{"line":8,"column":85}}],"line":8},"2":{"loc":{"start":{"line":14,"column":8},"end":{"line":16,"column":9}},"type":"if","locations":[{"start":{"line":14,"column":8},"end":{"line":16,"column":9}},{"start":{"line":14,"column":8},"end":{"line":16,"column":9}}],"line":14},"3":{"loc":{"start":{"line":69,"column":8},"end":{"line":71,"column":9}},"type":"if","locations":[{"start":{"line":69,"column":8},"end":{"line":71,"column":9}},{"start":{"line":69,"column":8},"end":{"line":71,"column":9}}],"line":69},"4":{"loc":{"start":{"line":69,"column":11},"end":{"line":69,"column":85}},"type":"binary-expr","locations":[{"start":{"line":69,"column":11},"end":{"line":69,"column":18}},{"start":{"line":69,"column":22},"end":{"line":69,"column":27}},{"start":{"line":69,"column":31},"end":{"line":69,"column":40}},{"start":{"line":69,"column":44},"end":{"line":69,"column":61}},{"start":{"line":69,"column":65},"end":{"line":69,"column":74}},{"start":{"line":69,"column":78},"end":{"line":69,"column":85}}],"line":69},"5":{"loc":{"start":{"line":75,"column":8},"end":{"line":77,"column":9}},"type":"if","locations":[{"start":{"line":75,"column":8},"end":{"line":77,"column":9}},{"start":{"line":75,"column":8},"end":{"line":77,"column":9}}],"line":75}},"s":{"0":0,"1":0,"2":0,"3":0,"4":0,"5":0,"6":0,"7":0,"8":0,"9":0,"10":0,"11":0,"12":0,"13":0,"14":0,"15":0,"16":0,"17":0,"18":0,"19":0,"20":0,"21":0,"22":0,"23":0,"24":0,"25":0,"26":0,"27":0,"28":0,"29":0,"30":0,"31":0,"32":0,"33":0,"34":0,"35":0,"36":0,"37":0,"38":0,"39":0,"40":0,"41":0,"42":0,"43":0,"44":0,"45":0,"46":0,"47":0,"48":0,"49":0,"50":0,"51":0,"52":0},"f":{"0":0,"1":0,"2":0,"3":0,"4":0},"b":{"0":[0,0],"1":[0,0,0,0,0,0],"2":[0,0],"3":[0,0],"4":[0,0,0,0,0,0],"5":[0,0]},"all":true},"C:\\Users\\educa\\Desktop\\andela\\backend-my-brand\\src\\controllers\\todos.ts":{"path":"C:\\Users\\educa\\Desktop\\andela\\backend-my-brand\\src\\controllers\\todos.ts","statementMap":{"0":{"start":{"line":4,"column":23},"end":{"line":25,"column":1}},"1":{"start":{"line":5,"column":4},"end":{"line":24,"column":5}},"2":{"start":{"line":6,"column":47},"end":{"line":6,"column":55}},"3":{"start":{"line":8,"column":8},"end":{"line":10,"column":9}},"4":{"start":{"line":9,"column":12},"end":{"line":9,"column":39}},"5":{"start":{"line":12,"column":29},"end":{"line":12,"column":56}},"6":{"start":{"line":14,"column":8},"end":{"line":16,"column":9}},"7":{"start":{"line":15,"column":12},"end":{"line":15,"column":39}},"8":{"start":{"line":18,"column":21},"end":{"line":18,"column":69}},"9":{"start":{"line":20,"column":8},"end":{"line":20,"column":47}},"10":{"start":{"line":22,"column":8},"end":{"line":22,"column":36}},"11":{"start":{"line":23,"column":8},"end":{"line":23,"column":35}},"12":{"start":{"line":28,"column":27},"end":{"line":37,"column":1}},"13":{"start":{"line":29,"column":4},"end":{"line":36,"column":5}},"14":{"start":{"line":30,"column":21},"end":{"line":30,"column":36}},"15":{"start":{"line":31,"column":8},"end":{"line":31,"column":42}},"16":{"start":{"line":34,"column":8},"end":{"line":34,"column":26}},"17":{"start":{"line":35,"column":8},"end":{"line":35,"column":34}},"18":{"start":{"line":39,"column":26},"end":{"line":50,"column":1}},"19":{"start":{"line":40,"column":4},"end":{"line":49,"column":5}},"20":{"start":{"line":42,"column":21},"end":{"line":42,"column":31}},"21":{"start":{"line":43,"column":28},"end":{"line":43,"column":52}},"22":{"start":{"line":45,"column":8},"end":{"line":45,"column":36}},"23":{"start":{"line":47,"column":8},"end":{"line":47,"column":26}},"24":{"start":{"line":48,"column":8},"end":{"line":48,"column":35}},"25":{"start":{"line":52,"column":30},"end":{"line":62,"column":1}},"26":{"start":{"line":53,"column":4},"end":{"line":61,"column":5}},"27":{"start":{"line":54,"column":21},"end":{"line":54,"column":31}},"28":{"start":{"line":55,"column":20},"end":{"line":55,"column":41}},"29":{"start":{"line":56,"column":8},"end":{"line":56,"column":86}},"30":{"start":{"line":59,"column":8},"end":{"line":59,"column":26}},"31":{"start":{"line":60,"column":8},"end":{"line":60,"column":63}},"32":{"start":{"line":64,"column":26},"end":{"line":85,"column":1}},"33":{"start":{"line":65,"column":4},"end":{"line":84,"column":5}},"34":{"start":{"line":66,"column":21},"end":{"line":66,"column":31}},"35":{"start":{"line":67,"column":40},"end":{"line":67,"column":48}},"36":{"start":{"line":69,"column":8},"end":{"line":71,"column":9}},"37":{"start":{"line":70,"column":12},"end":{"line":70,"column":69}},"38":{"start":{"line":73,"column":21},"end":{"line":73,"column":42}},"39":{"start":{"line":75,"column":8},"end":{"line":75,"column":27}},"40":{"start":{"line":76,"column":8},"end":{"line":76,"column":31}},"41":{"start":{"line":77,"column":8},"end":{"line":77,"column":29}},"42":{"start":{"line":78,"column":8},"end":{"line":78,"column":26}},"43":{"start":{"line":80,"column":8},"end":{"line":80,"column":68}},"44":{"start":{"line":83,"column":8},"end":{"line":83,"column":68}}},"fnMap":{"0":{"name":"(anonymous_0)","decl":{"start":{"line":4,"column":23},"end":{"line":4,"column":24}},"loc":{"start":{"line":4,"column":77},"end":{"line":25,"column":1}},"line":4},"1":{"name":"(anonymous_1)","decl":{"start":{"line":28,"column":27},"end":{"line":28,"column":28}},"loc":{"start":{"line":28,"column":78},"end":{"line":37,"column":1}},"line":28},"2":{"name":"(anonymous_2)","decl":{"start":{"line":39,"column":26},"end":{"line":39,"column":27}},"loc":{"start":{"line":39,"column":77},"end":{"line":50,"column":1}},"line":39},"3":{"name":"(anonymous_3)","decl":{"start":{"line":52,"column":30},"end":{"line":52,"column":31}},"loc":{"start":{"line":52,"column":81},"end":{"line":62,"column":1}},"line":52},"4":{"name":"(anonymous_4)","decl":{"start":{"line":64,"column":26},"end":{"line":64,"column":27}},"loc":{"start":{"line":64,"column":77},"end":{"line":85,"column":1}},"line":64}},"branchMap":{"0":{"loc":{"start":{"line":8,"column":8},"end":{"line":10,"column":9}},"type":"if","locations":[{"start":{"line":8,"column":8},"end":{"line":10,"column":9}},{"start":{"line":8,"column":8},"end":{"line":10,"column":9}}],"line":8},"1":{"loc":{"start":{"line":8,"column":11},"end":{"line":8,"column":46}},"type":"binary-expr","locations":[{"start":{"line":8,"column":11},"end":{"line":8,"column":17}},{"start":{"line":8,"column":21},"end":{"line":8,"column":29}},{"start":{"line":8,"column":33},"end":{"line":8,"column":46}}],"line":8},"2":{"loc":{"start":{"line":14,"column":8},"end":{"line":16,"column":9}},"type":"if","locations":[{"start":{"line":14,"column":8},"end":{"line":16,"column":9}},{"start":{"line":14,"column":8},"end":{"line":16,"column":9}}],"line":14},"3":{"loc":{"start":{"line":69,"column":8},"end":{"line":71,"column":9}},"type":"if","locations":[{"start":{"line":69,"column":8},"end":{"line":71,"column":9}},{"start":{"line":69,"column":8},"end":{"line":71,"column":9}}],"line":69},"4":{"loc":{"start":{"line":69,"column":11},"end":{"line":69,"column":29}},"type":"binary-expr","locations":[{"start":{"line":69,"column":11},"end":{"line":69,"column":17}},{"start":{"line":69,"column":21},"end":{"line":69,"column":29}}],"line":69}},"s":{"0":0,"1":0,"2":0,"3":0,"4":0,"5":0,"6":0,"7":0,"8":0,"9":0,"10":0,"11":0,"12":0,"13":0,"14":0,"15":0,"16":0,"17":0,"18":0,"19":0,"20":0,"21":0,"22":0,"23":0,"24":0,"25":0,"26":0,"27":0,"28":0,"29":0,"30":0,"31":0,"32":0,"33":0,"34":0,"35":0,"36":0,"37":0,"38":0,"39":0,"40":0,"41":0,"42":0,"43":0,"44":0},"f":{"0":0,"1":0,"2":0,"3":0,"4":0},"b":{"0":[0,0],"1":[0,0,0],"2":[0,0],"3":[0,0],"4":[0,0]},"all":true},"C:\\Users\\educa\\Desktop\\andela\\backend-my-brand\\src\\controllers\\try.ts":{"path":"C:\\Users\\educa\\Desktop\\andela\\backend-my-brand\\src\\controllers\\try.ts","statementMap":{"0":{"start":{"line":4,"column":12},"end":{"line":4,"column":40}},"1":{"start":{"line":6,"column":1},"end":{"line":6,"column":93}},"2":{"start":{"line":6,"column":51},"end":{"line":6,"column":91}}},"fnMap":{"0":{"name":"(anonymous_0)","decl":{"start":{"line":6,"column":40},"end":{"line":6,"column":41}},"loc":{"start":{"line":6,"column":50},"end":{"line":6,"column":92}},"line":6}},"branchMap":{},"s":{"0":0,"1":0,"2":0},"f":{"0":0},"b":{},"all":true},"C:\\Users\\educa\\Desktop\\andela\\backend-my-brand\\src\\controllers\\users.ts":{"path":"C:\\Users\\educa\\Desktop\\andela\\backend-my-brand\\src\\controllers\\users.ts","statementMap":{"0":{"start":{"line":20,"column":27},"end":{"line":29,"column":1}},"1":{"start":{"line":21,"column":4},"end":{"line":28,"column":5}},"2":{"start":{"line":22,"column":21},"end":{"line":22,"column":102}},"3":{"start":{"line":23,"column":8},"end":{"line":23,"column":42}},"4":{"start":{"line":26,"column":8},"end":{"line":26,"column":26}},"5":{"start":{"line":27,"column":8},"end":{"line":27,"column":34}},"6":{"start":{"line":31,"column":30},"end":{"line":44,"column":1}},"7":{"start":{"line":32,"column":4},"end":{"line":43,"column":5}},"8":{"start":{"line":33,"column":21},"end":{"line":33,"column":31}},"9":{"start":{"line":34,"column":21},"end":{"line":34,"column":42}},"10":{"start":{"line":35,"column":8},"end":{"line":37,"column":9}},"11":{"start":{"line":36,"column":12},"end":{"line":36,"column":67}},"12":{"start":{"line":38,"column":8},"end":{"line":38,"column":86}},"13":{"start":{"line":41,"column":8},"end":{"line":41,"column":26}},"14":{"start":{"line":42,"column":8},"end":{"line":42,"column":63}},"15":{"start":{"line":45,"column":33},"end":{"line":55,"column":1}},"16":{"start":{"line":46,"column":4},"end":{"line":54,"column":5}},"17":{"start":{"line":47,"column":24},"end":{"line":47,"column":34}},"18":{"start":{"line":48,"column":20},"end":{"line":48,"column":54}},"19":{"start":{"line":49,"column":8},"end":{"line":49,"column":86}},"20":{"start":{"line":52,"column":8},"end":{"line":52,"column":26}},"21":{"start":{"line":53,"column":8},"end":{"line":53,"column":63}},"22":{"start":{"line":56,"column":26},"end":{"line":67,"column":1}},"23":{"start":{"line":57,"column":4},"end":{"line":66,"column":5}},"24":{"start":{"line":59,"column":21},"end":{"line":59,"column":31}},"25":{"start":{"line":60,"column":28},"end":{"line":60,"column":52}},"26":{"start":{"line":62,"column":8},"end":{"line":62,"column":36}},"27":{"start":{"line":64,"column":8},"end":{"line":64,"column":26}},"28":{"start":{"line":65,"column":8},"end":{"line":65,"column":35}},"29":{"start":{"line":69,"column":26},"end":{"line":145,"column":1}},"30":{"start":{"line":71,"column":4},"end":{"line":144,"column":5}},"31":{"start":{"line":72,"column":8},"end":{"line":72,"column":48}},"32":{"start":{"line":73,"column":8},"end":{"line":73,"column":49}},"33":{"start":{"line":74,"column":21},"end":{"line":74,"column":31}},"34":{"start":{"line":75,"column":37},"end":{"line":75,"column":45}},"35":{"start":{"line":76,"column":23},"end":{"line":76,"column":31}},"36":{"start":{"line":78,"column":8},"end":{"line":80,"column":9}},"37":{"start":{"line":79,"column":12},"end":{"line":79,"column":76}},"38":{"start":{"line":82,"column":8},"end":{"line":84,"column":9}},"39":{"start":{"line":83,"column":12},"end":{"line":83,"column":92}},"40":{"start":{"line":86,"column":21},"end":{"line":86,"column":42}},"41":{"start":{"line":89,"column":4},"end":{"line":91,"column":5}},"42":{"start":{"line":90,"column":8},"end":{"line":90,"column":65}},"43":{"start":{"line":93,"column":4},"end":{"line":138,"column":3}},"44":{"start":{"line":94,"column":40},"end":{"line":94,"column":69}},"45":{"start":{"line":95,"column":2},"end":{"line":97,"column":3}},"46":{"start":{"line":96,"column":4},"end":{"line":96,"column":67}},"47":{"start":{"line":99,"column":35},"end":{"line":99,"column":37}},"48":{"start":{"line":101,"column":2},"end":{"line":137,"column":3}},"49":{"start":{"line":102,"column":34},"end":{"line":104,"column":17}},"50":{"start":{"line":106,"column":25},"end":{"line":135,"column":5}},"51":{"start":{"line":112,"column":8},"end":{"line":115,"column":9}},"52":{"start":{"line":113,"column":10},"end":{"line":113,"column":57}},"53":{"start":{"line":114,"column":10},"end":{"line":114,"column":38}},"54":{"start":{"line":116,"column":8},"end":{"line":119,"column":9}},"55":{"start":{"line":117,"column":10},"end":{"line":117,"column":72}},"56":{"start":{"line":118,"column":10},"end":{"line":118,"column":78}},"57":{"start":{"line":120,"column":8},"end":{"line":120,"column":47}},"58":{"start":{"line":122,"column":8},"end":{"line":133,"column":9}},"59":{"start":{"line":124,"column":10},"end":{"line":124,"column":55}},"60":{"start":{"line":126,"column":10},"end":{"line":126,"column":58}},"61":{"start":{"line":127,"column":10},"end":{"line":127,"column":40}},"62":{"start":{"line":128,"column":10},"end":{"line":128,"column":43}},"63":{"start":{"line":129,"column":10},"end":{"line":129,"column":43}},"64":{"start":{"line":131,"column":31},"end":{"line":131,"column":42}},"65":{"start":{"line":132,"column":10},"end":{"line":132,"column":78}},"66":{"start":{"line":136,"column":4},"end":{"line":136,"column":36}},"67":{"start":{"line":142,"column":8},"end":{"line":142,"column":26}},"68":{"start":{"line":143,"column":8},"end":{"line":143,"column":60}}},"fnMap":{"0":{"name":"(anonymous_0)","decl":{"start":{"line":20,"column":27},"end":{"line":20,"column":28}},"loc":{"start":{"line":20,"column":78},"end":{"line":29,"column":1}},"line":20},"1":{"name":"(anonymous_1)","decl":{"start":{"line":31,"column":30},"end":{"line":31,"column":31}},"loc":{"start":{"line":31,"column":81},"end":{"line":44,"column":1}},"line":31},"2":{"name":"(anonymous_2)","decl":{"start":{"line":45,"column":33},"end":{"line":45,"column":34}},"loc":{"start":{"line":45,"column":84},"end":{"line":55,"column":1}},"line":45},"3":{"name":"(anonymous_3)","decl":{"start":{"line":56,"column":26},"end":{"line":56,"column":27}},"loc":{"start":{"line":56,"column":77},"e
[...]
:16,"column":59}},"2":{"start":{"line":18,"column":23},"end":{"line":18,"column":45}},"3":{"start":{"line":18,"column":29},"end":{"line":18,"column":45}},"4":{"start":{"line":20,"column":30},"end":{"line":20,"column":80}},"5":{"start":{"line":20,"column":48},"end":{"line":20,"column":80}},"6":{"start":{"line":22,"column":27},"end":{"line":22,"column":64}},"7":{"start":{"line":22,"column":42},"end":{"line":22,"column":64}},"8":{"start":{"line":24,"column":26},"end":{"line":25,"column":30}},"9":{"start":{"line":24,"column":58},"end":{"line":25,"column":30}},"10":{"start":{"line":25,"column":14},"end":{"line":25,"column":29}},"11":{"start":{"line":27,"column":30},"end":{"line":27,"column":80}},"12":{"start":{"line":27,"column":44},"end":{"line":27,"column":80}},"13":{"start":{"line":29,"column":30},"end":{"line":29,"column":113}},"14":{"start":{"line":29,"column":74},"end":{"line":29,"column":113}}},"fnMap":{"0":{"name":"(anonymous_0)","decl":{"start":{"line":18,"column":23},"end":{"line":18,"column":24}},"loc":{"start":{"line":18,"column":29},"end":{"line":18,"column":45}},"line":18},"1":{"name":"(anonymous_1)","decl":{"start":{"line":20,"column":30},"end":{"line":20,"column":31}},"loc":{"start":{"line":20,"column":48},"end":{"line":20,"column":80}},"line":20},"2":{"name":"(anonymous_2)","decl":{"start":{"line":22,"column":27},"end":{"line":22,"column":28}},"loc":{"start":{"line":22,"column":42},"end":{"line":22,"column":64}},"line":22},"3":{"name":"(anonymous_3)","decl":{"start":{"line":24,"column":26},"end":{"line":24,"column":27}},"loc":{"start":{"line":24,"column":58},"end":{"line":25,"column":30}},"line":24},"4":{"name":"(anonymous_4)","decl":{"start":{"line":25,"column":6},"end":{"line":25,"column":7}},"loc":{"start":{"line":25,"column":14},"end":{"line":25,"column":29}},"line":25},"5":{"name":"(anonymous_5)","decl":{"start":{"line":27,"column":30},"end":{"line":27,"column":31}},"loc":{"start":{"line":27,"column":44},"end":{"line":27,"column":80}},"line":27},"6":{"name":"(anonymous_6)","decl":{"start":{"line":29,"column":30},"end":{"line":29,"column":31}},"loc":{"start":{"line":29,"column":74},"end":{"line":29,"column":113}},"line":29}},"branchMap":{},"s":{"0":0,"1":0,"2":0,"3":0,"4":0,"5":0,"6":0,"7":0,"8":0,"9":0,"10":0,"11":0,"12":0,"13":0,"14":0},"f":{"0":0,"1":0,"2":0,"3":0,"4":0,"5":0,"6":0},"b":{},"all":true},"C:\\Users\\educa\\Desktop\\andela\\backend-my-brand\\src\\schema\\comments.ts":{"path":"C:\\Users\\educa\\Desktop\\andela\\backend-my-brand\\src\\schema\\comments.ts","statementMap":{"0":{"start":{"line":4,"column":22},"end":{"line":19,"column":4}},"1":{"start":{"line":21,"column":28},"end":{"line":21,"column":68}},"2":{"start":{"line":23,"column":26},"end":{"line":23,"column":51}},"3":{"start":{"line":23,"column":32},"end":{"line":23,"column":51}},"4":{"start":{"line":24,"column":34},"end":{"line":24,"column":79}},"5":{"start":{"line":24,"column":49},"end":{"line":24,"column":79}},"6":{"start":{"line":25,"column":34},"end":{"line":25,"column":79}},"7":{"start":{"line":25,"column":49},"end":{"line":25,"column":79}},"8":{"start":{"line":27,"column":30},"end":{"line":27,"column":70}},"9":{"start":{"line":27,"column":45},"end":{"line":27,"column":70}},"10":{"start":{"line":29,"column":29},"end":{"line":30,"column":36}},"11":{"start":{"line":29,"column":61},"end":{"line":30,"column":36}},"12":{"start":{"line":30,"column":17},"end":{"line":30,"column":35}},"13":{"start":{"line":32,"column":33},"end":{"line":32,"column":86}},"14":{"start":{"line":32,"column":47},"end":{"line":32,"column":86}},"15":{"start":{"line":34,"column":33},"end":{"line":34,"column":119}},"16":{"start":{"line":34,"column":77},"end":{"line":34,"column":119}}},"fnMap":{"0":{"name":"(anonymous_0)","decl":{"start":{"line":23,"column":26},"end":{"line":23,"column":27}},"loc":{"start":{"line":23,"column":32},"end":{"line":23,"column":51}},"line":23},"1":{"name":"(anonymous_1)","decl":{"start":{"line":24,"column":34},"end":{"line":24,"column":35}},"loc":{"start":{"line":24,"column":49},"end":{"line":24,"column":79}},"line":24},"2":{"name":"(anonymous_2)","decl":{"start":{"line":25,"column":34},"end":{"line":25,"column":35}},"loc":{"start":{"line":25,"column":49},"end":{"line":25,"column":79}},"line":25},"3":{"name":"(anonymous_3)","decl":{"start":{"line":27,"column":30},"end":{"line":27,"column":31}},"loc":{"start":{"line":27,"column":45},"end":{"line":27,"column":70}},"line":27},"4":{"name":"(anonymous_4)","decl":{"start":{"line":29,"column":29},"end":{"line":29,"column":30}},"loc":{"start":{"line":29,"column":61},"end":{"line":30,"column":36}},"line":29},"5":{"name":"(anonymous_5)","decl":{"start":{"line":30,"column":6},"end":{"line":30,"column":7}},"loc":{"start":{"line":30,"column":17},"end":{"line":30,"column":35}},"line":30},"6":{"name":"(anonymous_6)","decl":{"start":{"line":32,"column":33},"end":{"line":32,"column":34}},"loc":{"start":{"line":32,"column":47},"end":{"line":32,"column":86}},"line":32},"7":{"name":"(anonymous_7)","decl":{"start":{"line":34,"column":33},"end":{"line":34,"column":34}},"loc":{"start":{"line":34,"column":77},"end":{"line":34,"column":119}},"line":34}},"branchMap":{},"s":{"0":0,"1":0,"2":0,"3":0,"4":0,"5":0,"6":0,"7":0,"8":0,"9":0,"10":0,"11":0,"12":0,"13":0,"14":0,"15":0,"16":0},"f":{"0":0,"1":0,"2":0,"3":0,"4":0,"5":0,"6":0,"7":0},"b":{},"all":true},"C:\\Users\\educa\\Desktop\\andela\\backend-my-brand\\src\\schema\\likes.ts":{"path":"C:\\Users\\educa\\Desktop\\andela\\backend-my-brand\\src\\schema\\likes.ts","statementMap":{"0":{"start":{"line":4,"column":19},"end":{"line":19,"column":4}},"1":{"start":{"line":21,"column":25},"end":{"line":21,"column":59}},"2":{"start":{"line":23,"column":23},"end":{"line":23,"column":45}},"3":{"start":{"line":23,"column":29},"end":{"line":23,"column":45}},"4":{"start":{"line":25,"column":31},"end":{"line":25,"column":73}},"5":{"start":{"line":25,"column":46},"end":{"line":25,"column":73}},"6":{"start":{"line":27,"column":31},"end":{"line":27,"column":73}},"7":{"start":{"line":27,"column":46},"end":{"line":27,"column":73}},"8":{"start":{"line":29,"column":27},"end":{"line":29,"column":64}},"9":{"start":{"line":29,"column":42},"end":{"line":29,"column":64}},"10":{"start":{"line":31,"column":26},"end":{"line":32,"column":30}},"11":{"start":{"line":31,"column":58},"end":{"line":32,"column":30}},"12":{"start":{"line":32,"column":14},"end":{"line":32,"column":29}},"13":{"start":{"line":34,"column":30},"end":{"line":34,"column":80}},"14":{"start":{"line":34,"column":44},"end":{"line":34,"column":80}},"15":{"start":{"line":36,"column":30},"end":{"line":36,"column":113}},"16":{"start":{"line":36,"column":74},"end":{"line":36,"column":113}}},"fnMap":{"0":{"name":"(anonymous_0)","decl":{"start":{"line":23,"column":23},"end":{"line":23,"column":24}},"loc":{"start":{"line":23,"column":29},"end":{"line":23,"column":45}},"line":23},"1":{"name":"(anonymous_1)","decl":{"start":{"line":25,"column":31},"end":{"line":25,"column":32}},"loc":{"start":{"line":25,"column":46},"end":{"line":25,"column":73}},"line":25},"2":{"name":"(anonymous_2)","decl":{"start":{"line":27,"column":31},"end":{"line":27,"column":32}},"loc":{"start":{"line":27,"column":46},"end":{"line":27,"column":73}},"line":27},"3":{"name":"(anonymous_3)","decl":{"start":{"line":29,"column":27},"end":{"line":29,"column":28}},"loc":{"start":{"line":29,"column":42},"end":{"line":29,"column":64}},"line":29},"4":{"name":"(anonymous_4)","decl":{"start":{"line":31,"column":26},"end":{"line":31,"column":27}},"loc":{"start":{"line":31,"column":58},"end":{"line":32,"column":30}},"line":31},"5":{"name":"(anonymous_5)","decl":{"start":{"line":32,"column":6},"end":{"line":32,"column":7}},"loc":{"start":{"line":32,"column":14},"end":{"line":32,"column":29}},"line":32},"6":{"name":"(anonymous_6)","decl":{"start":{"line":34,"column":30},"end":{"line":34,"column":31}},"loc":{"start":{"line":34,"column":44},"end":{"line":34,"column":80}},"line":34},"7":{"name":"(anonymous_7)","decl":{"start":{"line":36,"column":30},"end":{"line":36,"column":31}},"loc":{"start":{"line":36,"column":74},"end":{"line":36,"column":113}},"line":36}},"branchMap":{},"s":{"0":0,"1":0,"2":0,"3":0,"4":0,"5":0,"6":0,"7":0,"8":0,"9":0,"10":0,"11":0,"12":0,"13":0,"14":0,"15":0,"16":0},"f":{"0":0,"1":0,"2":0,"3":0,"4":0,"5":0,"6":0,"7":0},"b":{},"all":true},"C:\\Users\\educa\\Desktop\\andela\\backend-my-brand\\src\\schema\\message.ts":{"path":"C:\\Users\\educa\\Desktop\\andela\\backend-my-brand\\src\\schema\\message.ts","statementMap":{"0":{"start":{"line":3,"column":22},"end":{"line":10,"column":2}},"1":{"start":{"line":12,"column":28},"end":{"line":12,"column":68}},"2":{"start":{"line":14,"column":26},"end":{"line":14,"column":51}},"3":{"start":{"line":14,"column":32},"end":{"line":14,"column":51}},"4":{"start":{"line":16,"column":33},"end":{"line":16,"column":86}},"5":{"start":{"line":16,"column":51},"end":{"line":16,"column":86}},"6":{"start":{"line":18,"column":33},"end":{"line":18,"column":86}},"7":{"start":{"line":18,"column":51},"end":{"line":18,"column":86}},"8":{"start":{"line":20,"column":30},"end":{"line":20,"column":70}},"9":{"start":{"line":20,"column":45},"end":{"line":20,"column":70}},"10":{"start":{"line":22,"column":29},"end":{"line":23,"column":36}},"11":{"start":{"line":22,"column":61},"end":{"line":23,"column":36}},"12":{"start":{"line":23,"column":17},"end":{"line":23,"column":35}},"13":{"start":{"line":25,"column":33},"end":{"line":25,"column":86}},"14":{"start":{"line":25,"column":47},"end":{"line":25,"column":86}},"15":{"start":{"line":27,"column":33},"end":{"line":27,"column":119}},"16":{"start":{"line":27,"column":77},"end":{"line":27,"column":119}}},"fnMap":{"0":{"name":"(anonymous_0)","decl":{"start":{"line":14,"column":26},"end":{"line":14,"column":27}},"loc":{"start":{"line":14,"column":32},"end":{"line":14,"column":51}},"line":14},"1":{"name":"(anonymous_1)","decl":{"start":{"line":16,"column":33},"end":{"line":16,"column":34}},"loc":{"start":{"line":16,"column":51},"end":{"line":16,"column":86}},"line":16},"2":{"name":"(anonymous_2)","decl":{"start":{"line":18,"column":33},"end":{"line":18,"column":34}},"loc":{"start":{"line":18,"column":51},"end":{"line":18,"column":86}},"line":18},"3":{"name":"(anonymous_3)","decl":{"start":{"line":20,"column":30},"end":{"line":20,"column":31}},"loc":{"start":{"line":20,"column":45},"end":{"line":20,"column":70}},"line":20},"4":{"name":"(anonymous_4)","decl":{"start":{"line":22,"column":29},"end":{"line":22,"column":30}},"loc":{"start":{"line":22,"column":61},"end":{"line":23,"column":36}},"line":22},"5":{"name":"(anonymous_5)","decl":{"start":{"line":23,"column":6},"end":{"line":23,"column":7}},"loc":{"start":{"line":23,"column":17},"end":{"line":23,"column":35}},"line":23},"6":{"name":"(anonymous_6)","decl":{"start":{"line":25,"column":33},"end":{"line":25,"column":34}},"loc":{"start":{"line":25,"column":47},"end":{"line":25,"column":86}},"line":25},"7":{"name":"(anonymous_7)","decl":{"start":{"line":27,"column":33},"end":{"line":27,"column":34}},"loc":{"start":{"line":27,"column":77},"end":{"line":27,"column":119}},"line":27}},"branchMap":{},"s":{"0":0,"1":0,"2":0,"3":0,"4":0,"5":0,"6":0,"7":0,"8":0,"9":0,"10":0,"11":0,"12":0,"13":0,"14":0,"15":0,"16":0},"f":{"0":0,"1":0,"2":0,"3":0,"4":0,"5":0,"6":0,"7":0},"b":{},"all":true},"C:\\Users\\educa\\Desktop\\andela\\backend-my-brand\\src\\schema\\projects.ts":{"path":"C:\\Users\\educa\\Desktop\\andela\\backend-my-brand\\src\\schema\\projects.ts","statementMap":{"0":{"start":{"line":3,"column":22},"end":{"line":13,"column":2}},"1":{"start":{"line":15,"column":28},"end":{"line":15,"column":68}},"2":{"start":{"line":17,"column":26},"end":{"line":17,"column":51}},"3":{"start":{"line":17,"column":32},"end":{"line":17,"column":51}},"4":{"start":{"line":18,"column":32},"end":{"line":18,"column":82}},"5":{"start":{"line":18,"column":49},"end":{"line":18,"column":82}},"6":{"start":{"line":20,"column":30},"end":{"line":20,"column":70}},"7":{"start":{"line":20,"column":45},"end":{"line":20,"column":70}},"8":{"start":{"line":22,"column":29},"end":{"line":23,"column":36}},"9":{"start":{"line":22,"column":61},"end":{"line":23,"column":36}},"10":{"start":{"line":23,"column":17},"end":{"line":23,"column":35}},"11":{"start":{"line":25,"column":33},"end":{"line":25,"column":86}},"12":{"start":{"line":25,"column":47},"end":{"line":25,"column":86}},"13":{"start":{"line":27,"column":33},"end":{"line":27,"column":119}},"14":{"start":{"line":27,"column":77},"end":{"line":27,"column":119}}},"fnMap":{"0":{"name":"(anonymous_0)","decl":{"start":{"line":17,"column":26},"end":{"line":17,"column":27}},"loc":{"start":{"line":17,"column":32},"end":{"line":17,"column":51}},"line":17},"1":{"name":"(anonymous_1)","decl":{"start":{"line":18,"column":32},"end":{"line":18,"column":33}},"loc":{"start":{"line":18,"column":49},"end":{"line":18,"column":82}},"line":18},"2":{"name":"(anonymous_2)","decl":{"start":{"line":20,"column":30},"end":{"line":20,"column":31}},"loc":{"start":{"line":20,"column":45},"end":{"line":20,"column":70}},"line":20},"3":{"name":"(anonymous_3)","decl":{"start":{"line":22,"column":29},"end":{"line":22,"column":30}},"loc":{"start":{"line":22,"column":61},"end":{"line":23,"column":36}},"line":22},"4":{"name":"(anonymous_4)","decl":{"start":{"line":23,"column":6},"end":{"line":23,"column":7}},"loc":{"start":{"line":23,"column":17},"end":{"line":23,"column":35}},"line":23},"5":{"name":"(anonymous_5)","decl":{"start":{"line":25,"column":33},"end":{"line":25,"column":34}},"loc":{"start":{"line":25,"column":47},"end":{"line":25,"column":86}},"line":25},"6":{"name":"(anonymous_6)","decl":{"start":{"line":27,"column":33},"end":{"line":27,"column":34}},"loc":{"start":{"line":27,"column":77},"end":{"line":27,"column":119}},"line":27}},"branchMap":{},"s":{"0":0,"1":0,"2":0,"3":0,"4":0,"5":0,"6":0,"7":0,"8":0,"9":0,"10":0,"11":0,"12":0,"13":0,"14":0},"f":{"0":0,"1":0,"2":0,"3":0,"4":0,"5":0,"6":0},"b":{},"all":true},"C:\\Users\\educa\\Desktop\\andela\\backend-my-brand\\src\\schema\\todos.ts":{"path":"C:\\Users\\educa\\Desktop\\andela\\backend-my-brand\\src\\schema\\todos.ts","statementMap":{"0":{"start":{"line":3,"column":19},"end":{"line":8,"column":2}},"1":{"start":{"line":10,"column":25},"end":{"line":10,"column":59}},"2":{"start":{"line":12,"column":23},"end":{"line":12,"column":45}},"3":{"start":{"line":12,"column":29},"end":{"line":12,"column":45}},"4":{"start":{"line":13,"column":30},"end":{"line":13,"column":81}},"5":{"start":{"line":13,"column":48},"end":{"line":13,"column":81}},"6":{"start":{"line":15,"column":27},"end":{"line":15,"column":64}},"7":{"start":{"line":15,"column":42},"end":{"line":15,"column":64}},"8":{"start":{"line":17,"column":26},"end":{"line":18,"column":30}},"9":{"start":{"line":17,"column":58},"end":{"line":18,"column":30}},"10":{"start":{"line":18,"column":14},"end":{"line":18,"column":29}},"11":{"start":{"line":20,"column":30},"end":{"line":20,"column":80}},"12":{"start":{"line":20,"column":44},"end":{"line":20,"column":80}},"13":{"start":{"line":22,"column":30},"end":{"line":22,"column":113}},"14":{"start":{"line":22,"column":74},"end":{"line":22,"column":113}}},"fnMap":{"0":{"name":"(anonymous_0)","decl":{"start":{"line":12,"column":23},"end":{"line":12,"column":24}},"loc":{"start":{"line":12,"column":29},"end":{"line":12,"column":45}},"line":12},"1":{"name":"(anonymous_1)","decl":{"start":{"line":13,"column":30},"end":{"line":13,"column":31}},"loc":{"start":{"line":13,"column":48},"end":{"line":13,"column":81}},"line":13},"2":{"name":"(anonymous_2)","decl":{"start":{"line":15,"column":27},"end":{"line":15,"column":28}},"loc":{"start":{"line":15,"column":42},"end":{"line":15,"column":64}},"line":15},"3":{"name":"(anonymous_3)","decl":{"start":{"line":17,"column":26},"end":{"line":17,"column":27}},"loc":{"start":{"line":17,"column":58},"end":{"line":18,"column":30}},"line":17},"4":{"name":"(anonymous_4)","decl":{"start":{"line":18,"column":6},"end":{"line":18,"column":7}},"loc":{"start":{"line":18,"column":14},"end":{"line":18,"column":29}},"line":18},"5":{"name":"(anonymous_5)","decl":{"start":{"line":20,"column":30},"end":{"line":20,"column":31}},"loc":{"start":{"line":20,"column":44},"end":{"line":20,"column":80}},"line":20},"6":{"name":"(anonymous_6)","decl":{"start":{"line":22,"column":30},"end":{"line":22,"column":31}},"loc":{"start":{"line":22,"column":74},"end":{"line":22,"column":113}},"line":22}},"branchMap":{},"s":{"0":0,"1":0,"2":0,"3":0,"4":0,"5":0,"6":0,"7":0,"8":0,"9":0,"10":0,"11":0,"12":0,"13":0,"14":0},"f":{"0":0,"1":0,"2":0,"3":0,"4":0,"5":0,"6":0},"b":{},"all":true},"C:\\Users\\educa\\Desktop\\andela\\backend-my-brand\\src\\schema\\users.ts":{"path":"C:\\Users\\educa\\Desktop\\andela\\backend-my-brand\\src\\schema\\users.ts","statementMap":{"0":{"start":{"line":3,"column":19},"end":{"line":14,"column":2}},"1":{"start":{"line":16,"column":25},"end":{"line":16,"column":59}},"2":{"start":{"line":17,"column":24},"end":{"line":17,"column":46}},"3":{"start":{"line":17,"column":30},"end":{"line":17,"column":46}},"4":{"start":{"line":18,"column":30},"end":{"line":18,"column":80}},"5":{"start":{"line":18,"column":48},"end":{"line":18,"column":80}},"6":{"start":{"line":19,"column":37},"end":{"line":21,"column":2}},"7":{"start":{"line":19,"column":66},"end":{"line":21,"column":2}},"8":{"start":{"line":23,"column":27},"end":{"line":23,"column":64}},"9":{"start":{"line":23,"column":42},"end":{"line":23,"column":64}},"10":{"start":{"line":25,"column":29},"end":{"line":25,"column":70}},"11":{"start":{"line":25,"column":46},"end":{"line":25,"column":70}},"12":{"start":{"line":26,"column":26},"end":{"line":27,"column":30}},"13":{"start":{"line":26,"column":58},"end":{"line":27,"column":30}},"14":{"start":{"line":27,"column":14},"end":{"line":27,"column":29}},"15":{"start":{"line":29,"column":30},"end":{"line":29,"column":80}},"16":{"start":{"line":29,"column":44},"end":{"line":29,"column":80}},"17":{"start":{"line":31,"column":30},"end":{"line":31,"column":113}},"18":{"start":{"line":31,"column":74},"end":{"line":31,"column":113}}},"fnMap":{"0":{"name":"(anonymous_0)","decl":{"start":{"line":17,"column":24},"end":{"line":17,"column":25}},"loc":{"start":{"line":17,"column":30},"end":{"line":17,"column":46}},"line":17},"1":{"name":"(anonymous_1)","decl":{"start":{"line":18,"column":30},"end":{"line":18,"column":31}},"loc":{"start":{"line":18,"column":48},"end":{"line":18,"column":80}},"line":18},"2":{"name":"(anonymous_2)","decl":{"start":{"line":19,"column":37},"end":{"line":19,"column":38}},"loc":{"start":{"line":19,"column":66},"end":{"line":21,"column":2}},"line":19},"3":{"name":"(anonymous_3)","decl":{"start":{"line":23,"column":27},"end":{"line":23,"column":28}},"loc":{"start":{"line":23,"column":42},"end":{"line":23,"column":64}},"line":23},"4":{"name":"(anonymous_4)","decl":{"start":{"line":25,"column":29},"end":{"line":25,"column":30}},"loc":{"start":{"line":25,"column":46},"end":{"line":25,"column":70}},"line":25},"5":{"name":"(anonymous_5)","decl":{"start":{"line":26,"column":26},"end":{"line":26,"column":27}},"loc":{"start":{"line":26,"column":58},"end":{"line":27,"column":30}},"line":26},"6":{"name":"(anonymous_6)","decl":{"start":{"line":27,"column":6},"end":{"line":27,"column":7}},"loc":{"start":{"line":27,"column":14},"end":{"line":27,"column":29}},"line":27},"7":{"name":"(anonymous_7)","decl":{"start":{"line":29,"column":30},"end":{"line":29,"column":31}},"loc":{"start":{"line":29,"column":44},"end":{"line":29,"column":80}},"line":29},"8":{"name":"(anonymous_8)","decl":{"start":{"line":31,"column":30},"end":{"line":31,"column":31}},"loc":{"start":{"line":31,"column":74},"end":{"line":31,"column":113}},"line":31}},"branchMap":{},"s":{"0":0,"1":0,"2":0,"3":0,"4":0,"5":0,"6":0,"7":0,"8":0,"9":0,"10":0,"11":0,"12":0,"13":0,"14":0,"15":0,"16":0,"17":0,"18":0},"f":{"0":0,"1":0,"2":0,"3":0,"4":0,"5":0,"6":0,"7":0,"8":0},"b":{},"all":true}}