{"C:\\Users\\educa\\Desktop\\andela\\backend-my-brand\\src\\controllers\\blogs.ts":{"path":"C:\\Users\\educa\\Desktop\\andela\\backend-my-brand\\src\\controllers\\blogs.ts","statementMap":{"0":{"start":{"line":2,"column":16},"end":{"line":10,"column":1}},"1":{"start":{"line":3,"column":28},"end":{"line":3,"column":110}},"2":{"start":{"line":3,"column":91},"end":{"line":3,"column":106}},"3":{"start":{"line":4,"column":4},"end":{"line":9,"column":7}},"4":{"start":{"line":5,"column":36},"end":{"line":5,"column":97}},"5":{"start":{"line":5,"column":42},"end":{"line":5,"column":70}},"6":{"start":{"line":5,"column":85},"end":{"line":5,"column":95}},"7":{"start":{"line":6,"column":35},"end":{"line":6,"column":100}},"8":{"start":{"line":6,"column":41},"end":{"line":6,"column":73}},"9":{"start":{"line":6,"column":88},"end":{"line":6,"column":98}},"10":{"start":{"line":7,"column":32},"end":{"line":7,"column":116}},"11":{"start":{"line":8,"column":8},"end":{"line":8,"column":78}},"12":{"start":{"line":11,"column":18},"end":{"line":37,"column":1}},"13":{"start":{"line":12,"column":12},"end":{"line":12,"column":104}},"14":{"start":{"line":12,"column":43},"end":{"line":12,"column":68}},"15":{"start":{"line":12,"column":57},"end":{"line":12,"column":68}},"16":{"start":{"line":12,"column":69},"end":{"line":12,"column":81}},"17":{"start":{"line":13,"column":4},"end":{"line":13,"column":157}},"18":{"start":{"line":13,"column":138},"end":{"line":13,"column":150}},"19":{"start":{"line":14,"column":23},"end":{"line":14,"column":68}},"20":{"start":{"line":14,"column":45},"end":{"line":14,"column":65}},"21":{"start":{"line":16,"column":8},"end":{"line":16,"column":70}},"22":{"start":{"line":16,"column":15},"end":{"line":16,"column":70}},"23":{"start":{"line":17,"column":8},"end":{"line":34,"column":66}},"24":{"start":{"line":17,"column":50},"end":{"line":34,"column":66}},"25":{"start":{"line":18,"column":12},"end":{"line":18,"column":169}},"26":{"start":{"line":18,"column":160},"end":{"line":18,"column":169}},"27":{"start":{"line":19,"column":12},"end":{"line":19,"column":52}},"28":{"start":{"line":19,"column":26},"end":{"line":19,"column":52}},"29":{"start":{"line":20,"column":12},"end":{"line":32,"column":13}},"30":{"start":{"line":21,"column":32},"end":{"line":21,"column":39}},"31":{"start":{"line":21,"column":40},"end":{"line":21,"column":46}},"32":{"start":{"line":22,"column":24},"end":{"line":22,"column":34}},"33":{"start":{"line":22,"column":35},"end":{"line":22,"column":72}},"34":{"start":{"line":23,"column":24},"end":{"line":23,"column":34}},"35":{"start":{"line":23,"column":35},"end":{"line":23,"column":45}},"36":{"start":{"line":23,"column":46},"end":{"line":23,"column":55}},"37":{"start":{"line":23,"column":56},"end":{"line":23,"column":65}},"38":{"start":{"line":24,"column":24},"end":{"line":24,"column":41}},"39":{"start":{"line":24,"column":42},"end":{"line":24,"column":55}},"40":{"start":{"line":24,"column":56},"end":{"line":24,"column":65}},"41":{"start":{"line":26,"column":20},"end":{"line":26,"column":128}},"42":{"start":{"line":26,"column":110},"end":{"line":26,"column":116}},"43":{"start":{"line":26,"column":117},"end":{"line":26,"column":126}},"44":{"start":{"line":27,"column":20},"end":{"line":27,"column":106}},"45":{"start":{"line":27,"column":81},"end":{"line":27,"column":97}},"46":{"start":{"line":27,"column":98},"end":{"line":27,"column":104}},"47":{"start":{"line":28,"column":20},"end":{"line":28,"column":89}},"48":{"start":{"line":28,"column":57},"end":{"line":28,"column":72}},"49":{"start":{"line":28,"column":73},"end":{"line":28,"column":80}},"50":{"start":{"line":28,"column":81},"end":{"line":28,"column":87}},"51":{"start":{"line":29,"column":20},"end":{"line":29,"column":87}},"52":{"start":{"line":29,"column":47},"end":{"line":29,"column":62}},"53":{"start":{"line":29,"column":63},"end":{"line":29,"column":78}},"54":{"start":{"line":29,"column":79},"end":{"line":29,"column":85}},"55":{"start":{"line":30,"column":20},"end":{"line":30,"column":42}},"56":{"start":{"line":30,"column":30},"end":{"line":30,"column":42}},"57":{"start":{"line":31,"column":20},"end":{"line":31,"column":33}},"58":{"start":{"line":31,"column":34},"end":{"line":31,"column":43}},"59":{"start":{"line":33,"column":12},"end":{"line":33,"column":39}},"60":{"start":{"line":34,"column":22},"end":{"line":34,"column":34}},"61":{"start":{"line":34,"column":35},"end":{"line":34,"column":41}},"62":{"start":{"line":34,"column":54},"end":{"line":34,"column":64}},"63":{"start":{"line":35,"column":8},"end":{"line":35,"column":35}},"64":{"start":{"line":35,"column":23},"end":{"line":35,"column":35}},"65":{"start":{"line":35,"column":36},"end":{"line":35,"column":89}},"66":{"start":{"line":38,"column":22},"end":{"line":40,"column":1}},"67":{"start":{"line":39,"column":4},"end":{"line":39,"column":62}},"68":{"start":{"line":41,"column":0},"end":{"line":41,"column":62}},"69":{"start":{"line":42,"column":0},"end":{"line":42,"column":176}},"70":{"start":{"line":43,"column":14},"end":{"line":43,"column":40}},"71":{"start":{"line":44,"column":19},"end":{"line":44,"column":51}},"72":{"start":{"line":45,"column":11},"end":{"line":45,"column":24}},"73":{"start":{"line":46,"column":13},"end":{"line":46,"column":28}},"74":{"start":{"line":47,"column":14},"end":{"line":47,"column":47}},"75":{"start":{"line":48,"column":24},"end":{"line":48,"column":61}},"76":{"start":{"line":49,"column":17},"end":{"line":126,"column":5}},"77":{"start":{"line":49,"column":45},"end":{"line":126,"column":3}},"78":{"start":{"line":51,"column":4},"end":{"line":125,"column":7}},"79":{"start":{"line":52,"column":8},"end":{"line":124,"column":9}},"80":{"start":{"line":54,"column":16},"end":{"line":54,"column":42}},"81":{"start":{"line":55,"column":16},"end":{"line":55,"column":32}},"82":{"start":{"line":56,"column":16},"end":{"line":56,"column":156}},"83":{"start":{"line":57,"column":16},"end":{"line":59,"column":17}},"84":{"start":{"line":58,"column":20},"end":{"line":58,"column":106}},"85":{"start":{"line":60,"column":16},"end":{"line":60,"column":91}},"86":{"start":{"line":62,"column":16},"end":{"line":62,"column":35}},"87":{"start":{"line":63,"column":16},"end":{"line":63,"column":46}},"88":{"start":{"line":64,"column":16},"end":{"line":64,"column":39}},"89":{"start":{"line":65,"column":16},"end":{"line":65,"column":43}},"90":{"start":{"line":66,"column":16},"end":{"line":66,"column":45}},"91":{"start":{"line":67,"column":16},"end":{"line":67,"column":45}},"92":{"start":{"line":68,"column":16},"end":{"line":68,"column":49}},"93":{"start":{"line":69,"column":16},"end":{"line":69,"column":75}},"94":{"start":{"line":71,"column":16},"end":{"line":71,"column":41}},"95":{"start":{"line":72,"column":16},"end":{"line":74,"column":17}},"96":{"start":{"line":73,"column":20},"end":{"line":73,"column":116}},"97":{"start":{"line":75,"column":16},"end":{"line":75,"column":36}},"98":{"start":{"line":76,"column":16},"end":{"line":78,"column":17}},"99":{"start":{"line":77,"column":20},"end":{"line":77,"column":101}},"100":{"start":{"line":79,"column":16},"end":{"line":79,"column":38}},"101":{"start":{"line":80,"column":16},"end":{"line":80,"column":42}},"102":{"start":{"line":81,"column":16},"end":{"line":81,"column":29}},"103":{"start":{"line":83,"column":16},"end":{"line":83,"column":68}},"104":{"start":{"line":83,"column":44},"end":{"line":83,"column":68}},"105":{"start":{"line":84,"column":16},"end":{"line":84,"column":35}},"106":{"start":{"line":85,"column":16},"end":{"line":87,"column":37}},"107":{"start":{"line":89,"column":16},"end":{"line":89,"column":42}},"108":{"start":{"line":90,"column":16},"end":{"line":111,"column":19}},"109":{"start":{"line":94,"column":20},"end":{"line":97,"column":21}},"110":{"start":{"line":95,"column":24},"end":{"line":95,"column":71}},"111":{"start":{"line":96,"column":24},"end":{"line":96,"column":56}},"112":{"start":{"line":98,"column":20},"end":{"line":101,"column":21}},"113":{"start":{"line":99,"column":24},"end":{"line":99,"column":86}},"114":{"start":{"line":100,"column":24},"end":{"line":100,"column":92}},"115":{"start":{"line":102,"column":20},"end":{"line":102,"column":61}},"116":{"start":{"line":103,"column":20},"end":{"line":110,"column":21}},"117":{"start":{"line":105,"column":24},"end":{"line":105,"column":62}},"118":{"start":{"line":106,"column":35},"end":{"line":108,"column":26}},"119":{"start":{"line":107,"column":28},"end":{"line":107,"column":109}},"120":{"start":{"line":112,"column":16},"end":{"line":112,"column":48}},"121":{"start":{"line":113,"column":16},"end":{"line":113,"column":29}},"122":{"start":{"line":115,"column":16},"end":{"line":115,"column":21}},"123":{"start":{"line":116,"column":16},"end":{"line":116,"column":40}},"124":{"start":{"line":117,"column":20},"end":{"line":117,"column":44}},"125":{"start":{"line":119,"column":16},"end":{"line":119,"column":36}},"126":{"start":{"line":120,"column":16},"end":{"line":120,"column":82}},"127":{"start":{"line":121,"column":16},"end":{"line":121,"column":30}},"128":{"start":{"line":122,"column":16},"end":{"line":122,"column":40}},"129":{"start":{"line":123,"column":20},"end":{"line":123,"column":42}},"130":{"start":{"line":127,"column":0},"end":{"line":127,"column":32}},"131":{"start":{"line":128,"column":18},"end":{"line":183,"column":5}},"132":{"start":{"line":128,"column":40},"end":{"line":183,"column":3}},"133":{"start":{"line":130,"column":4},"end":{"line":182,"column":7}},"134":{"start":{"line":131,"column":8},"end":{"line":181,"column":9}},"135":{"start":{"line":133,"column":16},"end":{"line":133,"column":42}},"136":{"start":{"line":134,"column":16},"end":{"line":134,"column":41}},"137":{"start":{"line":135,"column":16},"end":{"line":135,"column":34}},"138":{"start":{"line":136,"column":16},"end":{"line":136,"column":36}},"139":{"start":{"line":137,"column":16},"end":{"line":138,"column":24}},"140":{"start":{"line":140,"column":16},"end":{"line":140,"column":26}},"141":{"start":{"line":141,"column":16},"end":{"line":172,"column":17}},"142":{"start":{"line":142,"column":20},"end":{"line":160,"column":23}},"143":{"start":{"line":146,"column":24},"end":{"line":149,"column":25}},"144":{"start":{"line":147,"column":28},"end":{"line":147,"column":75}},"145":{"start":{"line":148,"column":28},"end":{"line":148,"column":49}},"146":{"start":{"line":150,"column":24},"end":{"line":153,"column":25}},"147":{"start":{"line":151,"column":28},"end":{"line":151,"column":90}},"148":{"start":{"line":152,"column":28},"end":{"line":152,"column":96}},"149":{"start":{"line":154,"column":24},"end":{"line":154,"column":59}},"150":{"start":{"line":155,"column":24},"end":{"line":159,"column":25}},"151":{"start":{"line":157,"column":28},"end":{"line":157,"column":69}},"152":{"start":{"line":158,"column":28},"end":{"line":158,"column":82}},"153":{"start":{"line":161,"column":20},"end":{"line":161,"column":48}},"154":{"start":{"line":163,"column":20},"end":{"line":166,"column":21}},"155":{"start":{"line":164,"column":24},"end":{"line":164,"column":54}},"156":{"start":{"line":165,"column":24},"end":{"line":165,"column":146}},"157":{"start":{"line":169,"column":20},"end":{"line":169,"column":37}},"158":{"start":{"line":170,"column":20},"end":{"line":170,"column":48}},"159":{"start":{"line":171,"column":20},"end":{"line":171,"column":129}},"160":{"start":{"line":173,"column":16},"end":{"line":173,"column":40}},"161":{"start":{"line":175,"column":16},"end":{"line":175,"column":34}},"162":{"start":{"line":176,"column":16},"end":{"line":176,"column":57}},"163":{"start":{"line":177,"column":16},"end":{"line":179,"column":24}},"164":{"start":{"line":180,"column":20},"end":{"line":180,"column":42}},"165":{"start":{"line":184,"column":0},"end":{"line":184,"column":34}},"166":{"start":{"line":185,"column":14},"end":{"line":217,"column":5}},"167":{"start":{"line":185,"column":36},"end":{"line":217,"column":3}},"168":{"start":{"line":187,"column":4},"end":{"line":216,"column":7}},"169":{"start":{"line":188,"column":8},"end":{"line":215,"column":9}},"170":{"start":{"line":190,"column":16},"end":{"line":190,"column":42}},"171":{"start":{"line":191,"column":16},"end":{"line":191,"column":218}},"172":{"start":{"line":192,"column":16},"end":{"line":192,"column":55}},"173":{"start":{"line":193,"column":16},"end":{"line":195,"column":17}},"174":{"start":{"line":194,"column":20},"end":{"line":194,"column":63}},"175":{"start":{"line":196,"column":16},"end":{"line":196,"column":73}},"176":{"start":{"line":198,"column":16},"end":{"line":198,"column":41}},"177":{"start":{"line":199,"column":16},"end":{"line":201,"column":17}},"178":{"start":{"line":200,"column":20},"end":{"line":200,"column":116}},"179":{"start":{"line":202,"column":16},"end":{"line":205,"column":19}},"180":{"start":{"line":203,"column":20},"end":{"line":203,"column":62}},"181":{"start":{"line":204,"column":20},"end":{"line":204,"column":77}},"182":{"start":{"line":206,"column":16},"end":{"line":206,"column":218}},"183":{"start":{"line":208,"column":16},"end":{"line":208,"column":33}},"184":{"start":{"line":209,"column":16},"end":{"line":209,"column":95}},"185":{"start":{"line":211,"column":16},"end":{"line":211,"column":36}},"186":{"start":{"line":212,"column":16},"end":{"line":212,"column":46}},"187":{"start":{"line":213,"column":16},"end":{"line":213,"column":59}},"188":{"start":{"line":214,"column":20},"end":{"line":214,"column":42}},"189":{"start":{"line":218,"column":0},"end":{"line":218,"column":26}},"190":{"start":{"line":219,"column":18},"end":{"line":236,"column":5}},"191":{"start":{"line":219,"column":40},"end":{"line":236,"column":3}},"192":{"start":{"line":221,"column":4},"end":{"line":235,"column":7}},"193":{"start":{"line":222,"column":8},"end":{"line":234,"column":9}},"194":{"start":{"line":224,"column":16},"end":{"line":224,"column":42}},"195":{"start":{"line":225,"column":16},"end":{"line":225,"column":61}},"196":{"start":{"line":227,"column":16},"end":{"line":227,"column":34}},"197":{"start":{"line":228,"column":16},"end":{"line":228,"column":67}},"198":{"start":{"line":230,"column":16},"end":{"line":230,"column":36}},"199":{"start":{"line":231,"column":16},"end":{"line":231,"column":37}},"200":{"start":{"line":232,"column":16},"end":{"line":232,"column":100}},"201":{"start":{"line":233,"column":20},"end":{"line":233,"column":42}},"202":{"start":{"line":237,"column":0},"end":{"line":237,"column":34}},"203":{"start":{"line":238,"column":21},"end":{"line":259,"column":5}},"204":{"start":{"line":238,"column":43},"end":{"line":259,"column":3}},"205":{"start":{"line":240,"column":4},"end":{"line":258,"column":7}},"206":{"start":{"line":241,"column":8},"end":{"line":257,"column":9}},"207":{"start":{"line":243,"column":16},"end":{"line":243,"column":42}},"208":{"start":{"line":244,"column":16},"end":{"line":244,"column":35}},"209":{"start":{"line":245,"column":16},"end":{"line":245,"column":67}},"210":{"start":{"line":247,"column":16},"end":{"line":247,"column":33}},"211":{"start":{"line":248,"column":16},"end":{"line":250,"column":17}},"212":{"start":{"line":249,"column":20},"end":{"line":249,"column":95}},"213":{"start":{"line":251,"column":16},"end":{"line":251,"column":116}},"214":{"start":{"line":253,"column":16},"end":{"line":253,"column":36}},"215":{"start":{"line":254,"column":16},"end":{"line":254,"column":37}},"216":{"start":{"line":255,"column":16},"end":{"line":255,"column":90}},"217":{"start":{"line":256,"column":20},"end":{"line":256,"column":42}},"218":{"start":{"line":260,"column":0},"end":{"line":260,"column":40}},"219":{"start":{"line":261,"column":17},"end":{"line":285,"column":5}},"220":{"start":{"line":261,"column":39},"end":{"line":285,"column":3}},"221":{"start":{"line":263,"column":4},"end":{"line":284,"column":7}},"222":{"start":{"line":264,"column":8},"end":{"line":283,"column":9}},"223":{"start":{"line":266,"column":16},"end":{"line":266,"column":42}},"224":{"start":{"line":267,"column":16},"end":{"line":267,"column":35}},"225":{"start":{"line":268,"column":16},"end":{"line":268,"column":67}},"226":{"start":{"line":270,"column":16},"end":{"line":270,"column":33}},"227":{"start":{"line":271,"column":16},"end":{"line":273,"column":17}},"228":{"start":{"line":272,"column":20},"end":{"line":272,"column":95}},"229":{"start":{"line":274,"column":16},"end":{"line":274,"column":70}},"230":{"start":{"line":276,"column":16},"end":{"line":276,"column":40}},"231":{"start":{"line":277,"column":16},"end":{"line":277,"column":116}},"232":{"start":{"line":279,"column":16},"end":{"line":279,"column":36}},"233":{"start":{"line":280,"column":16},"end":{"line":280,"column":37}},"234":{"start":{"line":281,"column":16},"end":{"line":281,"column":59}},"235":{"start":{"line":282,"column":20},"end":{"line":282,"column":42}},"236":{"start":{"line":286,"column":0},"end":{"line":286,"column":32}},"237":{"start":{"line":287,"column":17},"end":{"line":328,"column":5}},"238":{"start":{"line":287,"column":39},"end":{"line":328,"column":3}},"239":{"start":{"line":289,"column":4},"end":{"line":327,"column":7}},"240":{"start":{"line":290,"column":8},"end":{"line":326,"column":9}},"241":{"start":{"line":292,"column":16},"end":{"line":292,"column":42}},"242":{"start":{"line":293,"column":16},"end":{"line":293,"column":35}},"243":{"start":{"line":294,"column":16},"end":{"line":294,"column":67}},"244":{"start":{"line":296,"column":16},"end":{"line":296,"column":41}},"245":{"start":{"line":297,"column":16},"end":{"line":299,"column":17}},"246":{"start":{"line":298,"column":20},"end":{"line":298,"column":95}},"247":{"start":{"line":300,"column":16},"end":{"line":300,"column":166}},"248":{"start":{"line":301,"column":16},"end":{"line":303,"column":17}},"249":{"start":{"line":302,"column":20},"end":{"line":302,"column":88}},"250":{"start":{"line":304,"column":16},"end":{"line":304,"column":67}},"251":{"start":{"line":306,"column":16},"end":{"line":306,"column":33}},"252":{"start":{"line":307,"column":16},"end":{"line":309,"column":17}},"253":{"start":{"line":308,"column":20},"end":{"line":308,"column":95}},"254":{"start":{"line":310,"column":16},"end":{"line":310,"column":37}},"255":{"start":{"line":311,"column":16},"end":{"line":311,"column":35}},"256":{"start":{"line":312,"column":16},"end":{"line":312,"column":41}},"257":{"start":{"line":313,"column":16},"end":{"line":313,"column":39}},"258":{"start":{"line":314,"column":16},"end":{"line":314,"column":45}},"259":{"start":{"line":315,"column":16},"end":{"line":315,"column":41}},"260":{"start":{"line":316,"column":16},"end":{"line":316,"column":50}},"261":{"start":{"line":318,"column":16},"end":{"line":318,"column":40}},"262":{"start":{"line":320,"column":16},"end":{"line":320,"column":102}},"263":{"start":{"line":322,"column":16},"end":{"line":322,"column":36}},"264":{"start":{"line":323,"column":16},"end":{"line":323,"column":37}},"265":{"start":{"line":324,"column":16},"end":{"line":324,"column":111}},"266":{"start":{"line":325,"column":20},"end":{"line":325,"column":42}},"267":{"start":{"line":329,"column":0},"end":{"line":329,"column":32}},"268":{"start":{"line":330,"column":15},"end":{"line":407,"column":5}},"269":{"start":{"line":330,"column":43},"end":{"line":407,"column":3}},"270":{"start":{"line":332,"column":4},"end":{"line":406,"column":7}},"271":{"start":{"line":333,"column":8},"end":{"line":405,"column":9}},"272":{"start":{"line":335,"column":16},"end":{"line":335,"column":42}},"273":{"start":{"line":336,"column":16},"end":{"line":336,"column":32}},"274":{"start":{"line":337,"column":16},"end":{"line":337,"column":35}},"275":{"start":{"line":338,"column":16},"end":{"line":338,"column":156}},"276":{"start":{"line":339,"column":16},"end":{"line":341,"column":17}},"277":{"start":{"line":340,"column":20},"end":{"line":340,"column":106}},"278":{"start":{"line":342,"column":16},"end":{"line":342,"column":67}},"279":{"start":{"line":344,"column":16},"end":{"line":344,"column":43}},"280":{"start":{"line":345,"column":16},"end":{"line":347,"column":17}},"281":{"start":{"line":346,"column":20},"end":{"line":346,"column":95}},"282":{"start":{"line":348,"column":16},"end":{"line":348,"column":56}},"283":{"start":{"line":348,"column":32},"end":{"line":348,"column":56}},"284":{"start":{"line":349,"column":16},"end":{"line":349,"column":36}},"285":{"start":{"line":350,"column":16},"end":{"line":352,"column":17}},"286":{"start":{"line":351,"column":20},"end":{"line":351,"column":101}},"287":{"start":{"line":353,"column":16},"end":{"line":353,"column":38}},"288":{"start":{"line":354,"column":16},"end":{"line":354,"column":42}},"289":{"start":{"line":355,"column":16},"end":{"line":355,"column":29}},"290":{"start":{"line":357,"column":16},"end":{"line":357,"column":68}},"291":{"start":{"line":357,"column":44},"end":{"line":357,"column":68}},"292":{"start":{"line":358,"column":16},"end":{"line":358,"column":35}},"293":{"start":{"line":359,"column":16},"end":{"line":361,"column":37}},"294":{"start":{"line":363,"column":16},"end":{"line":363,"column":42}},"295":{"start":{"line":364,"column":16},"end":{"line":392,"column":19}},"296":{"start":{"line":368,"column":20},"end":{"line":371,"column":21}},"297":{"start":{"line":369,"column":24},"end":{"line":369,"column":71}},"298":{"start":{"line":370,"column":24},"end":{"line":370,"column":56}},"299":{"start":{"line":372,"column":20},"end":{"line":375,"column":21}},"300":{"start":{"line":373,"column":24},"end":{"line":373,"column":86}},"301":{"start":{"line":374,"column":24},"end":{"line":374,"column":92}},"302":{"start":{"line":376,"column":20},"end":{"line":376,"column":61}},"303":{"start":{"line":377,"column":20},"end":{"line":391,"column":21}},"304":{"start":{"line":379,"column":24},"end":{"line":379,"column":70}},"305":{"start":{"line":380,"column":24},"end":{"line":385,"column":98}},"306":{"start":{"line":386,"column":42},"end":{"line":386,"column":63}},"307":{"start":{"line":390,"column":24},"end":{"line":390,"column":110}},"308":{"start":{"line":393,"column":16},"end":{"line":393,"column":48}},"309":{"start":{"line":394,"column":16},"end":{"line":394,"column":29}},"310":{"start":{"line":396,"column":16},"end":{"line":396,"column":21}},"311":{"start":{"line":397,"column":16},"end":{"line":397,"column":40}},"312":{"start":{"line":398,"column":20},"end":{"line":398,"column":44}},"313":{"start":{"line":400,"column":16},"end":{"line":400,"column":36}},"314":{"start":{"line":401,"column":16},"end":{"line":401,"column":82}},"315":{"start":{"line":402,"column":16},"end":{"line":402,"column":30}},"316":{"start":{"line":403,"column":16},"end":{"line":403,"column":40}},"317":{"start":{"line":404,"column":20},"end":{"line":404,"column":42}},"318":{"start":{"line":408,"column":0},"end":{"line":408,"column":28}}},"fnMap":{"0":{"name":"(anonymous_0)","decl":{"start":{"line":2,"column":44},"end":{"line":2,"column":45}},"loc":{"start":{"line":2,"column":89},"end":{"line":10,"column":1}},"line":2},"1":{"name":"adopt","decl":{"start":{"line":3,"column":13},"end":{"line":3,"column":18}},"loc":{"start":{"line":3,"column":26},"end":{"line":3,"column":112}},"line":3},"2":{"name":"(anonymous_2)","decl":{"start":{"line":3,"column":70},"end":{"line":3,"column":71}},"loc":{"start":{"line":3,"column":89},"end":{"line":3,"column":108}},"line":3},"3":{"name":"(anonymous_3)","decl":{"start":{"line":4,"column":36},"end":{"line":4,"column":37}},"loc":{"start":{"line":4,"column":63},"end":{"line":9,"column":5}},"line":4},"4":{"name":"fulfilled","decl":{"start":{"line":5,"column":17},"end":{"line":5,"column":26}},"loc":{"start":{"line":5,"column":34},"end":{"line":5,"column":99}},"line":5},"5":{"name":"rejected","decl":{"start":{"line":6,"column":17},"end":{"line":6,"column":25}},"loc":{"start":{"line":6,"column":33},"end":{"line":6,"column":102}},"line":6},"6":{"name":"step","decl":{"start":{"line":7,"column":17},"end":{"line":7,"column":21}},"loc":{"start":{"line":7,"column":30},"end":{"line":7,"column":118}},"line":7},"7":{"name":"(anonymous_7)","decl":{"start":{"line":11,"column":48},"end":{"line":11,"column":49}},"loc":{"start":{"line":11,"column":73},"end":{"line":37,"column":1}},"line":11},"8":{"name":"(anonymous_8)","decl":{"start":{"line":12,"column":30},"end":{"line":12,"column":31}},"loc":{"start":{"line":12,"column":41},"end":{"line":12,"column":83}},"line":12},"9":{"name":"(anonymous_9)","decl":{"start":{"line":13,"column":125},"end":{"line":13,"column":126}},"loc":{"start":{"line":13,"column":136},"end":{"line":13,"column":152}},"line":13},"10":{"name":"verb","decl":{"start":{"line":14,"column":13},"end":{"line":14,"column":17}},"loc":{"start":{"line":14,"column":21},"end":{"line":14,"column":70}},"line":14},"11":{"name":"(anonymous_11)","decl":{"start":{"line":14,"column":30},"end":{"line":14,"column":31}},"loc":{"start":{"line":14,"column":43},"end":{"line":14,"column":67}},"line":14},"12":{"name":"step","decl":{"start":{"line":15,"column":13},"end":{"line":15,"column":17}},"loc":{"start":{"line":15,"column":22},"end":{"line":36,"column":5}},"line":15},"13":{"name":"(anonymous_13)","decl":{"start":{"line":38,"column":56},"end":{"line":38,"column":57}},"loc":{"start":{"line":38,"column":71},"end":{"line":40,"column":1}},"line":38},"14":{"name":"(anonymous_14)","decl":{"start":{"line":49,"column":17},"end":{"line":49,"column":18}},"loc":{"start":{"line":49,"column":43},"end":{"line":126,"column":5}},"line":49},"15":{"name":"(anonymous_15)","decl":{"start":{"line":49,"column":86},"end":{"line":49,"column":87}},"loc":{"start":{"line":49,"column":98},"end":{"line":126,"column":1}},"line":49},"16":{"name":"(anonymous_16)","decl":{"start":{"line":51,"column":29},"end":{"line":51,"column":30}},"loc":{"start":{"line":51,"column":43},"end":{"line":125,"column":5}},"line":51},"17":{"name":"(anonymous_17)","decl":{"start":{"line":93,"column":19},"end":{"line":93,"column":20}},"loc":{"start":{"line":93,"column":42},"end":{"line":111,"column":17}},"line":93},"18":{"name":"(anonymous_18)","decl":{"start":{"line":106,"column":203},"end":{"line":106,"column":204}},"loc":{"start":{"line":106,"column":221},"end":{"line":108,"column":25}},"line":106},"19":{"name":"(anonymous_19)","decl":{"start":{"line":128,"column":18},"end":{"line":128,"column":19}},"loc":{"start":{"line":128,"column":38},"end":{"line":183,"column":5}},"line":128},"20":{"name":"(anonymous_20)","decl":{"start":{"line":128,"column":81},"end":{"line":128,"column":82}},"loc":{"start":{"line":128,"column":93},"end":{"line":183,"column":1}},"line":128},"21":{"name":"(anonymous_21)","decl":{"start":{"line":130,"column":29},"end":{"line":130,"column":30}},"loc":{"start":{"line":130,"column":43},"end":{"line":182,"column":5}},"line":130},"22":{"name":"(anonymous_22)","decl":{"start":{"line":137,"column":157},"end":{"line":137,"column":158}},"loc":{"start":{"line":137,"column":169},"end":{"line":138,"column":21}},"line":137},"23":{"name":"(anonymous_23)","decl":{"start":{"line":145,"column":23},"end":{"line":145,"column":24}},"loc":{"start":{"line":145,"column":46},"end":{"line":160,"column":21}},"line":145},"24":{"name":"(anonymous_24)","decl":{"start":{"line":185,"column":14},"end":{"line":185,"column":15}},"loc":{"start":{"line":185,"column":34},"end":{"line":217,"column":5}},"line":185},"25":{"name":"(anonymous_25)","decl":{"start":{"line":185,"column":77},"end":{"line":185,"column":78}},"loc":{"start":{"line":185,"column":89},"end":{"line":217,"column":1}},"line":185},"26":{"name":"(anonymous_26)","decl":{"start":{"line":187,"column":29},"end":{"line":187,"column":30}},"loc":{"start":{"line":187,"column":43},"end":{"line":216,"column":5}},"line":187},"27":{"name":"(anonymous_27)","decl":{"start":{"line":202,"column":70},"end":{"line":202,"column":71}},"loc":{"start":{"line":202,"column":88},"end":{"line":205,"column":17}},"line":202},"28":{"name":"(anonymous_28)","decl":{"start":{"line":219,"column":18},"end":{"line":219,"column":19}},"loc":{"start":{"line":219,"column":38},"end":{"line":236,"column":5}},"line":219},"29":{"name":"(anonymous_29)","decl":{"start":{"line":219,"column":81},"end":{"line":219,"column":82}},"loc":{"start":{"line":219,"column":93},"end":{"line":236,"column":1}},"line":219},"30":{"name":"(anonymous_30)","decl":{"start":{"line":221,"column":29},"end":{"line":221,"column":30}},"loc":{"start":{"line":221,"column":43},"end":{"line":235,"column":5}},"line":221},"31":{"name":"(anonymous_31)","decl":{"start":{"line":238,"column":21},"end":{"line":238,"column":22}},"loc":{"start":{"line":238,"column":41},"end":{"line":259,"column":5}},"line":238},"32":{"name":"(anonymous_32)","decl":{"start":{"line":238,"column":84},"end":{"line":238,"column":85}},"loc":{"start":{"line":238,"column":96},"end":{"line":259,"column":1}},"line":238},"33":{"name":"(anonymous_33)","decl":{"start":{"line":240,"column":29},"end":{"line":240,"column":30}},"loc":{"start":{"line":240,"column":43},"end":{"line":258,"column":5}},"line":240},"34":{"name":"(anonymous_34)","decl":{"start":{"line":261,"column":17},"end":{"line":261,"column":18}},"loc":{"start":{"line":261,"column":37},"end":{"line":285,"column":5}},"line":261},"35":{"name":"(anonymous_35)","decl":{"start":{"line":261,"column":80},"end":{"line":261,"column":81}},"loc":{"start":{"line":261,"column":92},"end":{"line":285,"column":1}},"line":261},"36":{"name":"(anonymous_36)","decl":{"start":{"line":263,"column":29},"end":{"line":263,"column":30}},"loc":{"start":{"line":263,"column":43},"end":{"line":284,"column":5}},"line":263},"37":{"name":"(anonymous_37)","decl":{"start":{"line":287,"column":17},"end":{"line":287,"column":18}},"loc":{"start":{"line":287,"column":37},"end":{"line":328,"column":5}},"line":287},"38":{"name":"(anonymous_38)","decl":{"start":{"line":287,"column":80},"end":{"line":287,"column":81}},"loc":{"start":{"line":287,"column":92},"end":{"line":328,"column":1}},"line":287},"39":{"name":"(anonymous_39)","decl":{"start":{"line":289,"column":29},"end":{"line":289,"column":30}},"loc":{"start":{"line":289,"column":43},"end":{"line":327,"column":5}},"line":289},"40":{"name":"(anonymous_40)","decl":{"start":{"line":330,"column":15},"end":{"line":330,"column":16}},"loc":{"start":{"line":330,"column":41},"end":{"line":407,"column":5}},"line":330},"41":{"name":"(anonymous_41)","decl":{"start":{"line":330,"column":84},"end":{"line":330,"column":85}},"loc":{"start":{"line":330,"column":96},"end":{"line":407,"column":1}},"line":330},"42":{"name":"(anonymous_42)","decl":{"start":{"line":332,"column":29},"end":{"line":332,"column":30}},"loc":{"start":{"line":332,"column":43},"end":{"line":406,"column":5}},"line":332},"43":{"name":"(anonymous_43)","decl":{"start":{"line":367,"column":19},"end":{"line":367,"column":20}},"loc":{"start":{"line":367,"column":42},"end":{"line":392,"column":17}},"line":367}},"branchMap":{"0":{"loc":{"start":{"line":2,"column":16},"end":{"line":10,"column":1}},"type":"binary-expr","locations":[{"start":{"line":2,"column":17},"end":{"line":2,"column":21}},{"start":{"line":2,"column":25},"end":{"line":2,"column":39}},{"start":{"line":2,"column":44},"end":{"line":10,"column":1}}],"line":2},"1":{"loc":{"start":{"line":3,"column":35},"end":{"line":3,"column":109}},"type":"cond-expr","locations":[{"start":{"line":3,"column":56},"end":{"line":3,"column":61}},{"start":{"line":3,"column":64},"end":{"line":3,"column":109}}],"line":3},"2":{"loc":{"start":{"line":4,"column":16},"end":{"line":4,"column":34}},"type":"binary-expr","locations":[{"start":{"line":4,"column":16},"end":{"line":4,"column":17}},{"start":{"line":4,"column":22},"end":{"line":4,"column":33}}],"line":4},"3":{"loc":{"start":{"line":7,"column":32},"end":{"line":7,"column":115}},"type":"cond-expr","locations":[{"start":{"line":7,"column":46},"end":{"line":7,"column":67}},{"start":{"line":7,"column":70},"end":{"line":7,"column":115}}],"line":7},"4":{"loc":{"start":{"line":8,"column":51},"end":{"line":8,"column":67}},"type":"binary-expr","locations":[{"start":{"line":8,"column":51},"end":{"line":8,"column":61}},{"start":{"line":8,"column":65},"end":{"line":8,"column":67}}],"line":8},"5":{"loc":{"start":{"line":11,"column":18},"end":{"line":37,"column":1}},"type":"binary-expr","locations":[{"start":{"line":11,"column":19},"end":{"line":11,"column":23}},{"start":{"line":11,"column":27},"end":{"line":11,"column":43}},{"start":{"line":11,"column":48},"end":{"line":37,"column":1}}],"line":11},"6":{"loc":{"start":{"line":12,"column":43},"end":{"line":12,"column":68}},"type":"if","locations":[{"start":{"line":12,"column":43},"end":{"line":12,"column":68}},{"start":{"line":12,"column":43},"end":{"line":12,"column":68}}],"line":12},"7":{"loc":{"start":{"line":13,"column":71},"end":{"line":13,"column":153}},"type":"binary-expr","locations":[{"start":{"line":13,"column":71},"end":{"line":13,"column":99}},{"start":{"line":13,"column":104},"end":{"line":13,"column":152}}],"line":13},"8":{"loc":{"start":{"line":16,"column":8},"end":{"line":16,"column":70}},"type":"if","locations":[{"start":{"line":16,"column":8},"end":{"line":16,"column":70}},{"start":{"line":16,"column":8},"end":{"line":16,"column":70}}],"line":16},"9":{"loc":{"start":{"line":17,"column":15},"end":{"line":17,"column":45}},"type":"binary-expr","locations":[{"start":{"line":17,"column":15},"end":{"line":17,"column":16}},{"start":{"line":17,"column":21},"end":{"line":17,"column":44}}],"line":17},"10":{"loc":{"start":{"line":17,"column":28},"end":{"line":17,"column":44}},"type":"binary-expr","locations":[{"start":{"line":17,"column":28},"end":{"line":17,"column":33}},{"start":{"line":17,"column":38},"end":{"line":17,"column":43}}],"line":17},"11":{"loc":{"start":{"line":18,"column":12},"end":{"line":18,"column":169}},"type":"if","locations":[{"start":{"line":18,"column":12},"end":{"line":18,"column":169}},{"start":{"line":18,"column":12},"end":{"line":18,"column":169}}],"line":18},"12":{"loc":{"start":{"line":18,"column":23},"end":{"line":18,"column":158}},"type":"binary-expr","locations":[{"start":{"line":18,"column":23},"end":{"line":18,"column":24}},{"start":{"line":18,"column":29},"end":{"line":18,"column":125}},{"start":{"line":18,"column":130},"end":{"line":18,"column":158}}],"line":18},"13":{"loc":{"start":{"line":18,"column":33},"end":{"line":18,"column":125}},"type":"cond-expr","locations":[{"start":{"line":18,"column":45},"end":{"line":18,"column":56}},{"start":{"line":18,"column":59},"end":{"line":18,"column":125}}],"line":18},"14":{"loc":{"start":{"line":18,"column":59},"end":{"line":18,"column":125}},"type":"cond-expr","locations":[{"start":{"line":18,"column":67},"end":{"line":18,"column":116}},{"start":{"line":18,"column":119},"end":{"line":18,"column":125}}],"line":18},"15":{"loc":{"start":{"line":18,"column":67},"end":{"line":18,"column":116}},"type":"binary-expr","locations":[{"start":{"line":18,"column":67},"end":{"line":18,"column":77}},{"start":{"line":18,"column":82},"end":{"line":18,"column":115}}],"line":18},"16":{"loc":{"start":{"line":18,"column":82},"end":{"line":18,"column":112}},"type":"binary-expr","locations":[{"start":{"line":18,"column":83},"end":{"line":18,"column":98}},{"start":{"line":18,"column":103},"end":{"line":18,"column":112}}],"line":18},"17":{"loc":{"start":{"line":19,"column":12},"end":{"line":19,"column":52}},"type":"if","locations":[{"start":{"line":19,"column":12},"end":{"line":19,"column":52}},{"start":{"line":19,"column":12},"end":{"line":19,"column":52}}],"line":19},"18":{"loc":{"start":{"line":20,"column":12},"end":{"line":32,"column":13}},"type":"switch","locations":[{"start":{"line":21,"column":16},"end":{"line":21,"column":23}},{"start":{"line":21,"column":24},"end":{"line":21,"column":46}},{"start":{"line":22,"column":16},"end":{"line":22,"column":72}},{"start":{"line":23,"column":16},"end":{"line":23,"column":65}},{"start":{"line":24,"column":16},"end":{"line":24,"column":65}},{"start":{"line":25,"column":16},"end":{"line":31,"column":43}}],"line":20},"19":{"loc":{"start":{"line":26,"column":20},"end":{"line":26,"column":128}},"type":"if","locations":[{"start":{"line":26,"column":20},"end":{"line":26,"column":128}},{"start":{"line":26,"column":20},"end":{"line":26,"column":128}}],"line":26},"20":{"loc":{"start":{"line":26,"column":24},"end":{"line":26,"column":106}},"type":"binary-expr","locations":[{"start":{"line":26,"column":24},"end":{"line":26,"column":74}},{"start":{"line":26,"column":79},"end":{"line":26,"column":90}},{"start":{"line":26,"column":94},"end":{"line":26,"column":105}}],"line":26},"21":{"loc":{"start":{"line":26,"column":42},"end":{"line":26,"column":73}},"type":"binary-expr","locations":[{"start":{"line":26,"column":42},"end":{"line":26,"column":54}},{"start":{"line":26,"column":58},"end":{"line":26,"column":73}}],"line":26},"22":{"loc":{"start":{"line":27,"column":20},"end":{"line":27,"column":106}},"type":"if","locations":[{"start":{"line":27,"column":20},"end":{"line":27,"column":106}},{"start":{"line":27,"column":20},"end":{"line":27,"column":106}}],"line":27},"23":{"loc":{"start":{"line":27,"column":24},"end":{"line":27,"column":77}},"type":"binary-expr","locations":[{"start":{"line":27,"column":24},"end":{"line":27,"column":35}},{"start":{"line":27,"column":40},"end":{"line":27,"column":42}},{"start":{"line":27,"column":47},"end":{"line":27,"column":59}},{"start":{"line":27,"column":63},"end":{"line":27,"column":75}}],"line":27},"24":{"loc":{"start":{"line":28,"column":20},"end":{"line":28,"column":89}},"type":"if","locations":[{"start":{"line":28,"column":20},"end":{"line":28,"column":89}},{"start":{"line":28,"column":20},"end":{"line":28,"column":89}}],"line":28},"25":{"loc":{"start":{"line":28,"column":24},"end":{"line":28,"column":53}},"type":"binary-expr","locations":[{"start":{"line":28,"column":24},"end":{"line":28,"column":35}},{"start":{"line":28,"column":39},"end":{"line":28,"column":53}}],"line":28},"26":{"loc":{"start":{"line":29,"column":20},"end":{"line":29,"column":87}},"type":"if","locations":[{"start":{"line":29,"column":20},"end":{"line":29,"column":87}},{"start":{"line":29,"column":20},"end":{"line":29,"column":87}}],"line":29},"27":{"loc":{"start":{"line":29,"column":24},"end":{"line":29,"column":43}},"type":"binary-expr","locations":[{"start":{"line":29,"column":24},"end":{"line":29,"column":25}},{"start":{"line":29,"column":29},"end":{"line":29,"column":43}}],"line":29},"28":{"loc":{"start":{"line":30,"column":20},"end":{"line":30,"column":42}},"type":"if","locations":[{"start":{"line":30,"column":20},"end":{"line":30,"column":42}},{"start":{"line":30,"column":20},"end":{"line":30,"column":42}}],"line":30},"29":{"loc":{"start":{"line":35,"column":8},"end":{"line":35,"column":35}},"type":"if","locations":[{"start":{"line":35,"column":8},"end":{"line":35,"column":35}},{"start":{"line":35,"column":8},"end":{"line":35,"column":35}}],"line":35},"30":{"loc":{"start":{"line":35,"column":52},"end":{"line":35,"column":74}},"type":"cond-expr","locations":[{"start":{"line":35,"column":60},"end":{"line":35,"column":65}},{"start":{"line":35,"column":68},"end":{"line":35,"column":74}}],"line":35},"31":{"loc":{"start":{"line":38,"column":22},"end":{"line":40,"column":1}},"type":"binary-expr","locations":[{"start":{"line":38,"column":23},"end":{"line":38,"column":27}},{"start":{"line":38,"column":31},"end":{"line":38,"column":51}},{"start":{"line":38,"column":56},"end":{"line":40,"column":1}}],"line":38},"32":{"loc":{"start":{"line":39,"column":11},"end":{"line":39,"column":61}},"type":"cond-expr","locations":[{"start":{"line":39,"column":37},"end":{"line":39,"column":40}},{"start":{"line":39,"column":43},"end":{"line":39,"column":61}}],"line":39},"33":{"loc":{"start":{"line":39,"column":12},"end":{"line":39,"column":33}},"type":"binary-expr","locations":[{"start":{"line":39,"column":12},"end":{"line":39,"column":15}},{"start":{"line":39,"column":19},"end":{"line":39,"column":33}}],"line":39},"34":{"loc":{"start":{"line":52,"column":8},"end":{"line":124,"column":9}},"type":"switch","locations":[{"start":{"line":53,"column":12},"end":{"line":60,"column":91}},{"start":{"line":61,"column":12},"end":{"line":69,"column":75}},{"start":{"line":70,"column":12},"end":{"line":81,"column":29}},{"start":{"line":82,"column":12},"end":{"line":87,"column":37}},{"start":{"line":88,"column":12},"end":{"line":113,"column":29}},{"start":{"line":114,"column":12},"end":{"line":116,"column":40}},{"start":{"line":117,"column":12},"end":{"line":117,"column":44}},{"start":{"line":118,"column":12},"end":{"line":122,"column":40}},{"start":{"line":123,"column":12},"end":{"line":123,"column":42}}],"line":52},"35":{"loc":{"start":{"line":57,"column":16},"end":{"line":59,"column":17}},"type":"if","locations":[{"start":{"line":57,"column":16},"end":{"line":59,"column":17}},{"start":{"line":57,"column":16},"end":{"line":59,"column":17}}],"line":57},"36":{"loc":{"start":{"line":57,"column":20},"end":{"line":57,"column":86}},"type":"binary-expr","locations":[{"start":{"line":57,"column":20},"end":{"line":57,"column":28}},{"start":{"line":57,"column":32},"end":{"line":57,"column":42}},{"start":{"line":57,"column":46},"end":{"line":57,"column":57}},{"start":{"line":57,"column":61},"end":{"line":57,"column":72}},{"start":{"line":57,"column":76},"end":{"line":57,"column":86}}],"line":57},"37":{"loc":{"start":{"line":72,"column":16},"end":{"line":74,"column":17}},"type":"if","locations":[{"start":{"line":72,"column":16},"end":{"line":74,"column":17}},{"start":{"line":72,"column":16},"end":{"line":74,"column":17}}],"line":72},"38":{"loc":{"start":{"line":76,"column":16},"end":{"line":78,"column":17}},"type":"if","locations":[{"start":{"line":76,"column":16},"end":{"line":78,"column":17}},{"start":{"line":76,"column":16},"end":{"line":78,"column":17}}],"line":76},"39":{"loc":{"start":{"line":76,"column":20},"end":{"line":76,"column":70}},"type":"binary-expr","locations":[{"start":{"line":76,"column":20},"end":{"line":76,"column":28}},{"start":{"line":76,"column":32},"end":{"line":76,"column":51}},{"start":{"line":76,"column":55},"end":{"line":76,"column":70}}],"line":76},"40":{"loc":{"start":{"line":83,"column":16},"end":{"line":83,"column":68}},"type":"if","locations":[{"start":{"line":83,"column":16},"end":{"line":83,"column":68}},{"start":{"line":83,"column":16},"end":{"line":83,"column":68}}],"line":83},"41":{"loc":{"start":{"line":94,"column":20},"end":{"line":97,"column":21}},"type":"if","locations":[{"start":{"line":94,"column":20},"end":{"line":97,"column":21}},{"start":{"line":94,"column":20},"end":{"line":97,"column":21}}],"line":94},"42":{"loc":{"start":{"line":98,"column":20},"end":{"line":101,"column":21}},"type":"if","locations":[{"start":{"line":98,"column":20},"end":{"line":101,"column":21}},{"start":{"line":98,"column":20},"end":{"line":101,"column":21}}],"line":98},"43":{"loc":{"start":{"line":103,"column":20},"end":{"line":110,"column":21}},"type":"if","locations":[{"start":{"line":103,"column":20},"end":{"line":110,"column":21}},{"start":{"line":103,"column":20},"end":{"line":110,"column":21}}],"line":103},"44":{"loc":{"start":{"line":131,"column":8},"end":{"line":181,"column":9}},"type":"switch","locations":[{"start":{"line":132,"column":12},"end":{"line":138,"column":24}},{"start":{"line":139,"column":12},"end":{"line":173,"column":40}},{"start":{"line":174,"column":12},"end":{"line":179,"column":24}},{"start":{"line":180,"column":12},"end":{"line":180,"column":42}}],"line":131},"45":{"loc":{"start":{"line":146,"column":24},"end":{"line":149,"column":25}},"type":"if","locations":[{"start":{"line":146,"column":24},"end":{"line":149,"column":25}},{"start":{"line":146,"column":24},"end":{"line":149,"column":25}}],"line":146},"46":{"loc":{"start":{"line":150,"column":24},"end":{"line":153,"column":25}},"type":"if","locations":[{"start":{"line":150,"column":24},"end":{"line":153,"column":25}},{"start":{"line":150,"column":24},"end":{"line":153,"column":25}}],"line":150},"47":{"loc":{"start":{"line":155,"column":24},"end":{"line":159,"column":25}},"type":"if","locations":[{"start":{"line":155,"column":24},"end":{"line":159,"column":25}},{"start":{"line":155,"column":24},"end":{"line":159,"column":25}}],"line":155},"48":{"loc":{"start":{"line":163,"column":20},"end":{"line":166,"column":21}},"type":"if","locations":[{"start":{"line":163,"column":20},"end":{"line":166,"column":21}},{"start":{"line":163,"column":20},"end":{"line":166,"column":21}}],"line":163},"49":{"loc":{"start":{"line":165,"column":99},"end":{"line":165,"column":125}},"type":"binary-expr","locations":[{"start":{"line":165,"column":99},"end":{"line":165,"column":113}},{"start":{"line":165,"column":117},"end":{"line":165,"column":125}}],"line":165},"50":{"loc":{"start":{"line":188,"column":8},"end":{"line":215,"column":9}},"type":"switch","locations":[{"start":{"line":189,"column":12},"end":{"line":196,"column":73}},{"start":{"line":197,"column":12},"end":{"line":206,"column":218}},{"start":{"line":207,"column":12},"end":{"line":209,"column":95}},{"start":{"line":210,"column":12},"end":{"line":213,"column":59}},{"start":{"line":214,"column":12},"end":{"line":214,"column":42}}],"line":188},"51":{"loc":{"start":{"line":193,"column":16},"end":{"line":195,"column":17}},"type":"if","locations":[{"start":{"line":193,"column":16},"end":{"line":195,"column":17}},{"start":{"line":193,"column":16},"end":{"line":195,"column":17}}],"line":193},"52":{"loc":{"start":{"line":193,"column":20},"end":{"line":193,"column":87}},"type":"binary-expr","locations":[{"start":{"line":193,"column":20},"end":{"line":193,"column":27}},{"start":{"line":193,"column":31},"end":{"line":193,"column":37}},{"start":{"line":193,"column":41},"end":{"line":193,"column":49}},{"start":{"line":193,"column":53},"end":{"line":193,"column":62}},{"start":{"line":193,"column":66},"end":{"line":193,"column":75}},{"start":{"line":193,"column":79},"end":{"line":193,"column":87}}],"line":193},"53":{"loc":{"start":{"line":199,"column":16},"end":{"line":201,"column":17}},"type":"if","locations":[{"start":{"line":199,"column":16},"end":{"line":201,"column":17}},{"start":{"line":199,"column":16},"end":{"line":201,"column":17}}],"line":199},"54":{"loc":{"start":{"line":222,"column":8},"end":{"line":234,"column":9}},"type":"switch","locations":[{"start":{"line":223,"column":12},"end":{"line":225,"column":61}},{"start":{"line":226,"column":12},"end":{"line":228,"column":67}},{"start":{"line":229,"column":12},"end":{"line":232,"column":100}},{"start":{"line":233,"column":12},"end":{"line":233,"column":42}}],"line":222},"55":{"loc":{"start":{"line":241,"column":8},"end":{"line":257,"column":9}},"type":"switch","locations":[{"start":{"line":242,"column":12},"end":{"line":245,"column":67}},{"start":{"line":246,"column":12},"end":{"line":251,"column":116}},{"start":{"line":252,"column":12},"end":{"line":255,"column":90}},{"start":{"line":256,"column":12},"end":{"line":256,"column":42}}],"line":241},"56":{"loc":{"start":{"line":248,"column":16},"end":{"line":250,"column":17}},"type":"if","locations":[{"start":{"line":248,"column":16},"end":{"line":250,"column":17}},{"start":{"line":248,"column":16},"end":{"line":250,"column":17}}],"line":248},"57":{"loc":{"start":{"line":264,"column":8},"end":{"line":283,"column":9}},"type":"switch","locations":[{"start":{"line":265,"column":12},"end":{"line":268,"column":67}},{"start":{"line":269,"column":12},"end":{"line":274,"column":70}},{"start":{"line":275,"column":12},"end":{"line":277,"column":116}},{"start":{"line":278,"column":12},"end":{"line":281,"column":59}},{"start":{"line":282,"column":12},"end":{"line":282,"column":42}}],"line":264},"58":{"loc":{"start":{"line":271,"column":16},"end":{"line":273,"column":17}},"type":"if","locations":[{"start":{"line":271,"column":16},"end":{"line":273,"column":17}},{"start":{"line":271,"column":16},"end":{"line":273,"column":17}}],"line":271},"59":{"loc":{"start":{"line":290,"column":8},"end":{"line":326,"column":9}},"type":"switch","locations":[{"start":{"line":291,"column":12},"end":{"line":294,"column":67}},{"start":{"line":295,"column":12},"end":{"line":304,"column":67}},{"start":{"line":305,"column":12},"end":{"line":316,"column":50}},{"start":{"line":317,"column":12},"end":{"line":320,"column":102}},{"start":{"line":321,"column":12},"end":{"line":324,"column":111}},{"start":{"line":325,"column":12},"end":{"line":325,"column":42}}],"line":290},"60":{"loc":{"start":{"line":297,"column":16},"end":{"line":299,"column":17}},"type":"if","locations":[{"start":{"line":297,"column":16},"end":{"line":299,"column":17}},{"start":{"line":297,"column":16},"end":{"line":299,"column":17}}],"line":297},"61":{"loc":{"start":{"line":301,"column":16},"end":{"line":303,"column":17}},"type":"if","locations":[{"start":{"line":301,"column":16},"end":{"line":303,"column":17}},{"start":{"line":301,"column":16},"end":{"line":303,"column":17}}],"line":301},"62":{"loc":{"start":{"line":301,"column":20},"end":{"line":301,"column":87}},"type":"binary-expr","locations":[{"start":{"line":301,"column":20},"end":{"line":301,"column":27}},{"start":{"line":301,"column":31},"end":{"line":301,"column":37}},{"start":{"line":301,"column":41},"end":{"line":301,"column":49}},{"start":{"line":301,"column":53},"end":{"line":301,"column":62}},{"start":{"line":301,"column":66},"end":{"line":301,"column":75}},{"start":{"line":301,"column":79},"end":{"line":301,"column":87}}],"line":301},"63":{"loc":{"start":{"line":307,"column":16},"end":{"line":309,"column":17}},"type":"if","locations":[{"start":{"line":307,"column":16},"end":{"line":309,"column":17}},{"start":{"line":307,"column":16},"end":{"line":309,"column":17}}],"line":307},"64":{"loc":{"start":{"line":333,"column":8},"end":{"line":405,"column":9}},"type":"switch","locations":[{"start":{"line":334,"column":12},"end":{"line":342,"column":67}},{"start":{"line":343,"column":12},"end":{"line":355,"column":29}},{"start":{"line":356,"column":12},"end":{"line":361,"column":37}},{"start":{"line":362,"column":12},"end":{"line":394,"column":29}},{"start":{"line":395,"column":12},"end":{"line":397,"column":40}},{"start":{"line":398,"column":12},"end":{"line":398,"column":44}},{"start":{"line":399,"column":12},"end":{"line":403,"column":40}},{"start":{"line":404,"column":12},"end":{"line":404,"column":42}}],"line":333},"65":{"loc":{"start":{"line":339,"column":16},"end":{"line":341,"column":17}},"type":"if","locations":[{"start":{"line":339,"column":16},"end":{"line":341,"column":17}},{"start":{"line":339,"column":16},"end":{"line":341,"column":17}}],"line":339},"66":{"loc":{"start":{"line":339,"column":20},"end":{"line":339,"column":86}},"type":"binary-expr","locations":[{"start":{"line":339,"column":20},"end":{"line":339,"column":28}},{"start":{"line":339,"column":32},"end":{"line":339,"column":42}},{"start":{"line":339,"column":46},"end":{"line":339,"column":57}},{"start":{"line":339,"column":61},"end":{"line":339,"column":72}},{"start":{"line":339,"column":76},"end":{"line":339,"column":86}}],"line":339},"67":{"loc":{"start":{"line":345,"column":16},"end":{"line":347,"column":17}},"type":"if","locations":[{"start":{"line":345,"column":16},"end":{"line":347,"column":17}},{"start":{"line":345,"column":16},"end":{"line":347,"column":17}}],"line":345},"68":{"loc":{"start":{"line":348,"column":16},"end":{"line":348,"column":56}},"type":"if","locations":[{"start":{"line":348,"column":16},"end":{"line":348,"column":56}},{"start":{"line":348,"column":16},"end":{"line":348,"column":56}}],"line":348},"69":{"loc":{"start":{"line":350,"column":16},"end":{"line":352,"column":17}},"type":"if","locations":[{"start":{"line":350,"column":16},"end":{"line":352,"column":17}},{"start":{"line":350,"column":16},"end":{"line":352,"column":17}}],"line":350},"70":{"loc":{"start":{"line":350,"column":20},"end":{"line":350,"column":70}},"type":"binary-expr","locations":[{"start":{"line":350,"column":20},"end":{"line":350,"column":28}},{"start":{"line":350,"column":32},"end":{"line":350,"column":51}},{"start":{"line":350,"column":55},"end":{"line":350,"column":70}}],"line":350},"71":{"loc":{"start":{"line":357,"column":16},"end":{"line":357,"column":68}},"type":"if","locations":[{"start":{"line":357,"column":16},"end":{"line":357,"column":68}},{"start":{"line":357,"column":16},"end":{"line":357,"column":68}}],"line":357},"72":{"loc":{"start":{"line":368,"column":20},"end":{"line":371,"column":21}},"type":"if","locations":[{"start":{"line":368,"column":20},"end":{"line":371,"column":21}},{"start":{"line":368,"column":20},"end":{"line":371,"column":21}}],"line":368},"73":{"loc":{"start":{"line":372,"column":20},"end":{"line":375,"column":21}},"type":"if","locations":[{"start":{"line":372,"column":20},"end":{"line":375,"column":21}},{"start":{"line":372,"column":20},"end":{"line":375,"column":21}}],"line":372},"74":{"loc":{"start":{"line":377,"column":20},"end":{"line":391,"column":21}},"type":"if","locations":[{"start":{"line":377,"column":20},"end":{"line":391,"column":21}},{"start":{"line":377,"column":20},"end":{"line":391,"column":21}}],"line":377},"75":{"loc":{"start":{"line":379,"column":42},"end":{"line":379,"column":69}},"type":"binary-expr","locations":[{"start":{"line":379,"column":42},"end":{"line":379,"column":61}},{"start":{"line":379,"column":65},"end":{"line":379,"column":69}}],"line":379},"76":{"loc":{"start":{"line":380,"column":48},"end":{"line":380,"column":92}},"type":"binary-expr","locations":[{"start":{"line":380,"column":48},"end":{"line":380,"column":67}},{"start":{"line":380,"column":71},"end":{"line":380,"column":92}}],"line":380},"77":{"loc":{"start":{"line":381,"column":51},"end":{"line":381,"column":82}},"type":"binary-expr","locations":[{"start":{"line":381,"column":51},"end":{"line":381,"column":58}},{"start":{"line":381,"column":62},"end":{"line":381,"column":82}}],"line":381},"78":{"loc":{"start":{"line":382,"column":54},"end":{"line":382,"column":91}},"type":"binary-expr","locations":[{"start":{"line":382,"column":54},"end":{"line":382,"column":64}},{"start":{"line":382,"column":68},"end":{"line":382,"column":91}}],"line":382},"79":{"loc":{"start":{"line":383,"column":54},"end":{"line":383,"column":91}},"type":"binary-expr","locations":[{"start":{"line":383,"column":54},"end":{"line":383,"column":64}},{"start":{"line":383,"column":68},"end":{"line":383,"column":91}}],"line":383},"80":{"loc":{"start":{"line":384,"column":53},"end":{"line":384,"column":88}},"type":"binary-expr","locations":[{"start":{"line":384,"column":53},"end":{"line":384,"column":62}},{"start":{"line":384,"column":66},"end":{"line":384,"column":88}}],"line":384},"81":{"loc":{"start":{"line":385,"column":56},"end":{"line":385,"column":97}},"type":"binary-expr","locations":[{"start":{"line":385,"column":56},"end":{"line":385,"column":68}},{"start":{"line":385,"column":72},"end":{"line":385,"column":97}}],"line":385}},"s":{"0":1,"1":0,"2":0,"3":0,"4":0,"5":0,"6":0,"7":0,"8":0,"9":0,"10":0,"11":0,"12":1,"13":0,"14":0,"15":0,"16":0,"17":0,"18":0,"19":0,"20":0,"21":0,"22":0,"23":0,"24":0,"25":0,"26":0,"27":0,"28":0,"29":0,"30":0,"31":0,"32":0,"33":0,"34":0,"35":0,"36":0,"37":0,"38":0,"39":0,"40":0,"41":0,"42":0,"43":0,"44":0,"45":0,"46":0,"47":0,"48":0,"49":0,"50":0,"51":0,"52":0,"53":0,"54":0,"55":0,"56":0,"57":0,"58":0,"59":0,"60":0,"61":0,"62":0,"63":0,"64":0,"65":0,"66":1,"67":1,"68":1,"69":1,"70":1,"71":1,"72":1,"73":1,"74":1,"75":1,"76":1,"77":0,"78":0,"79":0,"80":0,"81":0,"82":0,"83":0,"84":0,"85":0,"86":0,"87":0,"88":0,"89":0,"90":0,"91":0,"92":0,"93":0,"94":0,"95":0,"96":0,"97":0,"98":0,"99":0,"100":0,"101":0,"102":0,"103":0,"104":0,"105":0,"106":0,"107":0,"108":0,"109":0,"110":0,"111":0,"112":0,"113":0,"114":0,"115":0,"116":0,"117":0,"118":0,"119":0,"120":0,"121":0,"122":0,"123":0,"124":0,"125":0,"126":0,"127":0,"128":0,"129":0,"130":1,"131":1,"132":0,"133":0,"134":0,"135":0,"136":0,"137":0,"138":0,"139":0,"140":0,"141":0,"142":0,"143":0,"144":0,"145":0,"146":0,"147":0,"148":0,"149":0,"150":0,"151":0,"152":0,"153":0,"154":0,"155":0,"156":0,"157":0,"158":0,"159":0,"160":0,"161":0,"162":0,"163":0,"164":0,"165":1,"166":1,"167":0,"168":0,"169":0,"170":0,"171":0,"172":0,"173":0,"174":0,"175":0,"176":0,"177":0,"178":0,"179":0,"180":0,"181":0,"182":0,"183":0,"184":0,"185":0,"186":0,"187":0,"188":0,"189":1,"190":1,"191":0,"192":0,"193":0,"194":0,"195":0,"196":0,"197":0,"198":0,"199":0,"200":0,"201":0,"202":1,"203":1,"204":0,"205":0,"206":0,"207":0,"208":0,"209":0,"210":0,"211":0,"212":0,"213":0,"214":0,"215":0,"216":0,"217":0,"218":1,"219":1,"220":0,"221":0,"222":0,"223":0,"224":0,"225":0,"226":0,"227":0,"228":0,"229":0,"230":0,"231":0,"232":0,"233":0,"234":0,"235":0,"236":1,"237":1,"238":0,"239":0,"240":0,"241":0,"242":0,"243":0,"244":0,"245":0,"246":0,"247":0,"248":0,"249":0,"250":0,"251":0,"252":0,"253":0,"254":0,"255":0,"256":0,"257":0,"258":0,"259":0,"260":0,"261":0,"262":0,"263":0,"264":0,"265":0,"266":0,"267":1,"268":1,"269":0,"270":0,"271":0,"272":0,"273":0,"274":0,"275":0,"276":0,"277":0,"278":0,"279":0,"280":0,"281":0,"282":0,"283":0,"284":0,"285":0,"286":0,"287":0,"288":0,"289":0,"290":0,"291":0,"292":0,"293":0,"294":0,"295":0,"296":0,"297":0,"298":0,"299":0,"300":0,"301":0,"302":0,"303":0,"304":0,"305":0,"306":0,"307":0,"308":0,"309":0,"310":0,"311":0,"312":0,"313":0,"314":0,"315":0,"316":0,"317":0,"318":1},"f":{"0":0,"1":0,"2":0,"3":0,"4":0,"5":0,"6":0,"7":0,"8":0,"9":0,"10":0,"11":0,"12":0,"13":1,"14":0,"15":0,"16":0,"17":0,"18":0,"19":0,"20":0,"21":0,"22":0,"23":0,"24":0,"25":0,"26":0,"27":0,"28":0,"29":0,"30":0,"31":0,"32":0,"33":0,"34":0,"35":0,"36":0,"37":0,"38":0,"39":0,"40":0,"41":0,"42":0,"43":0},"b":{"0":[1,1,1],"1":[0,0],"2":[0,0],"3":[0,0],"4":[0,0],"5":[1,1,1],"6":[0,0],"7":[0,0],"8":[0,0],"9":[0,0],"10":[0,0],"11":[0,0],"12":[0,0,0],"13":[0,0],"14":[0,0],"15":[0,0],"16":[0,0],"17":[0,0],"18":[0,0,0,0,0,0],"19":[0,0],"20":[0,0,0],"21":[0,0],"22":[0,0],"23":[0,0,0,0],"24":[0,0],"25":[0,0],"26":[0,0],"27":[0,0],"28":[0,0],"29":[0,0],"30":[0,0],"31":[1,1,1],"32":[0,1],"33":[1,1],"34":[0,0,0,0,0,0,0,0,0],"35":[0,0],"36":[0,0,0,0,0],"37":[0,0],"38":[0,0],"39":[0,0,0],"40":[0,0],"41":[0,0],"42":[0,0],"43":[0,0],"44":[0,0,0,0],"45":[0,0],"46":[0,0],"47":[0,0],"48":[0,0],"49":[0,0],"50":[0,0,0,0,0],"51":[0,0],"52":[0,0,0,0,0,0],"53":[0,0],"54":[0,0,0,0],"55":[0,0,0,0],"56":[0,0],"57":[0,0,0,0,0],"58":[0,0],"59":[0,0,0,0,0,0],"60":[0,0],"61":[0,0],"62":[0,0,0,0,0,0],"63":[0,0],"64":[0,0,0,0,0,0,0,0],"65":[0,0],"66":[0,0,0,0,0],"67":[0,0],"68":[0,0],"69":[0,0],"70":[0,0,0],"71":[0,0],"72":[0,0],"73":[0,0],"74":[0,0],"75":[0,0],"76":[0,0],"77":[0,0],"78":[0,0],"79":[0,0],"80":[0,0],"81":[0,0]},"inputSourceMap":{"version":3,"file":"C:/Users/educa/Desktop/andela/backend-my-brand/src/controllers/blogs.ts","sources":["C:/Users/educa/Desktop/andela/backend-my-brand/src/controllers/blogs.ts"],"names":[],"mappings":";;;;;;;;;;;;;;;;;;;;;;;;;;;;;;;;;;;;;;;;;;AAEA,yCAAgG;AAGhG,oDAAkD;AAElD,yBAAiC;AACjC,6BAAyB;AACzB,gDAAyB;AAEzB,8DAAuD;AAchD,IAAM,UAAU,GAAG,UAAO,GAAY,EAAE,GAAa,EAAE,IAAkB;;;;;;gBAEtE,IAAI,GAAG,GAAG,CAAC,IAAI,CAAA;gBAEjB,KAAmD,GAAG,CAAC,IAAI,EAAzD,kBAAK,EAAC,wBAAQ,EAAE,wBAAQ,EAAE,sBAAO,EAAE,4BAAU,CAAa;gBAChE,IAAG,CAAC,OAAK,IAAI,CAAC,SAAO,IAAI,CAAC,UAAQ,IAAI,CAAC,UAAQ,IAAI,CAAC,SAAO,EAAC,CAAC;oBACzD,sBAAO,GAAG,CAAC,MAAM,CAAC,GAAG,CAAC,CAAC,IAAI,CAAC,EAAC,OAAO,EAAC,2BAA2B,EAAC,CAAC,EAAC;gBACvE,CAAC;gBAEc,qBAAM,4BAAU,CAAC,aAAa,CAAC,GAAG,CAAC,IAAI,CAAC,EAAA;;gBAAjD,MAAM,GAAG,SAAwC;gBACvD,OAAO,CAAC,GAAG,CAAC,QAAQ,EAAE,MAAM,CAAC,CAAC;gBAC9B,OAAK,GAAI,MAAM,CAAC,KAAK,CAAA;gBACrB,SAAO,GAAG,MAAM,CAAC,OAAO,CAAA;gBACxB,UAAQ,GAAG,MAAM,CAAC,QAAQ,CAAA;gBAC1B,UAAQ,GAAG,MAAM,CAAC,QAAQ,CAAA;gBAC1B,YAAU,GAAG,MAAM,CAAC,UAAU,CAAA;gBACT,qBAAM,IAAA,sBAAc,EAAC,OAAK,CAAC,EAAA;;gBAA1C,YAAY,GAAG,SAA2B;gBAEhD,IAAG,YAAY,EAAC,CAAC;oBACb,sBAAO,GAAG,CAAC,MAAM,CAAC,GAAG,CAAC,CAAC,IAAI,CAAC,EAAC,OAAO,EAAE,qCAAqC,EAAC,CAAC,EAAC;gBAClF,CAAC;gBAEK,UAA0B,GAAG,CAAC,KAAyB,CAAC;gBAC9D,IAAI,CAAC,OAAK,IAAI,OAAK,CAAC,MAAM,IAAI,CAAC,IAAI,OAAK,IAAE,IAAI,EAAE,CAAC;oBAC/C,sBAAO,GAAG,CAAC,MAAM,CAAC,GAAG,CAAC,CAAC,IAAI,CAAC,EAAC,OAAO,EAAE,sBAAsB,EAAC,CAAC,EAAC;gBACjE,CAAC;gBACK,mBAA2B,EAAE,CAAC;sBAEZ,EAAL,UAAA,OAAK;;;qBAAL,CAAA,mBAAK,CAAA;gBAAb,IAAI;gBACiB,qBAAM,IAAA,eAAK,EAAC,IAAI,CAAC,MAAM,CAAC;yBACnD,MAAM,CAAC,EAAE,KAAK,EAAE,IAAI,EAAE,MAAM,EAAE,GAAG,EAAE,CAAC;yBACpC,QAAQ,EAAE,EAAA;;gBAFP,aAAa,GAAW,SAEjB;gBAEP,YAAY,GAAG,uBAAU,CAAC,QAAQ,CAAC,aAAa,CACpD;oBACE,aAAa,EAAE,MAAM;oBACrB,MAAM,EAAE,SAAS;iBACX,EACR,UAAC,GAAuC,EAAE,MAAqC;oBAC7E,IAAI,GAAG,EAAE,CAAC;wBACR,OAAO,CAAC,KAAK,CAAC,0BAA0B,EAAE,GAAG,CAAC,CAAC;wBAC/C,OAAO,GAAG,CAAC,IAAI,CAAC,EAAC,KAAK,EAAC,GAAG,EAAC,CAAC,CAAA;oBAC9B,CAAC;oBACD,IAAI,CAAC,MAAM,EAAE,CAAC;wBACZ,OAAO,CAAC,KAAK,CAAC,8CAA8C,CAAC,CAAC;wBAC9D,OAAO,GAAG,CAAC,IAAI,CAAC,IAAI,KAAK,CAAC,uCAAuC,CAAC,CAAC,CAAC;oBACtE,CAAC;oBACD,gBAAc,CAAC,IAAI,CAAC,MAAM,CAAC,UAAU,CAAC,CAAC;oBAEvC,IAAI,gBAAc,CAAC,MAAM,KAAK,OAAK,CAAC,MAAM,EAAE,CAAC;wBAC3C,8CAA8C;wBAC9C,GAAG,CAAC,IAAI,CAAC,MAAM,GAAG,gBAAc,CAAC,CAAC,CAAC,CAAC;wBACpC,IAAM,IAAI,GAAQ,IAAA,kBAAU,EAAC,EAAC,KAAK,SAAA,EAAC,QAAQ,YAAA,EAAE,QAAQ,YAAA,EAAE,OAAO,WAAA,EAAE,UAAU,cAAA,EAAE,MAAM,EAAC,gBAAc,CAAC,CAAC,CAAC,EAAC,CAAC,CAAC,IAAI,CAAC,UAAA,MAAM;4BAC/G,OAAO,GAAG,CAAC,MAAM,CAAC,GAAG,CAAC,CAAC,IAAI,CAAC,EAAC,MAAM,EAAC,yBAAyB,EAAE,IAAI,EAAC,MAAM,EAAC,CAAC,CAAA;wBAChF,CAAC,CAAC,CAAA;wBAEF,qEAAqE;oBACvE,CAAC;gBACH,CAAC,CACF,CAAC;gBACF,YAAY,CAAC,GAAG,CAAC,aAAa,CAAC,CAAC;;;gBAhCf,IAAK,CAAA;;;;;gBAmCxB,OAAO,CAAC,KAAK,CAAC,yCAAyC,EAAE,OAAK,CAAC,CAAC;gBAChE,IAAI,CAAC,OAAK,CAAC,CAAC;;;;;KAEf,CAAC;AAlEW,QAAA,UAAU,cAkErB;AAEO,IAAM,WAAW,GAAG,UAAO,GAAkB,EAAE,GAAqB;;;;;;gBAI7D,MAAM,GAAK,GAAG,CAAC,IAAI,OAAb,CAAc;gBACxB,KAAK,GAAoB,GAAG,CAAC,KAAyB,CAAC;gBACrD,GAAG,GAAG,OAAO,CAAC,GAAG,EAAE,CAAC;gBAE1B,qBAAM,aAAE,CAAC,SAAS,CAAC,IAAA,WAAI,EAAC,GAAG,EAAC,KAAK,EAAE,QAAQ,EAAE,SAAS,EAAE,KAAK,CAAC,CAAC,CAAC,CAAC,YAAY,CAAC,EAAC,KAAK,CAAC,CAAC,CAAC,CAAC,MAAM,CAAC,CAAC,IAAI,CAAC;oBAErG,CAAC,CAAC,EAAA;;gBAFF,SAEE,CAAA;gBAEF,IAAG,CAAC;oBACM,MAAM,GAAI,uBAAU,CAAC,QAAQ,CAAC,aAAa,CAAS;wBACtD,aAAa,EAAE,MAAM;wBACrB,MAAM,EAAE,SAAS;qBACX,EACR,UAAC,GAAuC,EAAE,MAAqC;wBAC7E,IAAI,GAAG,EAAE,CAAC;4BACR,OAAO,CAAC,KAAK,CAAC,0BAA0B,EAAE,GAAG,CAAC,CAAC;4BAC/C,OAAO,GAAG,CAAC,IAAI,CAAC,GAAG,CAAC,CAAA;wBAEtB,CAAC;wBACD,IAAI,CAAC,MAAM,EAAE,CAAC;4BACZ,OAAO,CAAC,KAAK,CAAC,8CAA8C,CAAC,CAAC;4BAC9D,OAAO,GAAG,CAAC,IAAI,CAAC,IAAI,KAAK,CAAC,uCAAuC,CAAC,CAAC,CAAC;wBACtE,CAAC;wBACD,cAAc,GAAI,MAAM,CAAC,UAAU,CAAC;wBAEpC,IAAI,cAAc,EAAE,CAAC;4BACnB,8CAA8C;4BAC9C,GAAG,CAAC,IAAI,CAAC,cAAc,GAAG,cAAc,CAAC;4BACzC,OAAO,GAAG,CAAC,MAAM,CAAC,GAAG,CAAC,CAAC,IAAI,CAAC,EAAC,IAAI,EAAE,cAAc,EAAC,CAAC,CAAA;wBAErD,CAAC;oBACH,CAAC,CAAC,CAAA;oBACF,MAAM,CAAC,GAAG,CAAC,KAAK,CAAC,CAAC,CAAC,CAAC,MAAM,CAAC,CAAC;oBAC9B,gFAAgF;oBAChF,IAAG,MAAM,EAAC,CAAC;wBACP,OAAO,CAAC,GAAG,CAAC,QAAQ,EAAE,MAAM,CAAC,CAAC;wBAC9B,sBAAO,GAAG,CAAC,MAAM,CAAC,GAAG,CAAC,CAAC,IAAI,CAAC,EAAC,OAAO,EAAC,aAAa,EAAE,IAAI,EAAE,cAAc,IAAI,QAAQ,EAAE,MAAM,EAAE,MAAM,EAAC,CAAC,EAAA;oBAC1G,CAAC;gBAEL,CAAC;gBAAA,OAAM,GAAG,EAAC,CAAC;oBACR,OAAO,CAAC,GAAG,CAAC,GAAG,CAAC,CAAA;oBAChB,OAAO,CAAC,GAAG,CAAC,OAAO,EAAE,KAAK,CAAC,CAAA;oBAC3B,sBAAO,GAAG,CAAC,MAAM,CAAC,GAAG,CAAC,CAAC,IAAI,CAAC,EAAC,OAAO,EAAC,cAAc,EAAE,KAAK,EAAE,GAAG,EAAE,KAAK,EAAE,KAAK,CAAC,CAAC,CAAC,CAAC,MAAM,EAAC,CAAC,EAAC;gBAC9F,CAAC;;;;gBAIG,OAAO,CAAC,GAAG,CAAC,oBAAoB,EAAE,KAAG,CAAC,CAAC;gBACvC,sBAAO,GAAG,CAAC,MAAM,CAAC,GAAG,CAAC,CAAC,IAAI,CAAC;wBACxB,OAAO,EAAE,sCAAsC;qBAChD,CAAC,EAAA;;;;KAEX,CAAA;AAxDU,QAAA,WAAW,eAwDrB;AAEE,IAAM,OAAO,GAAG,UAAO,GAAkB,EAAE,GAAqB;;;;;;gBAGzD,KAA+E,GAAG,CAAC,IAAI,EAArF,MAAM,YAAA,EAAC,KAAK,WAAA,EAAC,QAAQ,cAAA,EAAE,QAAQ,cAAA,EAAE,OAAO,aAAA,EAAE,UAAU,gBAAA,EAAE,IAAI,UAAA,EAAE,IAAI,UAAA,EAAE,MAAM,YAAA,CAAc;gBACxF,OAAO,GAAG,4BAA4B,CAAA;gBAE5C,IAAG,CAAC,MAAM,IAAI,CAAC,KAAK,IAAI,CAAC,OAAO,IAAI,CAAC,QAAQ,IAAI,CAAC,QAAQ,IAAI,CAAC,OAAO,EAAC,CAAC;oBACpE,sBAAO,GAAG,CAAC,UAAU,CAAC,GAAG,CAAC,EAAC;gBAC/B,CAAC;gBAEoB,qBAAM,IAAA,sBAAc,EAAC,KAAK,CAAC,EAAA;;gBAA1C,YAAY,GAAG,SAA2B;gBAEhD,IAAG,YAAY,EAAC,CAAC;oBACb,sBAAO,GAAG,CAAC,MAAM,CAAC,GAAG,CAAC,CAAC,IAAI,CAAC,EAAC,OAAO,EAAE,qCAAqC,EAAC,CAAC,EAAC;gBAClF,CAAC;gBAED,uBAAU,CAAC,QAAQ,CAAC,MAAM,CAAC,OAAO,CAAC,CAAC,IAAI,CAAC,UAAA,MAAM;oBAC3C,OAAO,CAAC,GAAG,CAAC,oBAAoB,EAAC,MAAM,CAAC,CAAA;oBACxC,OAAO,GAAG,CAAC,MAAM,CAAC,GAAG,CAAC,CAAC,IAAI,CAAC,EAAC,OAAO,EAAE,cAAc,EAAC,CAAC,CAAA;gBACtD,CAAC,CAAC,CAAA;gBAWO,qBAAM,IAAA,kBAAU,EAAC,EAAC,MAAM,QAAA,EAAC,KAAK,OAAA,EAAC,QAAQ,UAAA,EAAE,QAAQ,UAAA,EAAE,OAAO,SAAA,EAAE,UAAU,YAAA,EAAE,IAAI,MAAA,EAAE,IAAI,MAAA,EAAE,MAAM,QAAA,EAAC,CAAC,EAAA;;gBAAnG,IAAI,GAAG,SAA4F;gBACzG,sBAAO,GAAG,CAAC,MAAM,CAAC,GAAG,CAAC,CAAC,IAAI,CAAC,EAAC,MAAM,EAAC,SAAS,EAAE,IAAI,EAAC,IAAI,EAAC,CAAC,EAAA;;;gBAG1D,OAAO,CAAC,GAAG,CAAC,OAAO,EAAE,OAAK,CAAC,CAAC;gBAC5B,sBAAO,GAAG,CAAC,UAAU,CAAC,GAAG,CAAC,EAAC;;;;KAElC,CAAA;AArCY,QAAA,OAAO,WAqCnB;AAGM,IAAM,WAAW,GAAG,UAAO,GAAmB,EAAE,GAAoB;;;;;;gBAGtD,qBAAM,IAAA,eAAO,GAAE,EAAA;;gBAAtB,KAAK,GAAE,SAAe;gBAC5B,sBAAO,GAAG,CAAC,MAAM,CAAC,GAAG,CAAC,CAAC,IAAI,CAAC,KAAK,CAAC,EAAA;;;gBAGlC,OAAO,CAAC,GAAG,CAAC,OAAK,CAAC,CAAA;gBAClB,sBAAO,GAAG,CAAC,MAAM,CAAC,GAAG,CAAC,CAAC,IAAI,CAAC,EAAC,OAAO,EAAC,yBAAyB,EAAC,CAAC,EAAA;;;;KAEvE,CAAA;AAVY,QAAA,WAAW,eAUvB;AAEM,IAAM,cAAc,GAAG,UAAO,GAAmB,EAAE,GAAoB;;;;;;gBAE/D,EAAE,GAAI,GAAG,CAAC,MAAM,GAAd,CAAe;gBACZ,qBAAM,IAAA,mBAAW,EAAC,EAAE,CAAC,EAAA;;gBAA3B,IAAI,GAAE,SAAqB;gBAC/B,IAAG,CAAC,IAAI,EAAC,CAAC;oBACR,sBAAO,GAAG,CAAC,MAAM,CAAC,GAAG,CAAC,CAAC,IAAI,CAAC,EAAC,OAAO,EAAE,gBAAgB,EAAC,CAAC,EAAC;gBAC7D,CAAC;gBACD,sBAAO,GAAG,CAAC,MAAM,CAAC,GAAG,CAAC,CAAC,IAAI,CAAC,EAAC,OAAO,EAAC,6BAA6B,EAAC,IAAI,EAAC,IAAI,EAAC,CAAC,EAAA;;;gBAG9E,OAAO,CAAC,GAAG,CAAC,OAAK,CAAC,CAAA;gBAClB,sBAAO,GAAG,CAAC,MAAM,CAAC,GAAG,CAAC,CAAC,IAAI,CAAC,EAAC,OAAO,EAAC,eAAe,EAAC,CAAC,EAAC;;;;KAE9D,CAAA;AAbY,QAAA,cAAc,kBAa1B;AAEM,IAAM,UAAU,GAAG,UAAO,GAAmB,EAAE,GAAoB;;;;;;gBAG3D,EAAE,GAAI,GAAG,CAAC,MAAM,GAAd,CAAe;gBACZ,qBAAM,IAAA,mBAAW,EAAC,EAAE,CAAC,EAAA;;gBAA3B,IAAI,GAAE,SAAqB;gBACjC,IAAG,CAAC,IAAI,EAAC,CAAC;oBACN,sBAAO,GAAG,CAAC,MAAM,CAAC,GAAG,CAAC,CAAC,IAAI,CAAC,EAAC,OAAO,EAAE,gBAAgB,EAAC,CAAC,EAAC;gBAC7D,CAAC;gBACmB,qBAAM,IAAA,sBAAc,EAAC,EAAE,CAAC,EAAA;;gBAAtC,WAAW,GAAG,SAAwB;gBAE5C,sBAAO,GAAG,CAAC,IAAI,CAAC,EAAC,OAAO,EAAC,2BAA2B,EAAE,WAAW,EAAC,WAAW,EAAC,CAAC,EAAA;;;gBAE/E,OAAO,CAAC,GAAG,CAAC,OAAK,CAAC,CAAA;gBAClB,sBAAO,GAAG,CAAC,UAAU,CAAC,GAAG,CAAC,EAAC;;;;KAElC,CAAA;AAfY,QAAA,UAAU,cAetB;AAGM,IAAM,UAAU,GAAG,UAAO,GAAmB,EAAE,GAAoB;;;;;;gBAG3D,EAAE,GAAI,GAAG,CAAC,MAAM,GAAd,CAAe;gBACJ,qBAAM,IAAA,mBAAW,EAAC,EAAE,CAAC,EAAA;;gBAAnC,YAAY,GAAE,SAAqB;gBACzC,IAAG,CAAC,YAAY,EAAC,CAAC;oBACd,sBAAO,GAAG,CAAC,MAAM,CAAC,GAAG,CAAC,CAAC,IAAI,CAAC,EAAC,OAAO,EAAE,gBAAgB,EAAC,CAAC,EAAC;gBAC7D,CAAC;gBACK,KAAyD,GAAG,CAAC,IAAI,EAAhE,MAAM,YAAA,EAAC,KAAK,WAAA,EAAC,QAAQ,cAAA,EAAE,QAAQ,cAAA,EAAE,OAAO,aAAA,EAAE,UAAU,gBAAA,CAAa;gBAExE,IAAG,CAAC,MAAM,IAAI,CAAC,KAAK,IAAI,CAAC,OAAO,IAAI,CAAC,QAAQ,IAAI,CAAC,QAAQ,IAAI,CAAC,OAAO,EAAC,CAAC;oBACpE,sBAAO,GAAG,CAAC,MAAM,CAAC,GAAG,CAAC,CAAC,IAAI,CAAC,EAAC,OAAO,EAAC,SAAS,EAAC,CAAC,EAAC;gBACrD,CAAC;gBAEU,qBAAM,IAAA,mBAAW,EAAC,EAAE,CAAC,EAAA;;gBAA5B,IAAI,GAAG,SAAqB;gBAEhC,IAAI,CAAC,IAAI,EAAE,CAAC;oBACR,sBAAO,GAAG,CAAC,MAAM,CAAC,GAAG,CAAC,CAAC,IAAI,CAAC,EAAC,OAAO,EAAC,gBAAgB,EAAC,CAAC,EAAC;gBAC5D,CAAC;gBAED,IAAI,CAAC,MAAM,GAAG,MAAM,CAAC;gBACrB,IAAI,CAAC,KAAK,GAAG,KAAK,CAAC;gBACnB,IAAI,CAAC,QAAQ,GAAG,QAAQ,CAAC;gBACzB,IAAI,CAAC,OAAO,GAAG,OAAO,CAAC;gBACvB,IAAI,CAAC,UAAU,GAAG,UAAU,CAAC;gBAC7B,IAAI,CAAC,QAAQ,GAAE,QAAQ,CAAC;gBAEJ,qBAAM,IAAI,CAAC,IAAI,EAAE,EAAA;;gBAA/B,WAAW,GAAG,SAAiB;gBAErC,+CAA+C;gBAC/C,sBAAO,GAAG,CAAC,MAAM,CAAC,GAAG,CAAC,CAAC,IAAI,CAAC,EAAC,MAAM,EAAC,SAAS,EAAE,IAAI,EAAE,WAAW,EAAC,CAAC,EAAC;;;gBAGnE,OAAO,CAAC,GAAG,CAAC,OAAK,CAAC,CAAA;gBAClB,sBAAO,GAAG,CAAC,MAAM,CAAC,GAAG,CAAC,CAAC,IAAI,CAAC,EAAC,OAAO,EAAC,oBAAoB,EAAE,MAAM,EAAC,MAAM,EAAC,CAAC,EAAA;;;;KAEjF,CAAA;AApCY,QAAA,UAAU,cAoCtB;AAIM,IAAM,QAAQ,GAAG,UAAO,GAAY,EAAE,GAAa,EAAE,IAAkB;;;;;;gBAEpE,IAAI,GAAG,GAAG,CAAC,IAAI,CAAA;gBACd,EAAE,GAAG,GAAG,CAAC,MAAM,GAAb,CAAa;gBAElB,KAAmD,GAAG,CAAC,IAAI,EAAzD,kBAAK,EAAC,wBAAQ,EAAE,wBAAQ,EAAE,sBAAO,EAAE,4BAAU,CAAa;gBAChE,IAAG,CAAC,OAAK,IAAI,CAAC,SAAO,IAAI,CAAC,UAAQ,IAAI,CAAC,UAAQ,IAAI,CAAC,SAAO,EAAC,CAAC;oBACzD,sBAAO,GAAG,CAAC,MAAM,CAAC,GAAG,CAAC,CAAC,IAAI,CAAC,EAAC,OAAO,EAAC,2BAA2B,EAAC,CAAC,EAAC;gBACvE,CAAC;gBAEoB,qBAAM,IAAA,mBAAW,EAAC,EAAE,CAAC,EAAA;;gBAApC,iBAAe,SAAqB;gBAE1C,IAAG,CAAC,cAAY,EAAC,CAAC;oBACd,sBAAO,GAAG,CAAC,MAAM,CAAC,GAAG,CAAC,CAAC,IAAI,CAAC,EAAC,OAAO,EAAE,gBAAgB,EAAC,CAAC,EAAC;gBAC7D,CAAC;qBAEE,GAAG,CAAC,KAAK,EAAT,wBAAS;gBACA,UAA0B,GAAG,CAAC,KAAyB,CAAC;gBACpE,IAAI,CAAC,OAAK,IAAI,OAAK,CAAC,MAAM,IAAI,CAAC,IAAI,OAAK,IAAE,IAAI,EAAE,CAAC;oBAC/C,sBAAO,GAAG,CAAC,MAAM,CAAC,GAAG,CAAC,CAAC,IAAI,CAAC,EAAC,OAAO,EAAE,sBAAsB,EAAC,CAAC,EAAC;gBACjE,CAAC;gBAEK,mBAA2B,EAAE,CAAC;sBAEZ,EAAL,UAAA,OAAK;;;qBAAL,CAAA,mBAAK,CAAA;gBAAb,IAAI;gBACiB,qBAAM,IAAA,eAAK,EAAC,IAAI,CAAC,MAAM,CAAC;yBACnD,MAAM,CAAC,EAAE,KAAK,EAAE,IAAI,EAAE,MAAM,EAAE,GAAG,EAAE,CAAC;yBACpC,QAAQ,EAAE,EAAA;;gBAFP,aAAa,GAAW,SAEjB;gBAEP,YAAY,GAAG,uBAAU,CAAC,QAAQ,CAAC,aAAa,CACpD;oBACE,aAAa,EAAE,MAAM;oBACrB,MAAM,EAAE,SAAS;iBACX,EACR,UAAC,GAAuC,EAAE,MAAqC;oBAC7E,IAAI,GAAG,EAAE,CAAC;wBACR,OAAO,CAAC,KAAK,CAAC,0BAA0B,EAAE,GAAG,CAAC,CAAC;wBAC/C,OAAO,GAAG,CAAC,IAAI,CAAC,EAAC,KAAK,EAAC,GAAG,EAAC,CAAC,CAAA;oBAC9B,CAAC;oBACD,IAAI,CAAC,MAAM,EAAE,CAAC;wBACZ,OAAO,CAAC,KAAK,CAAC,8CAA8C,CAAC,CAAC;wBAC9D,OAAO,GAAG,CAAC,IAAI,CAAC,IAAI,KAAK,CAAC,uCAAuC,CAAC,CAAC,CAAC;oBACtE,CAAC;oBACD,gBAAc,CAAC,IAAI,CAAC,MAAM,CAAC,UAAU,CAAC,CAAC;oBAEvC,IAAI,gBAAc,CAAC,MAAM,KAAK,OAAK,CAAC,MAAM,EAAE,CAAC;wBAC3C,8CAA8C;wBAC9C,GAAG,CAAC,IAAI,CAAC,MAAM,GAAG,gBAAc,CAAC,CAAC,CAAC,IAAI,IAAI,CAAC;wBAE5C,cAAY,CAAC,MAAM,GAAE,gBAAc,CAAC,CAAC,CAAC,IAAI,cAAY,CAAC,MAAM;4BAC7D,cAAY,CAAC,KAAK,GAAI,OAAK,IAAI,cAAY,CAAC,KAAK;4BACjD,cAAY,CAAC,QAAQ,GAAE,UAAQ,IAAI,cAAY,CAAC,QAAQ;4BACxD,cAAY,CAAC,QAAQ,GAAI,UAAQ,IAAI,cAAY,CAAC,QAAQ;4BAC1D,cAAY,CAAC,OAAO,GAAG,SAAO,IAAI,cAAY,CAAC,OAAO;4BACtD,cAAY,CAAC,UAAU,GAAE,YAAU,IAAI,cAAY,CAAC,UAAU,CAAA;wBAG9D,IAAM,WAAW,GAAG,cAAY,CAAC,IAAI,EAAE,CAAA;wBACvC,2HAA2H;wBAC3H,mFAAmF;wBACnF,WAAW;wBAEX,OAAO,GAAG,CAAC,MAAM,CAAC,GAAG,CAAC,CAAC,IAAI,CAAC,EAAC,OAAO,EAAC,cAAc,EAAE,WAAW,EAAE,cAAY,EAAC,CAAC,CAAA;oBAClF,CAAC;gBACH,CAAC,CACF,CAAC;gBACF,YAAY,CAAC,GAAG,CAAC,aAAa,CAAC,CAAC;;;gBA1Cf,IAAK,CAAA;;;;;gBAkDxB,OAAO,CAAC,KAAK,CAAC,yCAAyC,EAAE,OAAK,CAAC,CAAC;gBAChE,IAAI,CAAC,OAAK,CAAC,CAAC;;;;;KAEf,CAAC;AA7EW,QAAA,QAAQ,YA6EnB","sourcesContent":["import express, { NextFunction } from 'express'\r\nimport { Request, Response } from 'express'\r\nimport {getBlogByTitle, createBlog, getBlog, getBlogById, deleteBlogById} from \"../schema/blogs\"\r\n// import cloudinary from 'cloudinary'\r\nimport { uploadToCloudinary } from '../helpers/cloudinary'\r\nimport { cloudinary } from '../helpers/cloudinary'\r\nimport { Multer } from 'multer';\r\nimport {promises as fs} from 'fs'\r\nimport {join} from 'path'\r\nimport sharp from 'sharp'\r\nimport { UploadApiErrorResponse, UploadApiResponse } from 'cloudinary'\r\nimport { blogSchema } from '../helpers/validate_schema'\r\n\r\n// type File = Multer.File;\r\n// const file: File = req.file;\r\n\r\ninterface CloudinaryFile extends Express.Multer.File {\r\n    buffer: Buffer;\r\n  }\r\n\r\ninterface MulterRequest extends Request {\r\n    file: Express.Multer.File;\r\n  }\r\n\r\n\r\nexport const uploadBlog = async (req: Request, res: Response, next: NextFunction) => {\r\n  try {\r\n    const body = req.body\r\n    // console.log(\"files\",req.files)\r\n    let { title,subtitle, category, content, timeToRead} = req.body;\r\n    if(!title || !content || !subtitle || !category || !content){\r\n        return res.status(400).send({message:\"Please fill in all fields\"});\r\n    }\r\n    \r\n    const result = await blogSchema.validateAsync(req.body)\r\n    console.log(\"result\", result);\r\n    title  = result.title\r\n    content = result.content\r\n    subtitle = result.subtitle\r\n    category = result.category\r\n    timeToRead = result.timeToRead\r\n    const existingBlog = await getBlogByTitle(title)\r\n\r\n    if(existingBlog){\r\n        return res.status(400).send({message: \"Blog with that title already exists\"});\r\n    }\r\n    \r\n    const files: CloudinaryFile[] = req.files as CloudinaryFile[];\r\n    if (!files || files.length == 0 || files==null) {\r\n      return res.status(400).send({message: \"Please provide Image\"});\r\n    }\r\n    const cloudinaryUrls: string[] = [];\r\n\r\n    for (const file of files) {\r\n      const resizedBuffer: Buffer = await sharp(file.buffer)\r\n        .resize({ width: 1000, height: 800 })\r\n        .toBuffer();\r\n\r\n      const uploadStream = cloudinary.uploader.upload_stream(\r\n        {\r\n          resource_type: 'auto',\r\n          folder: 'my-blog',\r\n        } as any,\r\n        (err: UploadApiErrorResponse | undefined, result: UploadApiResponse | undefined) => {\r\n          if (err) {\r\n            console.error('Cloudinary upload error:', err);\r\n            return res.send({error:err})\r\n          }\r\n          if (!result) {\r\n            console.error('Cloudinary upload error: Result is undefined');\r\n            return res.send(new Error('Cloudinary upload result is undefined'));\r\n          }\r\n          cloudinaryUrls.push(result.secure_url);\r\n\r\n          if (cloudinaryUrls.length === files.length) {\r\n            //All files processed now get your images here\r\n            req.body.poster = cloudinaryUrls[0];\r\n            const Blog:any =  createBlog({title,subtitle, category, content, timeToRead, poster:cloudinaryUrls[0]}).then(result => {\r\n                return res.status(200).send({status:\"Blog Added successfully\", data:result})\r\n            })      \r\n\r\n            // return res.status(200).send({files: cloudinaryUrls, body: body})  \r\n          }\r\n        }\r\n      );\r\n      uploadStream.end(resizedBuffer);\r\n    }\r\n  } catch (error) {\r\n    console.error('Error in uploadToCloudinary middleware:', error);\r\n    next(error);\r\n  }\r\n};\r\n\r\n  export const uploadImage = async (req: MulterRequest, res: express.Response) =>{\r\n    let cloudinary_url : String | undefined;\r\n    try{\r\n        // return res.status(200).send({body: req.body || \"no file\", file: req.files || \"no file\"});\r\n        const { poster } = req.body;\r\n        let image:CloudinaryFile[] = req.files as CloudinaryFile[];\r\n        const cwd = process.cwd();\r\n\r\n        await fs.writeFile(join(cwd,\"src\", \"assets\", \"uploads\", image[0].originalname),image[0].buffer).then(()=>{\r\n\r\n        })\r\n\r\n        try{\r\n            const result =  cloudinary.uploader.upload_stream(        {\r\n                resource_type: 'auto',\r\n                folder: 'my-blog',\r\n              } as any,\r\n              (err: UploadApiErrorResponse | undefined, result: UploadApiResponse | undefined) => {\r\n                if (err) {\r\n                  console.error('Cloudinary upload error:', err);\r\n                  return res.send(err)\r\n                  \r\n                }\r\n                if (!result) {\r\n                  console.error('Cloudinary upload error: Result is undefined');\r\n                  return res.send(new Error('Cloudinary upload result is undefined'));\r\n                }\r\n                cloudinary_url  = result.secure_url;\r\n      \r\n                if (cloudinary_url) {\r\n                  //All files processed now get your images here\r\n                  req.body.cloudinaryUrls = cloudinary_url;\r\n                  return res.status(200).send({file: cloudinary_url})\r\n                  \r\n                }\r\n              })\r\n              result.end(image[0].buffer);\r\n            // // const result = await cloudinary.uploader.upload({buffer: image[0].buffer})\r\n            if(result){\r\n                console.log(\"result\", result);\r\n                return res.status(200).send({message:\"Successfull\", urls: cloudinary_url || \"no url\" ,result: result})\r\n            }\r\n\r\n        }catch(err){\r\n            console.log(err)\r\n            console.log(\"image\", image)\r\n            return res.status(400).send({message:\"Image fail 1\", error: err, image: image[0].buffer});\r\n        }\r\n       \r\n        \r\n    }catch(err){\r\n            console.log(\"error adding image\", err);\r\n            return res.status(500).json({\r\n                message: \"Failed to upload image to Cloudinary\"\r\n              })\r\n        }\r\n    }\r\n\r\nexport const addBlog = async (req: MulterRequest, res: express.Response) =>{\r\n\r\n    try{\r\n        const { poster,title,subtitle, category, content, timeToRead, date, time, editor } = req.body;\r\n        const picture = \"../assets/images/robot.jpg\"\r\n\r\n        if(!poster || !title || !content || !subtitle || !category || !content){\r\n            return res.sendStatus(400);\r\n        }\r\n\r\n        const existingBlog = await getBlogByTitle(title)\r\n\r\n        if(existingBlog){\r\n            return res.status(400).send({message: \"Blog with that title already exists\"});\r\n        }\r\n\r\n        cloudinary.uploader.upload(picture).then(result=>{\r\n            console.log(\"cloudinary results\",result)\r\n            return res.status(200).send({message: \"image can go\"})\r\n            }) \r\n        // try{\r\n        //     const result = await cloudinary.uploader.upload(\"assets/images/blog2.jpg\")\r\n        //     console.log(\"result\", result.secure_url);\r\n\r\n        // }catch(err){\r\n        //     console.log(\"error adding image\", err);\r\n        //     return res.status(500).json({\r\n        //         message: \"Failed to upload image to Cloudinary\",\r\n        //       })\r\n        // }\r\n        const Blog = await createBlog({poster,title,subtitle, category, content, timeToRead, date, time, editor})        \r\n        return res.status(200).send({status:\"success\", data:Blog})\r\n\r\n    } catch(error){\r\n        console.log('error', error);\r\n        return res.sendStatus(400);\r\n    }\r\n}\r\n\r\n \r\nexport const getAllBlogs = async (req:express.Request, res:express.Response)=>{\r\n    try{\r\n      // console.log('getAllBlogs', req)\r\n        const Blogs =await getBlog();\r\n        return res.status(200).json(Blogs)\r\n    } \r\n    catch(error){ \r\n        console.log(error)\r\n        return res.status(400).send({message:\"error getting all blogs\"})\r\n    }\r\n}\r\n\r\nexport const getOneBlogById = async (req:express.Request, res:express.Response)=>{\r\n    try{\r\n        const {id} = req.params;\r\n        const Blog =await getBlogById(id);\r\n          if(!Blog){\r\n            return res.status(404).send({message: \"Blog not found\"});\r\n        }\r\n        return res.status(200).send({message:\"Blog retrieved successfully\",data:Blog})\r\n    } \r\n    catch(error){\r\n        console.log(error)\r\n        return res.status(400).send({message:\"Error Occured\"});\r\n    }\r\n}\r\n\r\nexport const deleteBlog = async (req:express.Request, res:express.Response)=>{\r\n    try{\r\n\r\n        const {id} = req.params;\r\n        const Blog =await getBlogById(id);\r\n        if(!Blog){\r\n            return res.status(404).send({message: \"Blog not found\"});\r\n        }\r\n        const deletedBlog = await deleteBlogById(id);\r\n\r\n        return res.send({message:\"Blog deleted sussessfully\", deletedBlog:deletedBlog})\r\n    }catch(error){\r\n        console.log(error)\r\n        return res.sendStatus(400);\r\n    }\r\n}\r\n\r\n\r\nexport const updateBlog = async (req:express.Request, res:express.Response)=>{\r\n    let myBlog:Object\r\n    try{\r\n        const {id} = req.params;\r\n        const existingBlog =await getBlogById(id);\r\n        if(!existingBlog){\r\n            return res.status(404).send({message: \"Blog not found\"});\r\n        }\r\n        const {poster,title,subtitle, category, content, timeToRead} = req.body;\r\n\r\n        if(!poster || !title || !content || !subtitle || !category || !content){\r\n            return res.status(400).send({message:\"Invalid\"});\r\n        }\r\n\r\n        let Blog = await getBlogById(id);\r\n        \r\n        if (!Blog) {\r\n            return res.status(404).se
[...]
"line":175},"44":{"loc":{"start":{"line":195,"column":8},"end":{"line":217,"column":9}},"type":"switch","locations":[{"start":{"line":196,"column":12},"end":{"line":203,"column":67}},{"start":{"line":204,"column":12},"end":{"line":207,"column":50}},{"start":{"line":208,"column":12},"end":{"line":211,"column":59}},{"start":{"line":212,"column":12},"end":{"line":215,"column":59}},{"start":{"line":216,"column":12},"end":{"line":216,"column":42}}],"line":195},"45":{"loc":{"start":{"line":200,"column":16},"end":{"line":202,"column":17}},"type":"if","locations":[{"start":{"line":200,"column":16},"end":{"line":202,"column":17}},{"start":{"line":200,"column":16},"end":{"line":202,"column":17}}],"line":200}},"s":{"0":1,"1":0,"2":0,"3":0,"4":0,"5":0,"6":0,"7":0,"8":0,"9":0,"10":0,"11":0,"12":1,"13":0,"14":0,"15":0,"16":0,"17":0,"18":0,"19":0,"20":0,"21":0,"22":0,"23":0,"24":0,"25":0,"26":0,"27":0,"28":0,"29":0,"30":0,"31":0,"32":0,"33":0,"34":0,"35":0,"36":0,"37":0,"38":0,"39":0,"40":0,"41":0,"42":0,"43":0,"44":0,"45":0,"46":0,"47":0,"48":0,"49":0,"50":0,"51":0,"52":0,"53":0,"54":0,"55":0,"56":0,"57":0,"58":0,"59":0,"60":0,"61":0,"62":0,"63":0,"64":0,"65":0,"66":1,"67":1,"68":1,"69":1,"70":1,"71":1,"72":0,"73":0,"74":0,"75":0,"76":0,"77":0,"78":0,"79":0,"80":0,"81":0,"82":0,"83":0,"84":0,"85":0,"86":0,"87":0,"88":0,"89":0,"90":0,"91":0,"92":0,"93":0,"94":0,"95":0,"96":0,"97":0,"98":0,"99":0,"100":0,"101":0,"102":0,"103":0,"104":0,"105":0,"106":0,"107":0,"108":0,"109":0,"110":0,"111":1,"112":1,"113":0,"114":0,"115":0,"116":0,"117":0,"118":0,"119":0,"120":0,"121":0,"122":0,"123":0,"124":1,"125":1,"126":0,"127":0,"128":0,"129":0,"130":0,"131":0,"132":0,"133":0,"134":0,"135":0,"136":0,"137":0,"138":1,"139":1,"140":0,"141":0,"142":0,"143":0,"144":0,"145":0,"146":0,"147":0,"148":0,"149":0,"150":0,"151":0,"152":1,"153":1,"154":0,"155":0,"156":0,"157":0,"158":0,"159":0,"160":0,"161":0,"162":0,"163":0,"164":0,"165":0,"166":1,"167":1,"168":0,"169":0,"170":0,"171":0,"172":0,"173":0,"174":0,"175":0,"176":0,"177":0,"178":0,"179":0,"180":1,"181":1,"182":0,"183":0,"184":0,"185":0,"186":0,"187":0,"188":0,"189":0,"190":0,"191":0,"192":0,"193":0,"194":0,"195":0,"196":0,"197":0,"198":0,"199":0,"200":1},"f":{"0":0,"1":0,"2":0,"3":0,"4":0,"5":0,"6":0,"7":0,"8":0,"9":0,"10":0,"11":0,"12":0,"13":0,"14":0,"15":0,"16":0,"17":0,"18":0,"19":0,"20":0,"21":0,"22":0,"23":0,"24":0,"25":0,"26":0,"27":0,"28":0,"29":0,"30":0,"31":0,"32":0,"33":0,"34":0,"35":0},"b":{"0":[1,1,1],"1":[0,0],"2":[0,0],"3":[0,0],"4":[0,0],"5":[1,1,1],"6":[0,0],"7":[0,0],"8":[0,0],"9":[0,0],"10":[0,0],"11":[0,0],"12":[0,0,0],"13":[0,0],"14":[0,0],"15":[0,0],"16":[0,0],"17":[0,0],"18":[0,0,0,0,0,0],"19":[0,0],"20":[0,0,0],"21":[0,0],"22":[0,0],"23":[0,0,0,0],"24":[0,0],"25":[0,0],"26":[0,0],"27":[0,0],"28":[0,0],"29":[0,0],"30":[0,0],"31":[0,0,0,0,0,0,0,0,0,0,0],"32":[0,0],"33":[0,0,0],"34":[0,0],"35":[0,0],"36":[0,0],"37":[0,0],"38":[0,0],"39":[0,0,0,0],"40":[0,0,0,0],"41":[0,0,0,0],"42":[0,0,0,0],"43":[0,0,0,0],"44":[0,0,0,0,0],"45":[0,0]},"inputSourceMap":{"version":3,"file":"C:/Users/educa/Desktop/andela/backend-my-brand/src/controllers/likes.ts","sources":["C:/Users/educa/Desktop/andela/backend-my-brand/src/controllers/likes.ts"],"names":[],"mappings":";;;;;;;;;;;;;;;;;;;;;;;;;;;;;;;;;;;;;;;AACA,yCAAkH;AAClH,yCAA8C;AAC9C,yCAA8C;AAEvC,IAAM,OAAO,GAAG,UAAO,GAAoB,EAAE,GAAqB;;;;;;gBAE3D,KAA4B,GAAG,CAAC,IAAI,EAAnC,oBAAM,EAAE,MAAM,YAAA,EAAE,OAAO,aAAA,CAAa;gBAE3C,IAAG,CAAC,QAAM,IAAI,CAAC,MAAM,IAAI,OAAO,IAAI,IAAI,EAAC,CAAC;oBACtC,sBAAO,GAAG,CAAC,MAAM,CAAC,GAAG,CAAC,CAAC,IAAI,CAAC,EAAC,IAAI,EAAE,yBAAyB,EAAC,CAAC,EAAC;gBACnE,CAAC;qBACE,QAAM,EAAN,wBAAM;gBACc,qBAAM,IAAA,mBAAW,EAAC,QAAM,CAAC,EAAA;;gBAAxC,YAAY,GAAG,SAAyB;gBAC5C,IAAG,CAAC,YAAY,EAAC,CAAC;oBACd,sBAAO,GAAG,CAAC,MAAM,CAAC,GAAG,CAAC,CAAC,IAAI,CAAC,EAAC,OAAO,EAAC,gBAAgB,EAAC,CAAC,EAAA;gBAC3D,CAAC;;;qBAEF,MAAM,EAAN,wBAAM;gBACc,qBAAM,IAAA,mBAAW,EAAC,MAAM,CAAC,EAAA;;gBAAxC,YAAY,GAAG,SAAyB;gBAC5C,IAAG,CAAC,YAAY,EAAC,CAAC;oBACd,sBAAO,GAAG,CAAC,MAAM,CAAC,GAAG,CAAC,CAAC,IAAI,CAAC,EAAC,OAAO,EAAC,gBAAgB,EAAC,CAAC,EAAA;gBAC3D,CAAC;;oBAGiB,qBAAM,IAAA,uBAAe,EAAC,MAAM,CAAC,EAAA;;gBAA/C,eAAe,GAAG,SAA6B;gBAE3C,eAAe,GAAI,eAAe,CAAC,MAAM,CAAC,UAAC,GAAG,IAAK,OAAA,GAAG,CAAC,MAAM,IAAI,QAAM,EAApB,CAAoB,CAAC,CAAA;qBACzE,CAAA,eAAe,CAAC,MAAM,GAAG,CAAC,CAAA,EAA1B,wBAA0B;gBACrB,EAAE,GAAG,eAAe,CAAC,GAAG,CAAC,UAAC,IAAI,IAAI,OAAA,IAAI,CAAC,GAAG,EAAR,CAAQ,CAAC,CAAC,CAAC,CAAC,CAAC,QAAQ,EAAE,CAAA;gBAE1C,qBAAM,IAAA,sBAAc,EAAC,EAAE,CAAC,EAAA;;gBAAtC,WAAW,GAAG,SAAwB;gBAC3C,sBAAO,GAAG,CAAC,MAAM,CAAC,GAAG,CAAC,CAAC,IAAI,CAAC,EAAC,OAAO,EAAC,cAAc,EAAE,MAAM,EAAC,eAAe,CAAC,MAAM,EAAC,CAAC,EAAA;oBAI5E,qBAAM,IAAA,kBAAU,EAAC,EAAC,MAAM,UAAA,EAAE,MAAM,QAAA,EAAE,OAAO,SAAA,EAAC,CAAC,EAAA;;gBAArD,OAAO,GAAG,SAA2C;gBAE3D,sBAAO,GAAG,CAAC,MAAM,CAAC,GAAG,CAAC,CAAC,IAAI,CAAC,EAAC,OAAO,EAAC,YAAY,EAAE,IAAI,EAAG,OAAO,EAAC,CAAC,EAAA;;;gBAEnE,OAAO,CAAC,GAAG,CAAC,OAAO,EAAE,OAAK,CAAC,CAAC;gBAC5B,sBAAO,GAAG,CAAC,UAAU,CAAC,GAAG,CAAC,EAAC;;;;KAElC,CAAA;AAtCY,QAAA,OAAO,WAsCnB;AAGM,IAAM,WAAW,GAAG,UAAO,GAAmB,EAAE,GAAoB;;;;;;gBAEtD,qBAAM,IAAA,eAAO,GAAE,EAAA;;gBAAtB,KAAK,GAAE,SAAe;gBAC5B,sBAAO,GAAG,CAAC,MAAM,CAAC,GAAG,CAAC,CAAC,IAAI,CAAC,KAAK,CAAC,EAAA;;;gBAGlC,OAAO,CAAC,GAAG,CAAC,OAAK,CAAC,CAAA;gBAClB,sBAAO,GAAG,CAAC,UAAU,CAAC,GAAG,CAAC,EAAA;;;;KAEjC,CAAA;AATY,QAAA,WAAW,eASvB;AAEM,IAAM,gBAAgB,GAAG,UAAO,GAAmB,EAAE,GAAoB;;;;;;gBAEjE,EAAE,GAAI,GAAG,CAAC,MAAM,GAAd,CAAe;gBACZ,qBAAM,IAAA,uBAAe,EAAC,EAAE,CAAC,EAAA;;gBAA/B,IAAI,GAAE,SAAyB;gBACrC,sBAAO,GAAG,CAAC,MAAM,CAAC,GAAG,CAAC,CAAC,IAAI,CAAC,EAAC,IAAI,EAAC,6BAA6B,EAAC,IAAI,EAAC,IAAI,EAAC,CAAC,EAAA;;;gBAG3E,OAAO,CAAC,GAAG,CAAC,OAAK,CAAC,CAAA;gBAClB,sBAAO,GAAG,CAAC,MAAM,CAAC,GAAG,CAAC,CAAC,IAAI,CAAC,EAAC,IAAI,EAAC,eAAe,EAAC,CAAC,EAAC;;;;KAE3D,CAAA;AAVY,QAAA,gBAAgB,oBAU5B;AAEM,IAAM,gBAAgB,GAAG,UAAO,GAAmB,EAAE,GAAoB;;;;;;gBAEjE,EAAE,GAAI,GAAG,CAAC,MAAM,GAAd,CAAe;gBACZ,qBAAM,IAAA,uBAAe,EAAC,EAAE,CAAC,EAAA;;gBAA/B,IAAI,GAAE,SAAyB;gBACrC,sBAAO,GAAG,CAAC,MAAM,CAAC,GAAG,CAAC,CAAC,IAAI,CAAC,EAAC,IAAI,EAAC,6BAA6B,EAAC,IAAI,EAAC,IAAI,EAAC,CAAC,EAAA;;;gBAG3E,OAAO,CAAC,GAAG,CAAC,OAAK,CAAC,CAAA;gBAClB,sBAAO,GAAG,CAAC,MAAM,CAAC,GAAG,CAAC,CAAC,IAAI,CAAC,EAAC,IAAI,EAAC,eAAe,EAAC,CAAC,EAAC;;;;KAE3D,CAAA;AAVY,QAAA,gBAAgB,oBAU5B;AAEM,IAAM,cAAc,GAAG,UAAO,GAAmB,EAAE,GAAoB;;;;;;gBAE/D,EAAE,GAAI,GAAG,CAAC,MAAM,GAAd,CAAe;gBACZ,qBAAM,IAAA,mBAAW,EAAC,EAAE,CAAC,EAAA;;gBAA3B,IAAI,GAAE,SAAqB;gBACjC,sBAAO,GAAG,CAAC,MAAM,CAAC,GAAG,CAAC,CAAC,IAAI,CAAC,EAAC,IAAI,EAAC,6BAA6B,EAAC,IAAI,EAAC,IAAI,EAAC,CAAC,EAAA;;;gBAG3E,OAAO,CAAC,GAAG,CAAC,OAAK,CAAC,CAAA;gBAClB,sBAAO,GAAG,CAAC,MAAM,CAAC,GAAG,CAAC,CAAC,IAAI,CAAC,EAAC,IAAI,EAAC,eAAe,EAAC,CAAC,EAAC;;;;KAE3D,CAAA;AAVY,QAAA,cAAc,kBAU1B;AAEM,IAAM,UAAU,GAAG,UAAO,GAAmB,EAAE,GAAoB;;;;;;gBAG3D,EAAE,GAAI,GAAG,CAAC,MAAM,GAAd,CAAe;gBACJ,qBAAM,IAAA,sBAAc,EAAC,EAAE,CAAC,EAAA;;gBAAtC,WAAW,GAAG,SAAwB;gBAE5C,sBAAO,GAAG,CAAC,MAAM,CAAC,GAAG,CAAC,CAAC,IAAI,CAAC,WAAW,CAAC,EAAA;;;gBAExC,OAAO,CAAC,GAAG,CAAC,OAAK,CAAC,CAAA;gBAClB,sBAAO,GAAG,CAAC,UAAU,CAAC,GAAG,CAAC,EAAC;;;;KAElC,CAAA;AAXY,QAAA,UAAU,cAWtB;AAGM,IAAM,UAAU,GAAG,UAAO,GAAmB,EAAE,GAAoB;;;;;;gBAE3D,EAAE,GAAI,GAAG,CAAC,MAAM,GAAd,CAAe;gBACjB,OAAO,GAAI,GAAG,CAAC,IAAI,QAAZ,CAAa;gBAE3B,IAAG,OAAO,IAAI,IAAI,EAAC,CAAC;oBAChB,sBAAO,GAAG,CAAC,UAAU,CAAC,GAAG,CAAC,EAAA;gBAC9B,CAAC;gBAEY,qBAAM,IAAA,mBAAW,EAAC,EAAE,CAAC,EAAA;;gBAA5B,IAAI,GAAG,SAAqB;gBAElC,IAAI,CAAC,OAAO,GAAG,OAAO,CAAC;gBACvB,qBAAM,IAAI,CAAC,IAAI,EAAE,EAAA;;gBAAjB,SAAiB,CAAC;gBAClB,+CAA+C;gBAC/C,sBAAO,GAAG,CAAC,UAAU,CAAC,GAAG,CAAC,EAAC;;;gBAE3B,OAAO,CAAC,GAAG,CAAC,OAAK,CAAC,CAAA;gBAClB,sBAAO,GAAG,CAAC,UAAU,CAAC,GAAG,CAAC,EAAC;;;;KAElC,CAAA;AAnBY,QAAA,UAAU,cAmBtB","sourcesContent":["import express from 'express'\r\nimport {getLikeByUserId, getLikeByBlogId, createLike, getLike, getLikeById, deleteLikeById} from \"../schema/likes\"\r\nimport { getUserById } from '../schema/users';\r\nimport { getBlogById } from '../schema/blogs';\r\n\r\nexport const addLike = async (req: express.Request, res: express.Response) =>{\r\n    try{\r\n        const {userId, blogId, isLiked} = req.body;\r\n\r\n        if(!userId || !blogId || isLiked == null){\r\n            return res.status(400).send({Like: \"All Fields are required\"});\r\n        }\r\n        if(userId){\r\n            let existingUser = await getUserById(userId);\r\n            if(!existingUser){\r\n                return res.status(404).send({message:\"User Not Found\"})\r\n            }\r\n        }\r\n        if(blogId){\r\n            let existingBlog = await getBlogById(blogId);\r\n            if(!existingBlog){\r\n                return res.status(404).send({message:\"Blog Not Found\"})\r\n            }\r\n        }\r\n\r\n        let blogLikedByUser = await getLikeByBlogId(blogId) ;\r\n        \r\n            let isThisBlogLiked =  blogLikedByUser.filter((com) => com.userId == userId)\r\n            if(isThisBlogLiked.length > 0){\r\n                let id = isThisBlogLiked.map((item)=> item._id)[0].toString()\r\n                // let id = isThisBlogLiked._id.toString()\r\n                 let deletedLike = await deleteLikeById(id);\r\n                return res.status(400).send({message:\"Like deleted\", length:isThisBlogLiked.length})\r\n            }\r\n        \r\n \r\n        const newLike = await createLike({userId, blogId, isLiked})\r\n\r\n        return res.status(200).send({Message:\"Like Added\", like : newLike})\r\n    } catch(error){\r\n        console.log('error', error);\r\n        return res.sendStatus(400);\r\n    }\r\n}\r\n\r\n\r\nexport const getAllLikes = async (req:express.Request, res:express.Response)=>{\r\n    try{\r\n        const Likes =await getLike();\r\n        return res.status(200).json(Likes) \r\n    } \r\n    catch(error){\r\n        console.log(error)\r\n        return res.sendStatus(400)\r\n    }\r\n}\r\n\r\nexport const getLikesByUserId = async (req:express.Request, res:express.Response)=>{\r\n    try{\r\n        const {id} = req.params;\r\n        const Like =await getLikeByUserId(id);\r\n        return res.status(200).send({Like:\"Like retrieved successfully\",data:Like})\r\n    } \r\n    catch(error){\r\n        console.log(error)\r\n        return res.status(400).send({Like:\"Error Occured\"});\r\n    }\r\n}\r\n\r\nexport const getLikesByBlogId = async (req:express.Request, res:express.Response)=>{\r\n    try{\r\n        const {id} = req.params;\r\n        const Like =await getLikeByBlogId(id);\r\n        return res.status(200).send({Like:\"Like retrieved successfully\",data:Like})\r\n    } \r\n    catch(error){\r\n        console.log(error)\r\n        return res.status(400).send({Like:\"Error Occured\"});\r\n    }\r\n}\r\n\r\nexport const getOneLikeById = async (req:express.Request, res:express.Response)=>{\r\n    try{\r\n        const {id} = req.params;\r\n        const Like =await getLikeById(id);\r\n        return res.status(200).send({Like:\"Like retrieved successfully\",data:Like})\r\n    } \r\n    catch(error){\r\n        console.log(error)\r\n        return res.status(400).send({Like:\"Error Occured\"});\r\n    }\r\n}\r\n\r\nexport const deleteLike = async (req:express.Request, res:express.Response)=>{\r\n    try{\r\n\r\n        const {id} = req.params;\r\n        const deletedLike = await deleteLikeById(id);\r\n\r\n        return res.status(200).json(deletedLike)\r\n    }catch(error){\r\n        console.log(error)\r\n        return res.sendStatus(400);\r\n    }\r\n}\r\n\r\n\r\nexport const updateLike = async (req:express.Request, res:express.Response)=>{\r\n    try{\r\n        const {id} = req.params;\r\n        const {isLiked} = req.body;\r\n\r\n        if(isLiked == null){\r\n            return res.sendStatus(400)\r\n        }\r\n\r\n        const Like = await getLikeById(id);\r\n\r\n        Like.isLiked = isLiked;\r\n        await Like.save();\r\n        // return res.sendStatus(200).json(Like).end();\r\n        return res.sendStatus(200);\r\n    }catch(error){\r\n        console.log(error)\r\n        return res.sendStatus(400); \r\n    }\r\n}\r\n "]},"_coverageSchema":"1a1c01bbd47fc00a2c39e90264f33305004495a9","hash":"450ae5c5d68cf30365dad09f4d80e4f574f2de64","contentHash":"abacecf7be81cc4d522834470346cb28c7278bbc0f8c06e829fb07b01a80b4b9"},"C:\\Users\\educa\\Desktop\\andela\\backend-my-brand\\src\\schema\\likes.ts":{"path":"C:\\Users\\educa\\Desktop\\andela\\backend-my-brand\\src\\schema\\likes.ts","statementMap":{"0":{"start":{"line":2,"column":22},"end":{"line":4,"column":1}},"1":{"start":{"line":3,"column":4},"end":{"line":3,"column":62}},"2":{"start":{"line":5,"column":0},"end":{"line":5,"column":62}},"3":{"start":{"line":6,"column":0},"end":{"line":6,"column":190}},"4":{"start":{"line":7,"column":17},"end":{"line":7,"column":53}},"5":{"start":{"line":8,"column":17},"end":{"line":22,"column":2}},"6":{"start":{"line":23,"column":0},"end":{"line":23,"column":65}},"7":{"start":{"line":24,"column":14},"end":{"line":24,"column":62}},"8":{"start":{"line":24,"column":28},"end":{"line":24,"column":60}},"9":{"start":{"line":25,"column":0},"end":{"line":25,"column":26}},"10":{"start":{"line":26,"column":22},"end":{"line":26,"column":86}},"11":{"start":{"line":26,"column":38},"end":{"line":26,"column":84}},"12":{"start":{"line":27,"column":0},"end":{"line":27,"column":42}},"13":{"start":{"line":28,"column":22},"end":{"line":28,"column":86}},"14":{"start":{"line":28,"column":38},"end":{"line":28,"column":84}},"15":{"start":{"line":29,"column":0},"end":{"line":29,"column":42}},"16":{"start":{"line":30,"column":18},"end":{"line":30,"column":74}},"17":{"start":{"line":30,"column":34},"end":{"line":30,"column":72}},"18":{"start":{"line":31,"column":0},"end":{"line":31,"column":34}},"19":{"start":{"line":32,"column":17},"end":{"line":33,"column":57}},"20":{"start":{"line":32,"column":37},"end":{"line":33,"column":55}},"21":{"start":{"line":33,"column":28},"end":{"line":33,"column":51}},"22":{"start":{"line":34,"column":0},"end":{"line":34,"column":32}},"23":{"start":{"line":35,"column":21},"end":{"line":35,"column":94}},"24":{"start":{"line":35,"column":37},"end":{"line":35,"column":92}},"25":{"start":{"line":36,"column":0},"end":{"line":36,"column":40}},"26":{"start":{"line":37,"column":21},"end":{"line":37,"column":102}},"27":{"start":{"line":37,"column":45},"end":{"line":37,"column":100}},"28":{"start":{"line":38,"column":0},"end":{"line":38,"column":40}}},"fnMap":{"0":{"name":"(anonymous_0)","decl":{"start":{"line":2,"column":56},"end":{"line":2,"column":57}},"loc":{"start":{"line":2,"column":71},"end":{"line":4,"column":1}},"line":2},"1":{"name":"(anonymous_1)","decl":{"start":{"line":24,"column":14},"end":{"line":24,"column":15}},"loc":{"start":{"line":24,"column":26},"end":{"line":24,"column":62}},"line":24},"2":{"name":"(anonymous_2)","decl":{"start":{"line":26,"column":22},"end":{"line":26,"column":23}},"loc":{"start":{"line":26,"column":36},"end":{"line":26,"column":86}},"line":26},"3":{"name":"(anonymous_3)","decl":{"start":{"line":28,"column":22},"end":{"line":28,"column":23}},"loc":{"start":{"line":28,"column":36},"end":{"line":28,"column":86}},"line":28},"4":{"name":"(anonymous_4)","decl":{"start":{"line":30,"column":18},"end":{"line":30,"column":19}},"loc":{"start":{"line":30,"column":32},"end":{"line":30,"column":74}},"line":30},"5":{"name":"(anonymous_5)","decl":{"start":{"line":32,"column":17},"end":{"line":32,"column":18}},"loc":{"start":{"line":32,"column":35},"end":{"line":33,"column":57}},"line":32},"6":{"name":"(anonymous_6)","decl":{"start":{"line":33,"column":10},"end":{"line":33,"column":11}},"loc":{"start":{"line":33,"column":26},"end":{"line":33,"column":53}},"line":33},"7":{"name":"(anonymous_7)","decl":{"start":{"line":35,"column":21},"end":{"line":35,"column":22}},"loc":{"start":{"line":35,"column":35},"end":{"line":35,"column":94}},"line":35},"8":{"name":"(anonymous_8)","decl":{"start":{"line":37,"column":21},"end":{"line":37,"column":22}},"loc":{"start":{"line":37,"column":43},"end":{"line":37,"column":102}},"line":37}},"branchMap":{"0":{"loc":{"start":{"line":2,"column":22},"end":{"line":4,"column":1}},"type":"binary-expr","locations":[{"start":{"line":2,"column":23},"end":{"line":2,"column":27}},{"start":{"line":2,"column":31},"end":{"line":2,"column":51}},{"start":{"line":2,"column":56},"end":{"line":4,"column":1}}],"line":2},"1":{"loc":{"start":{"line":3,"column":11},"end":{"line":3,"column":61}},"type":"cond-expr","locations":[{"start":{"line":3,"column":37},"end":{"line":3,"column":40}},{"start":{"line":3,"column":43},"end":{"line":3,"column":61}}],"line":3},"2":{"loc":{"start":{"line":3,"column":12},"end":{"line":3,"column":33}},"type":"binary-expr","locations":[{"start":{"line":3,"column":12},"end":{"line":3,"column":15}},{"start":{"line":3,"column":19},"end":{"line":3,"column":33}}],"line":3}},"s":{"0":1,"1":1,"2":1,"3":1,"4":1,"5":1,"6":1,"7":1,"8":0,"9":1,"10":1,"11":0,"12":1,"13":1,"14":0,"15":1,"16":1,"17":0,"18":1,"19":1,"20":0,"21":0,"22":1,"23":1,"24":0,"25":1,"26":1,"27":0,"28":1},"f":{"0":1,"1":0,"2":0,"3":0,"4":0,"5":0,"6":0,"7":0,"8":0},"b":{"0":[1,1,1],"1":[0,1],"2":[1,1]},"inputSourceMap":{"version":3,"file":"C:/Users/educa/Desktop/andela/backend-my-brand/src/schema/likes.ts","sources":["C:/Users/educa/Desktop/andela/backend-my-brand/src/schema/likes.ts"],"names":[],"mappings":";;;;;;AACA,sDAAgC;AAEhC,IAAM,UAAU,GAAG,IAAI,kBAAQ,CAAC,MAAM,CAAC;IACnC,MAAM,EAAC;QACH,IAAI,EAAE,kBAAQ,CAAC,MAAM,CAAC,KAAK,CAAC,QAAQ;QACpC,GAAG,EAAE,MAAM;QACX,QAAQ,EAAE,IAAI;KACf;IACD,MAAM,EAAC;QACL,IAAI,EAAE,kBAAQ,CAAC,MAAM,CAAC,KAAK,CAAC,QAAQ;QACpC,GAAG,EAAE,MAAM;QACX,QAAQ,EAAE,IAAI;KACf;IACD,OAAO,EAAC,EAAE,IAAI,EAAE,OAAO,EAAE,QAAQ,EAAE,IAAI,EAAE;CAC9C,EACD;IACI,UAAU,EAAE,IAAI;CACjB,CAAC,CAAA;AAES,QAAA,SAAS,GAAG,kBAAQ,CAAC,KAAK,CAAC,MAAM,EAAE,UAAU,CAAC,CAAA;AAEpD,IAAM,OAAO,GAAG,cAAM,OAAA,iBAAS,CAAC,IAAI,EAAE,EAAhB,CAAgB,CAAC;AAAjC,QAAA,OAAO,WAA0B;AAEvC,IAAM,eAAe,GAAG,UAAC,EAAS,IAAK,OAAA,iBAAS,CAAC,IAAI,CAAC,EAAC,MAAM,EAAC,EAAE,EAAC,CAAC,EAA3B,CAA2B,CAAC;AAA7D,QAAA,eAAe,mBAA8C;AAEnE,IAAM,eAAe,GAAG,UAAC,EAAS,IAAK,OAAA,iBAAS,CAAC,IAAI,CAAC,EAAC,MAAM,EAAC,EAAE,EAAC,CAAC,EAA3B,CAA2B,CAAC;AAA7D,QAAA,eAAe,mBAA8C;AAEnE,IAAM,WAAW,GAAG,UAAC,EAAS,IAAK,OAAA,iBAAS,CAAC,QAAQ,CAAC,EAAE,CAAC,EAAtB,CAAsB,CAAC;AAApD,QAAA,WAAW,eAAyC;AAE1D,IAAM,UAAU,GAAG,UAAC,MAA0B,IAAK,OAAA,IAAI,iBAAS,CAAC,MAAM,CAAC,CAAC,IAAI,EAAE;KACrF,IAAI,CAAC,UAAC,IAAI,IAAG,OAAA,IAAI,CAAC,QAAQ,EAAE,EAAf,CAAe,CAAC,EAD4B,CAC5B,CAAC;AADlB,QAAA,UAAU,cACQ;AAExB,IAAM,cAAc,GAAG,UAAC,EAAS,IAAI,OAAA,iBAAS,CAAC,gBAAgB,CAAC,EAAC,GAAG,EAAC,EAAE,EAAC,CAAC,EAApC,CAAoC,CAAC;AAApE,QAAA,cAAc,kBAAsD;AAE1E,IAAM,cAAc,GAAG,UAAC,EAAS,EAAE,MAA2B,IAAK,OAAA,iBAAS,CAAC,iBAAiB,CAAC,EAAE,EAAE,MAAM,CAAC,EAAvC,CAAuC,CAAC;AAArG,QAAA,cAAc,kBAAuF","sourcesContent":["import { Timestamp } from \"mongodb\";\r\nimport mongoose from \"mongoose\";\r\n\r\nconst LikeSchema = new mongoose.Schema({\r\n    blogId:{\r\n        type: mongoose.Schema.Types.ObjectId,\r\n        ref: \"Blog\",\r\n        required: true,\r\n      },\r\n      userId:{\r\n        type: mongoose.Schema.Types.ObjectId,\r\n        ref: \"User\",\r\n        required: true,\r\n      },\r\n      isLiked:{ type: Boolean, required: true }\r\n},\r\n{\r\n    timestamps: true,\r\n  })\r\n\r\nexport const LikeModel = mongoose.model('Like', LikeSchema)\r\n\r\nexport const getLike = () => LikeModel.find();\r\n\r\nexport const getLikeByUserId = (id:string) => LikeModel.find({userId:id});\r\n\r\nexport const getLikeByBlogId = (id:string) => LikeModel.find({blogId:id});\r\n\r\nexport const getLikeById = (id:string) => LikeModel.findById(id);\r\n\r\nexport const createLike = (values:Record<string, any>) => new LikeModel(values).save()\r\n.then((Like)=>Like.toObject());\r\n\r\nexport const deleteLikeById = (id:string)=> LikeModel.findOneAndDelete({_id:id});\r\n\r\nexport const updateLikeById = (id:string, values: Record<string, any>) => LikeModel.findByIdAndUpdate(id, values);"]},"_coverageSchema":"1a1c01bbd47fc00a2c39e90264f33305004495a9","hash":"5c90d570e4406582ffeb643bb48d2b44f5fa763c","contentHash":"667df17b41b6c4fe66b8064b430e2c91a298099e1a71ca718f824d19af046656"}}